You can use 4 GPUs!
-------------
Epoch 1/150
-------------
（train）
-------------
epoch 1 || Epoch_Loss:313.8225607242225
-------------
Epoch 2/150
-------------
（train）
-------------
epoch 2 || Epoch_Loss:286.2237678383882
-------------
Epoch 3/150
-------------
（train）
-------------
epoch 3 || Epoch_Loss:284.55350364829013
-------------
Epoch 4/150
-------------
（train）
-------------
epoch 4 || Epoch_Loss:285.5448337770858
-------------
Epoch 5/150
-------------
（train）
-------------
epoch 5 || Epoch_Loss:283.99254075536186
-------------
Epoch 6/150
-------------
（train）
-------------
epoch 6 || Epoch_Loss:283.3441565171727
-------------
Epoch 7/150
-------------
（train）
-------------
epoch 7 || Epoch_Loss:281.53036009590585
-------------
Epoch 8/150
-------------
（train）
-------------
epoch 8 || Epoch_Loss:280.7758754514299
-------------
Epoch 9/150
-------------
（train）
-------------
epoch 9 || Epoch_Loss:281.6651216902822
-------------
Epoch 10/150
-------------
（train）
-------------
epoch 10 || Epoch_Loss:280.3919657581257
-------------
Epoch 11/150
-------------
（train）
-------------
epoch 11 || Epoch_Loss:280.18422022405656
-------------
Epoch 12/150
-------------
（train）
-------------
epoch 12 || Epoch_Loss:279.847406639243
-------------
Epoch 13/150
-------------
（train）
-------------
epoch 13 || Epoch_Loss:279.0556997623084
-------------
Epoch 14/150
-------------
（train）
-------------
epoch 14 || Epoch_Loss:278.72637363649767
-------------
Epoch 15/150
-------------
（train）
-------------
epoch 15 || Epoch_Loss:278.69073946970815
-------------
Epoch 16/150
-------------
（train）
-------------
epoch 16 || Epoch_Loss:279.3292630753427
-------------
Epoch 17/150
-------------
（train）
-------------
epoch 17 || Epoch_Loss:278.4197537404186
-------------
Epoch 18/150
-------------
（train）
-------------
epoch 18 || Epoch_Loss:278.5195917093529
-------------
Epoch 19/150
-------------
（train）
-------------
epoch 19 || Epoch_Loss:278.50339637612393
-------------
Epoch 20/150
-------------
（train）
-------------
epoch 20 || Epoch_Loss:277.75248631891213
-------------
Epoch 21/150
-------------
（train）
-------------
epoch 21 || Epoch_Loss:277.5286090778854
-------------
Epoch 22/150
-------------
（train）
-------------
epoch 22 || Epoch_Loss:277.5679373111365
-------------
Epoch 23/150
-------------
（train）
-------------
epoch 23 || Epoch_Loss:278.0384037809552
-------------
Epoch 24/150
-------------
（train）
-------------
epoch 24 || Epoch_Loss:277.6234692267652
-------------
Epoch 25/150
-------------
（train）
-------------
epoch 25 || Epoch_Loss:277.52638719666686
-------------
Epoch 26/150
-------------
（train）
-------------
epoch 26 || Epoch_Loss:277.22626423385907
-------------
Epoch 27/150
-------------
（train）
-------------
epoch 27 || Epoch_Loss:278.163567884913
-------------
Epoch 28/150
-------------
（train）
-------------
epoch 28 || Epoch_Loss:278.8374777739902
-------------
Epoch 29/150
-------------
（train）
-------------
epoch 29 || Epoch_Loss:277.8152422635061
-------------
Epoch 30/150
-------------
（train）
-------------
epoch 30 || Epoch_Loss:277.3527443363981
-------------
Epoch 31/150
-------------
（train）
-------------
epoch 31 || Epoch_Loss:277.544141661446
-------------
Epoch 32/150
-------------
（train）
-------------
epoch 32 || Epoch_Loss:277.68533929788845
-------------
Epoch 33/150
-------------
（train）
-------------
epoch 33 || Epoch_Loss:277.22208303775426
-------------
Epoch 34/150
-------------
（train）
-------------
epoch 34 || Epoch_Loss:277.2989870467276
-------------
Epoch 35/150
-------------
（train）
-------------
epoch 35 || Epoch_Loss:276.97879719284344
-------------
Epoch 36/150
-------------
（train）
-------------
epoch 36 || Epoch_Loss:276.3203231523622
-------------
Epoch 37/150
-------------
（train）
-------------
epoch 37 || Epoch_Loss:276.2197259866966
-------------
Epoch 38/150
-------------
（train）
-------------
epoch 38 || Epoch_Loss:277.04651828981804
-------------
Epoch 39/150
-------------
（train）
-------------
epoch 39 || Epoch_Loss:276.1651893471771
-------------
Epoch 40/150
-------------
（train）
-------------
epoch 40 || Epoch_Loss:276.92756480091015
-------------
Epoch 41/150
-------------
（train）
-------------
epoch 41 || Epoch_Loss:278.2256394872125
-------------
Epoch 42/150
-------------
（train）
-------------
epoch 42 || Epoch_Loss:276.80659340912445
-------------
Epoch 43/150
-------------
（train）
-------------
epoch 43 || Epoch_Loss:277.02920244324883
-------------
Epoch 44/150
-------------
（train）
-------------
epoch 44 || Epoch_Loss:276.43657929042587
-------------
Epoch 45/150
-------------
（train）
-------------
epoch 45 || Epoch_Loss:275.6558613327315
-------------
Epoch 46/150
-------------
（train）
-------------
epoch 46 || Epoch_Loss:275.8619045041642
-------------
Epoch 47/150
-------------
（train）
-------------
epoch 47 || Epoch_Loss:275.53777961011207
-------------
Epoch 48/150
-------------
（train）
-------------
epoch 48 || Epoch_Loss:275.3270534299455
-------------
Epoch 49/150
-------------
（train）
-------------
epoch 49 || Epoch_Loss:275.50441410856416
-------------
Epoch 50/150
-------------
（train）
-------------
epoch 50 || Epoch_Loss:275.6209305097472
-------------
Epoch 51/150
-------------
（train）
-------------
epoch 51 || Epoch_Loss:275.5670488465506
-------------
Epoch 52/150
-------------
（train）
-------------
epoch 52 || Epoch_Loss:275.091280667287
-------------
Epoch 53/150
-------------
（train）
-------------
epoch 53 || Epoch_Loss:275.46214899027126
-------------
Epoch 54/150
-------------
（train）
-------------
epoch 54 || Epoch_Loss:275.1785312868514
-------------
Epoch 55/150
-------------
（train）
-------------
epoch 55 || Epoch_Loss:274.84316037735846
-------------
Epoch 56/150
-------------
（train）
-------------
epoch 56 || Epoch_Loss:275.4357435118477
-------------
Epoch 57/150
-------------
（train）
-------------
epoch 57 || Epoch_Loss:274.6646581685768
-------------
Epoch 58/150
-------------
（train）
-------------
epoch 58 || Epoch_Loss:274.55763618901096
-------------
Epoch 59/150
-------------
（train）
-------------
epoch 59 || Epoch_Loss:275.1552745891068
-------------
Epoch 60/150
-------------
（train）
-------------
epoch 60 || Epoch_Loss:274.3642701922722
-------------
Epoch 61/150
-------------
（train）
-------------
epoch 61 || Epoch_Loss:274.51371937877724
-------------
Epoch 62/150
-------------
（train）
-------------
epoch 62 || Epoch_Loss:274.04081294221703
-------------
Epoch 63/150
-------------
（train）
-------------
epoch 63 || Epoch_Loss:273.70590613023296
-------------
Epoch 64/150
-------------
（train）
-------------
epoch 64 || Epoch_Loss:273.5042275482754
-------------
Epoch 65/150
-------------
（train）
-------------
epoch 65 || Epoch_Loss:274.4690183243662
-------------
Epoch 66/150
-------------
（train）
-------------
epoch 66 || Epoch_Loss:274.47037175016584
-------------
Epoch 67/150
-------------
（train）
-------------
epoch 67 || Epoch_Loss:273.8420208625075
-------------
Epoch 68/150
-------------
（train）
-------------
epoch 68 || Epoch_Loss:274.5601651173718
-------------
Epoch 69/150
-------------
（train）
-------------
epoch 69 || Epoch_Loss:273.31847050504865
-------------
Epoch 70/150
-------------
（train）
-------------
epoch 70 || Epoch_Loss:273.9601831975973
-------------
Epoch 71/150
-------------
（train）
-------------
epoch 71 || Epoch_Loss:274.06612554586155
-------------
Epoch 72/150
-------------
（train）
-------------
epoch 72 || Epoch_Loss:273.6169145692069
-------------
Epoch 73/150
-------------
（train）
-------------
epoch 73 || Epoch_Loss:273.26595464742417
-------------
Epoch 74/150
-------------
（train）
-------------
epoch 74 || Epoch_Loss:274.1884892301739
-------------
Epoch 75/150
-------------
（train）
-------------
epoch 75 || Epoch_Loss:273.65186583321054
-------------
Epoch 76/150
-------------
（train）
-------------/home/habara/anaconda3/envs/crowd/lib/python3.6/site-packages/torch/nn/functional.py:3121: UserWarning: Default upsampling behavior when mode=bilinear is changed to align_corners=False since 0.4.0. Please specify align_corners=True if the old behavior is desired. See the documentation of nn.Upsample for details.
  "See the documentation of nn.Upsample for details.".format(mode))

epoch 76 || Epoch_Loss:273.47661432230245
-------------
Epoch 77/150
-------------
（train）
-------------
epoch 77 || Epoch_Loss:273.83516851461167
-------------
Epoch 78/150
-------------
（train）
-------------
epoch 78 || Epoch_Loss:273.2266983895932
-------------
Epoch 79/150
-------------
（train）
-------------
epoch 79 || Epoch_Loss:273.0927927269126
-------------
Epoch 80/150
-------------
（train）
-------------
epoch 80 || Epoch_Loss:273.05726911436847
-------------
Epoch 81/150
-------------
（train）
-------------
epoch 81 || Epoch_Loss:273.0624257213665
-------------
Epoch 82/150
-------------
（train）
-------------
epoch 82 || Epoch_Loss:272.8071139353626
-------------
Epoch 83/150
-------------
（train）
-------------
epoch 83 || Epoch_Loss:273.4222334375922
-------------
Epoch 84/150
-------------
（train）
-------------
epoch 84 || Epoch_Loss:273.5906035225347
-------------
Epoch 85/150
-------------
（train）
-------------
epoch 85 || Epoch_Loss:273.32760389795834
-------------
Epoch 86/150
-------------
（train）
-------------
epoch 86 || Epoch_Loss:273.99039790315453
-------------
Epoch 87/150
-------------
（train）
-------------
epoch 87 || Epoch_Loss:272.9718282447671
-------------
Epoch 88/150
-------------
（train）
-------------
epoch 88 || Epoch_Loss:273.1355749166237
-------------
Epoch 89/150
-------------
（train）
-------------
epoch 89 || Epoch_Loss:272.86998302531697
-------------
Epoch 90/150
-------------
（train）
-------------
epoch 90 || Epoch_Loss:273.27704605966244
-------------
Epoch 91/150
-------------
（train）
-------------
epoch 91 || Epoch_Loss:272.7666985853663
-------------
Epoch 92/150
-------------
（train）
-------------
epoch 92 || Epoch_Loss:272.5261253500885
-------------
Epoch 93/150
-------------
（train）
-------------
epoch 93 || Epoch_Loss:273.5103543839365
-------------
Epoch 94/150
-------------
（train）
-------------
epoch 94 || Epoch_Loss:273.2046111484744
-------------
Epoch 95/150
-------------
（train）
-------------
epoch 95 || Epoch_Loss:272.7446513625811
-------------
Epoch 96/150
-------------
（train）
-------------
epoch 96 || Epoch_Loss:272.96713055304764
-------------
Epoch 97/150
-------------
（train）
-------------
epoch 97 || Epoch_Loss:276.21889625405373
-------------
Epoch 98/150
-------------
（train）
-------------
epoch 98 || Epoch_Loss:275.00205878491676
-------------
Epoch 99/150
-------------
（train）
-------------
epoch 99 || Epoch_Loss:273.86987160736663
-------------
Epoch 100/150
-------------
（train）
-------------
epoch 100 || Epoch_Loss:273.38166693921346
-------------
Epoch 101/150
-------------
（train）
-------------
epoch 101 || Epoch_Loss:272.8794595970298
-------------
Epoch 102/150
-------------
（train）
-------------
epoch 102 || Epoch_Loss:273.40399054761207
-------------
Epoch 103/150
-------------
（train）
-------------
epoch 103 || Epoch_Loss:273.1273633848945
-------------
Epoch 104/150
-------------
（train）
-------------
epoch 104 || Epoch_Loss:273.02029073463297
-------------
Epoch 105/150
-------------
（train）
-------------
epoch 105 || Epoch_Loss:272.7830136856943
-------------
Epoch 106/150
-------------
（train）
-------------
epoch 106 || Epoch_Loss:272.8206199789947
-------------
Epoch 107/150
-------------
（train）
-------------
epoch 107 || Epoch_Loss:273.7608078290831
-------------
Epoch 108/150
-------------
（train）
-------------
epoch 108 || Epoch_Loss:273.5902859669811
-------------
Epoch 109/150
-------------
（train）
-------------
epoch 109 || Epoch_Loss:273.1241385981721
-------------
Epoch 110/150
-------------
（train）
-------------
epoch 110 || Epoch_Loss:272.9044557967277
-------------
Epoch 111/150
-------------
（train）
-------------
epoch 111 || Epoch_Loss:273.0002570962005
-------------
Epoch 112/150
-------------
（train）
-------------
epoch 112 || Epoch_Loss:273.4192522156914
-------------
Epoch 113/150
-------------
（train）
-------------
epoch 113 || Epoch_Loss:272.8108932207216
-------------
Epoch 114/150
-------------
（train）
-------------
epoch 114 || Epoch_Loss:272.78551209647696
-------------
Epoch 115/150
-------------
（train）
-------------
epoch 115 || Epoch_Loss:272.71529633144166
-------------
Epoch 116/150
-------------
（train）
-------------
epoch 116 || Epoch_Loss:272.8770282673386
-------------
Epoch 117/150
-------------
（train）
-------------
epoch 117 || Epoch_Loss:272.8465394793816
-------------
Epoch 118/150
-------------
（train）
-------------
epoch 118 || Epoch_Loss:272.52345045557564
-------------
Epoch 119/150
-------------
（train）
-------------
epoch 119 || Epoch_Loss:272.7372318483748
-------------
Epoch 120/150
-------------
（train）
-------------
epoch 120 || Epoch_Loss:273.0783118481907
-------------
Epoch 121/150
-------------
（train）
-------------
epoch 121 || Epoch_Loss:273.0626839691737
-------------
Epoch 122/150
-------------
（train）
-------------
epoch 122 || Epoch_Loss:272.5555244301851
-------------
Epoch 123/150
-------------
（train）
-------------
epoch 123 || Epoch_Loss:273.24233951208726
-------------
Epoch 124/150
-------------
（train）
-------------
epoch 124 || Epoch_Loss:274.79997426158985
-------------
Epoch 125/150
-------------
（train）
-------------
epoch 125 || Epoch_Loss:273.37205562951436
-------------
Epoch 126/150
-------------
（train）
-------------
epoch 126 || Epoch_Loss:272.57868208975157
-------------
Epoch 127/150
-------------
（train）
-------------
epoch 127 || Epoch_Loss:273.4788973826283
-------------
Epoch 128/150
-------------
（train）
-------------
epoch 128 || Epoch_Loss:272.8640335370909
-------------
Epoch 129/150
-------------
（train）
-------------
epoch 129 || Epoch_Loss:273.1314464065263
-------------
Epoch 130/150
-------------
（train）
-------------
epoch 130 || Epoch_Loss:272.9962238815594
-------------
Epoch 131/150
-------------
（train）
-------------
epoch 131 || Epoch_Loss:272.5072015726341
-------------
Epoch 132/150
-------------
（train）
-------------
epoch 132 || Epoch_Loss:272.7010236056346
-------------
Epoch 133/150
-------------
（train）
-------------
epoch 133 || Epoch_Loss:272.7833490911519
-------------
Epoch 134/150
-------------
（train）
-------------
epoch 134 || Epoch_Loss:273.46062023234816
-------------
Epoch 135/150
-------------
（train）
-------------
epoch 135 || Epoch_Loss:272.8158750713996
-------------
Epoch 136/150
-------------
（train）
-------------
epoch 136 || Epoch_Loss:272.63535006541133
-------------
Epoch 137/150
-------------
（train）
-------------
epoch 137 || Epoch_Loss:273.0869016827277
-------------
Epoch 138/150
-------------
（train）
-------------
epoch 138 || Epoch_Loss:272.6081885571749
-------------
Epoch 139/150
-------------
（train）
-------------
epoch 139 || Epoch_Loss:273.127517988097
-------------
Epoch 140/150
-------------
（train）
-------------
epoch 140 || Epoch_Loss:272.9277467547722
-------------
Epoch 141/150
-------------
（train）
-------------
epoch 141 || Epoch_Loss:272.59743744472286
-------------
Epoch 142/150
-------------
（train）
-------------
epoch 142 || Epoch_Loss:272.4286300371278
-------------
Epoch 143/150
-------------
（train）
-------------
epoch 143 || Epoch_Loss:272.8186875829156
-------------
Epoch 144/150
-------------
（train）
-------------
epoch 144 || Epoch_Loss:272.3863443338647
-------------
Epoch 145/150
-------------
（train）
-------------
epoch 145 || Epoch_Loss:272.9340293452424
-------------
Epoch 146/150
-------------
（train）
-------------
epoch 146 || Epoch_Loss:272.8396453857423
-------------
Epoch 147/150
-------------
（train）
-------------
epoch 147 || Epoch_Loss:272.7337013100678
-------------
Epoch 148/150
-------------
（train）
-------------
epoch 148 || Epoch_Loss:272.78054521668633
-------------
Epoch 149/150
-------------
（train）
-------------
epoch 149 || Epoch_Loss:273.0129889722141
-------------
Epoch 150/150
-------------
（train）
-------------
epoch 150 || Epoch_Loss:272.7821614967202
Training Done!!
