You can use 4 GPUs!
***Not Using Optical Loss***
-------------
Epoch 1/150
-------------
（train）
-------------
epoch 1 || Epoch_Loss:309.4604616518374
-------------
Epoch 2/150
-------------
（train）
/home/habara/anaconda3/envs/crowd/lib/python3.6/site-packages/torch/nn/functional.py:3121: UserWarning: Default upsampling behavior when mode=bilinear is changed to align_corners=False since 0.4.0. Please specify align_corners=True if the old behavior is desired. See the documentation of nn.Upsample for details.
  "See the documentation of nn.Upsample for details.".format(mode))
-------------
epoch 2 || Epoch_Loss:282.7849147937916
-------------
Epoch 3/150
-------------
（train）
-------------
epoch 3 || Epoch_Loss:281.14737108018664
-------------
Epoch 4/150
-------------
（train）
-------------
epoch 4 || Epoch_Loss:282.54583542435256
-------------
Epoch 5/150
-------------
（train）
-------------
epoch 5 || Epoch_Loss:278.77925392433445
-------------
Epoch 6/150
-------------
（train）
-------------
epoch 6 || Epoch_Loss:278.2850446347837
-------------
Epoch 7/150
-------------
（train）
-------------
epoch 7 || Epoch_Loss:277.7516420152452
-------------
Epoch 8/150
-------------
（train）
-------------
epoch 8 || Epoch_Loss:277.2538907086407
-------------
Epoch 9/150
-------------
（train）
-------------
epoch 9 || Epoch_Loss:277.83665070710356
-------------
Epoch 10/150
-------------
（train）
-------------
epoch 10 || Epoch_Loss:277.2117956655997
-------------
Epoch 11/150
-------------
（train）
-------------
epoch 11 || Epoch_Loss:277.63541299325453
-------------
Epoch 12/150
-------------
（train）
-------------
epoch 12 || Epoch_Loss:276.69796809443716
-------------
Epoch 13/150
-------------
（train）
-------------
epoch 13 || Epoch_Loss:276.4412977430555
-------------
Epoch 14/150
-------------
（train）
-------------
epoch 14 || Epoch_Loss:276.64399917037395
-------------
Epoch 15/150
-------------
（train）
-------------
epoch 15 || Epoch_Loss:275.73640696207684
-------------
Epoch 16/150
-------------
（train）
-------------
epoch 16 || Epoch_Loss:274.86627592863863
-------------
Epoch 17/150
-------------
（train）
-------------
epoch 17 || Epoch_Loss:275.1630794383861
-------------
Epoch 18/150
-------------
（train）
-------------
epoch 18 || Epoch_Loss:275.3559270788122
-------------
Epoch 19/150
-------------
（train）
-------------
epoch 19 || Epoch_Loss:276.82116360134546
-------------
Epoch 20/150
-------------
（train）
-------------
epoch 20 || Epoch_Loss:276.32260188349966
-------------
Epoch 21/150
-------------
（train）
-------------
epoch 21 || Epoch_Loss:275.3590282864041
-------------
Epoch 22/150
-------------
（train）
-------------
epoch 22 || Epoch_Loss:274.8764521280924
-------------
Epoch 23/150
-------------
（train）
-------------
epoch 23 || Epoch_Loss:274.5376496491608
-------------
Epoch 24/150
-------------
（train）
-------------
epoch 24 || Epoch_Loss:274.2479417588975
-------------
Epoch 25/150
-------------
（train）
-------------
epoch 25 || Epoch_Loss:274.931591740361
-------------
Epoch 26/150
-------------
（train）
-------------
epoch 26 || Epoch_Loss:275.0378861603914
-------------
Epoch 27/150
-------------
（train）
-------------
epoch 27 || Epoch_Loss:274.2078416612413
-------------
Epoch 28/150
-------------
（train）
-------------
epoch 28 || Epoch_Loss:273.55522862187144
-------------
Epoch 29/150
-------------
（train）
-------------
epoch 29 || Epoch_Loss:273.3241122210467
-------------
Epoch 30/150
-------------
（train）
-------------
epoch 30 || Epoch_Loss:272.974213776765
-------------
Epoch 31/150
-------------
（train）
-------------
epoch 31 || Epoch_Loss:273.2099244859483
-------------
Epoch 32/150
-------------
（train）
-------------
epoch 32 || Epoch_Loss:273.0546518961589
-------------
Epoch 33/150
-------------
（train）
-------------
epoch 33 || Epoch_Loss:272.96487737585
-------------
Epoch 34/150
-------------
（train）
-------------
epoch 34 || Epoch_Loss:273.223174766258
-------------
Epoch 35/150
-------------
（train）
-------------
epoch 35 || Epoch_Loss:272.9904595834238
-------------
Epoch 36/150
-------------
（train）
-------------
epoch 36 || Epoch_Loss:272.78655242919916
-------------
Epoch 37/150
-------------
（train）
-------------
epoch 37 || Epoch_Loss:272.25230775056065
-------------
Epoch 38/150
-------------
（train）
-------------
epoch 38 || Epoch_Loss:272.48646319354026
-------------
Epoch 39/150
-------------
（train）
-------------
epoch 39 || Epoch_Loss:273.1501365944191
-------------
Epoch 40/150
-------------
（train）
-------------
epoch 40 || Epoch_Loss:272.984036480939
-------------
Epoch 41/150
-------------
（train）
-------------
epoch 41 || Epoch_Loss:272.65837040653935
-------------
Epoch 42/150
-------------
（train）
-------------
epoch 42 || Epoch_Loss:273.62180526168254
-------------
Epoch 43/150
-------------
（train）
-------------
epoch 43 || Epoch_Loss:272.72312220820675
-------------
Epoch 44/150
-------------
（train）
-------------
epoch 44 || Epoch_Loss:272.03140145761
-------------
Epoch 45/150
-------------
（train）
-------------
epoch 45 || Epoch_Loss:272.5192068594473
-------------
Epoch 46/150
-------------
（train）
-------------
epoch 46 || Epoch_Loss:272.0532122011537
-------------
Epoch 47/150
-------------
（train）
-------------
epoch 47 || Epoch_Loss:271.99545288085943
-------------
Epoch 48/150
-------------
（train）
-------------
epoch 48 || Epoch_Loss:272.3371881555628
-------------
Epoch 49/150
-------------
（train）
-------------
epoch 49 || Epoch_Loss:272.13559101246017
-------------
Epoch 50/150
-------------
（train）
-------------
epoch 50 || Epoch_Loss:272.30496187563296
-------------
Epoch 51/150
-------------
（train）
-------------
epoch 51 || Epoch_Loss:271.7598577428747
-------------
Epoch 52/150
-------------
（train）
-------------
epoch 52 || Epoch_Loss:272.0923639933268
-------------
Epoch 53/150
-------------
（train）
-------------
epoch 53 || Epoch_Loss:272.50739542643237
-------------
Epoch 54/150
-------------
（train）
-------------
epoch 54 || Epoch_Loss:272.0096833970812
-------------
Epoch 55/150
-------------
（train）
-------------
epoch 55 || Epoch_Loss:271.4535590277778
-------------
Epoch 56/150
-------------
（train）
-------------
epoch 56 || Epoch_Loss:271.8756332397461
-------------
Epoch 57/150
-------------
（train）
-------------
epoch 57 || Epoch_Loss:272.29010716191044
-------------
Epoch 58/150
-------------
（train）
-------------
epoch 58 || Epoch_Loss:273.0404891967774
-------------
Epoch 59/150
-------------
（train）
-------------
epoch 59 || Epoch_Loss:271.82057302969474
-------------
Epoch 60/150
-------------
（train）
-------------
epoch 60 || Epoch_Loss:271.7942041467737
-------------
Epoch 61/150
-------------
（train）
-------------
epoch 61 || Epoch_Loss:272.07443576388886
-------------
Epoch 62/150
-------------
（train）
-------------
epoch 62 || Epoch_Loss:271.58353141502096
-------------
Epoch 63/150
-------------
（train）
-------------
epoch 63 || Epoch_Loss:271.64162077727144
-------------
Epoch 64/150
-------------
（train）
-------------
epoch 64 || Epoch_Loss:271.9702419704861
-------------
Epoch 65/150
-------------
（train）
-------------
epoch 65 || Epoch_Loss:271.10239297372317
-------------
Epoch 66/150
-------------
（train）
-------------
epoch 66 || Epoch_Loss:271.6758829752604
-------------
Epoch 67/150
-------------
（train）
-------------
epoch 67 || Epoch_Loss:271.49804885299125
-------------
Epoch 68/150
-------------
（train）
-------------
epoch 68 || Epoch_Loss:271.18893743444374
-------------
Epoch 69/150
-------------
（train）
-------------
epoch 69 || Epoch_Loss:270.75332019947194
-------------
Epoch 70/150
-------------
（train）
-------------
epoch 70 || Epoch_Loss:271.58809266267
-------------
Epoch 71/150
-------------
（train）
-------------
epoch 71 || Epoch_Loss:271.2624667132342
-------------
Epoch 72/150
-------------
（train）
-------------
epoch 72 || Epoch_Loss:271.3841824001737
-------------
Epoch 73/150
-------------
（train）
-------------
epoch 73 || Epoch_Loss:270.82025570339624
-------------
Epoch 74/150
-------------
（train）
-------------
epoch 74 || Epoch_Loss:270.6390174583153
-------------
Epoch 75/150
-------------
（train）
-------------
epoch 75 || Epoch_Loss:270.52335414180044
-------------
Epoch 76/150
-------------
（train）
-------------
epoch 76 || Epoch_Loss:269.75434734203196
-------------
Epoch 77/150
-------------
（train）
-------------
epoch 77 || Epoch_Loss:271.8065756338614
-------------
Epoch 78/150
-------------
（train）
-------------
epoch 78 || Epoch_Loss:270.5386685971861
-------------
Epoch 79/150
-------------
（train）
-------------
epoch 79 || Epoch_Loss:270.1983614321108
-------------
Epoch 80/150
-------------
（train）
-------------
epoch 80 || Epoch_Loss:270.5466896339699
-------------
Epoch 81/150
-------------
（train）
-------------
epoch 81 || Epoch_Loss:270.24054124620216
-------------
Epoch 82/150
-------------
（train）
-------------
epoch 82 || Epoch_Loss:270.6408544469763
-------------
Epoch 83/150
-------------
（train）
-------------
epoch 83 || Epoch_Loss:270.28763919406464
-------------
Epoch 84/150
-------------
（train）
-------------
epoch 84 || Epoch_Loss:270.0866654007523
-------------
Epoch 85/150
-------------
（train）
-------------
epoch 85 || Epoch_Loss:270.1118862010814
-------------
Epoch 86/150
-------------
（train）
-------------
epoch 86 || Epoch_Loss:270.74899461534284
-------------
Epoch 87/150
-------------
（train）
-------------
epoch 87 || Epoch_Loss:269.89409778736257
-------------
Epoch 88/150
-------------
（train）
-------------
epoch 88 || Epoch_Loss:270.13741472032336
-------------
Epoch 89/150
-------------
（train）
-------------
epoch 89 || Epoch_Loss:282.5756666395399
-------------
Epoch 90/150
-------------
（train）
-------------
epoch 90 || Epoch_Loss:284.8027906064634
-------------
Epoch 91/150
-------------
（train）
-------------
epoch 91 || Epoch_Loss:284.6284778736256
-------------
Epoch 92/150
-------------
（train）
-------------
epoch 92 || Epoch_Loss:284.34893007631655
-------------
Epoch 93/150
-------------
（train）
-------------
epoch 93 || Epoch_Loss:284.4908376623083
-------------
Epoch 94/150
-------------
（train）
-------------
epoch 94 || Epoch_Loss:284.3252699110243
-------------
Epoch 95/150
-------------
（train）
-------------
epoch 95 || Epoch_Loss:284.66533124005343
-------------
Epoch 96/150
-------------
（train）
-------------
epoch 96 || Epoch_Loss:284.4611793800637
-------------
Epoch 97/150
-------------
（train）
-------------
epoch 97 || Epoch_Loss:284.41129613805697
-------------
Epoch 98/150
-------------
（train）
-------------
epoch 98 || Epoch_Loss:284.3566292656793
-------------
Epoch 99/150
-------------
（train）
-------------
epoch 99 || Epoch_Loss:284.2531263563368
-------------
Epoch 100/150
-------------
（train）
-------------
epoch 100 || Epoch_Loss:284.135026719835
-------------
Epoch 101/150
-------------
（train）
-------------
epoch 101 || Epoch_Loss:284.168293705693
-------------
Epoch 102/150
-------------
（train）
-------------
epoch 102 || Epoch_Loss:284.1630735044126
-------------
Epoch 103/150
-------------
（train）
-------------
epoch 103 || Epoch_Loss:284.3043178982204
-------------
Epoch 104/150
-------------
（train）
-------------
epoch 104 || Epoch_Loss:284.35238195348666
-------------
Epoch 105/150
-------------
（train）
-------------
epoch 105 || Epoch_Loss:284.38926498978236
-------------
Epoch 106/150
-------------
（train）
-------------
epoch 106 || Epoch_Loss:284.4443995157878
-------------
Epoch 107/150
-------------
（train）
-------------
epoch 107 || Epoch_Loss:284.43172483091
-------------
Epoch 108/150
-------------
（train）
-------------
epoch 108 || Epoch_Loss:284.1446284541378
-------------
Epoch 109/150
-------------
（train）
-------------
epoch 109 || Epoch_Loss:284.56635086624715
-------------
Epoch 110/150
-------------
（train）
-------------
epoch 110 || Epoch_Loss:284.1111755371094
-------------
Epoch 111/150
-------------
（train）
-------------
epoch 111 || Epoch_Loss:284.13424060962814
-------------
Epoch 112/150
-------------
（train）
-------------
epoch 112 || Epoch_Loss:284.09388761167173
-------------
Epoch 113/150
-------------
（train）
-------------
epoch 113 || Epoch_Loss:284.18250726770475
-------------
Epoch 114/150
-------------
（train）
-------------
epoch 114 || Epoch_Loss:284.1796566998517
-------------
Epoch 115/150
-------------
（train）
-------------
epoch 115 || Epoch_Loss:284.1940790812174
-------------
Epoch 116/150
-------------
（train）
-------------
epoch 116 || Epoch_Loss:284.13918219672314
-------------
Epoch 117/150
-------------
（train）
-------------
epoch 117 || Epoch_Loss:284.11006404735423
-------------
Epoch 118/150
-------------
（train）
-------------
epoch 118 || Epoch_Loss:284.1324912177192
-------------
Epoch 119/150
-------------
（train）
-------------
epoch 119 || Epoch_Loss:284.1242223668982
-------------
Epoch 120/150
-------------
（train）
-------------
epoch 120 || Epoch_Loss:284.1523296214917
-------------
Epoch 121/150
-------------
（train）
-------------
epoch 121 || Epoch_Loss:284.09087145770036
-------------
Epoch 122/150
-------------
（train）
-------------
epoch 122 || Epoch_Loss:284.1738563820168
-------------
Epoch 123/150
-------------
（train）
-------------
epoch 123 || Epoch_Loss:284.29511967411753
-------------
Epoch 124/150
-------------
（train）
-------------
epoch 124 || Epoch_Loss:284.0941481413665
-------------
Epoch 125/150
-------------
（train）
-------------
epoch 125 || Epoch_Loss:284.2058616920754
-------------
Epoch 126/150
-------------
（train）
-------------
epoch 126 || Epoch_Loss:284.1227473506221
-------------
Epoch 127/150
-------------
（train）
-------------
epoch 127 || Epoch_Loss:284.1405749850803
-------------
Epoch 128/150
-------------
（train）
-------------
epoch 128 || Epoch_Loss:284.1569476657443
-------------
Epoch 129/150
-------------
（train）
-------------
epoch 129 || Epoch_Loss:284.1620811179831
-------------
Epoch 130/150
-------------
（train）
-------------
epoch 130 || Epoch_Loss:284.12510681152344
-------------
Epoch 131/150
-------------
（train）
-------------
epoch 131 || Epoch_Loss:284.23272789849176
-------------
Epoch 132/150
-------------
（train）
-------------
epoch 132 || Epoch_Loss:284.1308161417644
-------------
Epoch 133/150
-------------
（train）
-------------
epoch 133 || Epoch_Loss:284.21333002161106
-------------
Epoch 134/150
-------------
（train）
-------------
epoch 134 || Epoch_Loss:284.23651010018807
-------------
Epoch 135/150
-------------
（train）
-------------
epoch 135 || Epoch_Loss:284.3017920034903
-------------
Epoch 136/150
-------------
（train）
-------------
epoch 136 || Epoch_Loss:284.2706824408637
-------------
Epoch 137/150
-------------
（train）
-------------
epoch 137 || Epoch_Loss:284.11877384892216
-------------
Epoch 138/150
-------------
（train）
-------------
epoch 138 || Epoch_Loss:284.15958376283993
-------------
Epoch 139/150
-------------
（train）
-------------
epoch 139 || Epoch_Loss:284.17884798403134
-------------
Epoch 140/150
-------------
（train）
-------------
epoch 140 || Epoch_Loss:284.47327366581663
-------------
Epoch 141/150
-------------
（train）
-------------
epoch 141 || Epoch_Loss:284.28681550202543
-------------
Epoch 142/150
-------------
（train）
-------------
epoch 142 || Epoch_Loss:284.1764667652271
-------------
Epoch 143/150
-------------
（train）
-------------
epoch 143 || Epoch_Loss:284.2358952275029
-------------
Epoch 144/150
-------------
（train）
-------------
epoch 144 || Epoch_Loss:284.2124153419777
-------------
Epoch 145/150
-------------
（train）
-------------
epoch 145 || Epoch_Loss:284.2651562160916
-------------
Epoch 146/150
-------------
（train）
-------------
epoch 146 || Epoch_Loss:284.3421136361581
-------------
Epoch 147/150
-------------
（train）
-------------
epoch 147 || Epoch_Loss:284.26861204924404
-------------
Epoch 148/150
-------------
（train）
-------------
epoch 148 || Epoch_Loss:284.1508204142253
-------------
Epoch 149/150
-------------
（train）
-------------
epoch 149 || Epoch_Loss:284.24020216200086
-------------
Epoch 150/150
-------------
（train）
-------------
epoch 150 || Epoch_Loss:284.3367442378291
Training Done!!
