You can use 4 GPUs!
-------------
Epoch 1/100
-------------
（train）
 Floss: 181964.375000, Closs: 160.848801
 Floss: 153314.875000, Closs: 123.642227
 Floss: 125380.585938, Closs: 99.108032
 Floss: 91738.773438, Closs: 68.551041
 Floss: 71320.507812, Closs: 53.178448
 Floss: 57994.355469, Closs: 42.887360
 Floss: 48156.656250, Closs: 35.492195
 Floss: 41212.558594, Closs: 30.075516
 Floss: 34472.121094, Closs: 26.603901
 Floss: 30399.818359, Closs: 23.267248
 Floss: 27762.078125, Closs: 21.520254
 Floss: 24236.156250, Closs: 19.453739
 Floss: 21060.349609, Closs: 17.439804
 Floss: 21308.343750, Closs: 17.075682
 Floss: 16544.906250, Closs: 15.289909
 Floss: 14659.975586, Closs: 14.403391
 Floss: 13700.263672, Closs: 13.786720
 Floss: 12169.166992, Closs: 12.467705
 Floss: 11072.686523, Closs: 11.429993
 Floss: 10598.624023, Closs: 10.694106
 Floss: 9222.164062, Closs: 9.631589
 Floss: 8489.230469, Closs: 8.983414
 Floss: 7681.989258, Closs: 8.254045
 Floss: 6661.605469, Closs: 7.279552
 Floss: 6157.524902, Closs: 6.463386
 Floss: 5765.347656, Closs: 6.177002
 Floss: 5865.239746, Closs: 6.071933
 Floss: 5081.854492, Closs: 5.614342
 Floss: 4675.648438, Closs: 5.217206
 Floss: 4181.642578, Closs: 4.977485
 Floss: 4209.157227, Closs: 4.790599
 Floss: 4077.853516, Closs: 4.732093
 Floss: 3524.880371, Closs: 4.179367
 Floss: 3373.198242, Closs: 3.883225
 Floss: 3022.716797, Closs: 3.598288
 Floss: 712.078979, Closs: 0.727757
-------------
epoch 1 || Epoch_Loss:30352.141815185547, Epoch_FlowLoss:30326.925276014543, Epock_CycleLoss:25.21659317943785
-------------
Epoch 2/100
-------------
（train）
/home/habara/anaconda3/envs/crowd/lib/python3.6/site-packages/torch/nn/functional.py:3121: UserWarning: Default upsampling behavior when mode=bilinear is changed to align_corners=False since 0.4.0. Please specify align_corners=True if the old behavior is desired. See the documentation of nn.Upsample for details.
  "See the documentation of nn.Upsample for details.".format(mode))
 Floss: 2710.158203, Closs: 3.289553
 Floss: 2436.097656, Closs: 3.072781
 Floss: 4414.435547, Closs: 3.992768
 Floss: 2397.867676, Closs: 3.207088
 Floss: 2188.510986, Closs: 2.916855
 Floss: 2218.538086, Closs: 2.946925
 Floss: 1995.878296, Closs: 2.692418
 Floss: 2127.300293, Closs: 2.706205
 Floss: 1734.625366, Closs: 2.307251
 Floss: 1528.267578, Closs: 2.099920
 Floss: 1452.657959, Closs: 2.002861
 Floss: 1555.460938, Closs: 2.004864
 Floss: 1389.013062, Closs: 1.837795
 Floss: 1221.413452, Closs: 1.641207
 Floss: 1142.931152, Closs: 1.609049
 Floss: 1152.272217, Closs: 1.592149
 Floss: 1051.754272, Closs: 1.482302
 Floss: 1074.942749, Closs: 1.471605
 Floss: 1122.467529, Closs: 1.432308
 Floss: 1022.869507, Closs: 1.395208
 Floss: 932.406921, Closs: 1.286131
 Floss: 945.782654, Closs: 1.253798
 Floss: 879.884949, Closs: 1.199625
 Floss: 801.299683, Closs: 1.137327
 Floss: 697.348816, Closs: 1.060230
 Floss: 674.827332, Closs: 1.075165
 Floss: 883.332642, Closs: 1.189922
 Floss: 624.647949, Closs: 0.964485
 Floss: 2480.530762, Closs: 2.120684
 Floss: 684.345825, Closs: 0.992348
 Floss: 613.529724, Closs: 0.958114
 Floss: 575.781616, Closs: 0.956855
 Floss: 532.560730, Closs: 0.881109
 Floss: 565.567383, Closs: 0.945889
 Floss: 541.718750, Closs: 0.863157
 Floss: 519.486755, Closs: 0.441890
-------------
epoch 2 || Epoch_Loss:1359.8206278483076, Epoch_FlowLoss:1358.0698615180124, Epock_CycleLoss:1.7507733503977463
-------------
Epoch 3/100
-------------
（train）
 Floss: 552.579285, Closs: 0.799586
 Floss: 531.801392, Closs: 0.778378
 Floss: 444.538940, Closs: 0.676239
 Floss: 480.570496, Closs: 0.711145
 Floss: 560.277893, Closs: 0.825351
 Floss: 438.832764, Closs: 0.686119
 Floss: 413.203125, Closs: 0.623586
 Floss: 529.467102, Closs: 0.737415
 Floss: 462.108398, Closs: 0.684729
 Floss: 458.907806, Closs: 0.665338
 Floss: 351.327332, Closs: 0.575038
 Floss: 414.633148, Closs: 0.651436
 Floss: 414.137756, Closs: 0.646368
 Floss: 322.651306, Closs: 0.556411
 Floss: 346.561279, Closs: 0.551304
 Floss: 322.144897, Closs: 0.515941
 Floss: 350.278534, Closs: 0.549576
 Floss: 329.162781, Closs: 0.557297
 Floss: 343.924866, Closs: 0.546746
 Floss: 286.781860, Closs: 0.490634
 Floss: 330.699188, Closs: 0.504866
 Floss: 292.004913, Closs: 0.453942
 Floss: 320.779388, Closs: 0.496120
 Floss: 299.843445, Closs: 0.520899
 Floss: 244.023804, Closs: 0.402730
 Floss: 330.059418, Closs: 0.549314
 Floss: 255.476913, Closs: 0.427557
 Floss: 260.841309, Closs: 0.398319
 Floss: 266.738953, Closs: 0.430063
 Floss: 248.691528, Closs: 0.386280
 Floss: 261.025940, Closs: 0.419200
 Floss: 276.523865, Closs: 0.474678
 Floss: 363.072205, Closs: 0.638958
 Floss: 246.904831, Closs: 0.423532
 Floss: 228.920929, Closs: 0.385085
 Floss: 1188.717773, Closs: 0.842003
-------------
epoch 3 || Epoch_Loss:383.0221769544812, Epoch_FlowLoss:382.45042673746735, Epock_CycleLoss:0.5717273520098792
-------------
Epoch 4/100
-------------
（train）
 Floss: 223.112900, Closs: 0.365506
 Floss: 277.441803, Closs: 0.475871
 Floss: 263.848145, Closs: 0.430459
 Floss: 251.526230, Closs: 0.406272
 Floss: 241.791168, Closs: 0.378902
 Floss: 203.269577, Closs: 0.334823
 Floss: 218.757324, Closs: 0.349605
 Floss: 246.730225, Closs: 0.336840
 Floss: 239.242966, Closs: 0.343981
 Floss: 241.506226, Closs: 0.374542
 Floss: 209.235901, Closs: 0.308644
 Floss: 246.098816, Closs: 0.402563
 Floss: 218.387604, Closs: 0.370541
 Floss: 193.177948, Closs: 0.293247
 Floss: 245.542938, Closs: 0.379777
 Floss: 264.520325, Closs: 0.397974
 Floss: 210.291000, Closs: 0.326145
 Floss: 232.203949, Closs: 0.368453
 Floss: 220.211761, Closs: 0.319460
 Floss: 174.041306, Closs: 0.292726
 Floss: 216.824768, Closs: 0.382080
 Floss: 200.534912, Closs: 0.318772
 Floss: 172.908051, Closs: 0.287718
 Floss: 208.996552, Closs: 0.363495
 Floss: 206.375336, Closs: 0.344895
 Floss: 189.358566, Closs: 0.268654
 Floss: 197.739288, Closs: 0.317020
 Floss: 170.416321, Closs: 0.274196
 Floss: 176.368500, Closs: 0.252333
 Floss: 204.589233, Closs: 0.323438
 Floss: 196.203339, Closs: 0.279259
 Floss: 169.371002, Closs: 0.246669
 Floss: 164.006836, Closs: 0.276692
 Floss: 170.722382, Closs: 0.244090
 Floss: 171.053879, Closs: 0.263686
 Floss: 448.405273, Closs: 0.399019
-------------
epoch 4 || Epoch_Loss:219.35865317450626, Epoch_FlowLoss:219.02256520589194, Epock_CycleLoss:0.3360652273727789
-------------
Epoch 5/100
-------------
（train）
 Floss: 174.923737, Closs: 0.258127
 Floss: 182.609711, Closs: 0.276771
 Floss: 170.616699, Closs: 0.275262
 Floss: 162.288452, Closs: 0.244626
 Floss: 170.156647, Closs: 0.265916
 Floss: 1038.634033, Closs: 1.119221
 Floss: 219.271393, Closs: 0.322649
 Floss: 230.219238, Closs: 0.336809
 Floss: 223.512573, Closs: 0.327596
 Floss: 211.522751, Closs: 0.382325
 Floss: 745.118530, Closs: 0.917290
 Floss: 173.319580, Closs: 0.267580
 Floss: 177.461960, Closs: 0.259083
 Floss: 231.751755, Closs: 0.382938
 Floss: 188.272156, Closs: 0.294940
 Floss: 172.127289, Closs: 0.270716
 Floss: 170.387192, Closs: 0.279994
 Floss: 163.210007, Closs: 0.242569
 Floss: 173.199402, Closs: 0.288991
 Floss: 175.637268, Closs: 0.295205
 Floss: 168.147491, Closs: 0.272261
 Floss: 716.926514, Closs: 0.911959
 Floss: 170.561890, Closs: 0.274534
 Floss: 199.039154, Closs: 0.278245
 Floss: 576.010498, Closs: 0.872846
 Floss: 161.094452, Closs: 0.278811
 Floss: 162.802643, Closs: 0.264791
 Floss: 168.042114, Closs: 0.275647
 Floss: 181.798706, Closs: 0.279284
 Floss: 521.892944, Closs: 0.723258
 Floss: 156.497467, Closs: 0.232618
 Floss: 149.200699, Closs: 0.222189
 Floss: 175.286346, Closs: 0.273193
 Floss: 172.809006, Closs: 0.255768
 Floss: 182.058029, Closs: 0.296447
 Floss: 28.816921, Closs: 0.052713
-------------
epoch 5 || Epoch_Loss:251.61942656834918, Epoch_FlowLoss:251.25625684526224, Epock_CycleLoss:0.3631437056594426
-------------
Epoch 6/100
-------------
（train）
 Floss: 175.147644, Closs: 0.279195
 Floss: 149.596558, Closs: 0.220772
 Floss: 160.418457, Closs: 0.227927
 Floss: 144.701141, Closs: 0.220823
 Floss: 163.073090, Closs: 0.234940
 Floss: 164.408081, Closs: 0.223528
 Floss: 159.444260, Closs: 0.229549
 Floss: 358.369080, Closs: 0.568527
 Floss: 148.266403, Closs: 0.248126
 Floss: 165.383820, Closs: 0.252081
 Floss: 152.625900, Closs: 0.234412
 Floss: 137.465698, Closs: 0.203568
 Floss: 142.174011, Closs: 0.223573
 Floss: 144.502594, Closs: 0.201602
 Floss: 149.588058, Closs: 0.249308
 Floss: 141.145081, Closs: 0.198844
 Floss: 143.831177, Closs: 0.208431
 Floss: 154.195526, Closs: 0.257914
 Floss: 133.876694, Closs: 0.196479
 Floss: 145.191360, Closs: 0.220451
 Floss: 130.224762, Closs: 0.184382
 Floss: 147.808868, Closs: 0.224903
 Floss: 130.331039, Closs: 0.212554
 Floss: 139.681244, Closs: 0.218102
 Floss: 127.303497, Closs: 0.189015
 Floss: 127.018631, Closs: 0.185923
 Floss: 139.499741, Closs: 0.229204
 Floss: 354.260986, Closs: 0.551556
 Floss: 128.163025, Closs: 0.191474
 Floss: 130.214035, Closs: 0.170534
 Floss: 128.942429, Closs: 0.183482
 Floss: 134.672073, Closs: 0.218811
 Floss: 150.553955, Closs: 0.267289
 Floss: 141.657593, Closs: 0.236112
 Floss: 127.104202, Closs: 0.197918
 Floss: 161.036850, Closs: 0.241370
-------------
epoch 6 || Epoch_Loss:156.68002849155005, Epoch_FlowLoss:156.44104342990448, Epock_CycleLoss:0.23896336596873077
-------------
Epoch 7/100
-------------
（train）
 Floss: 127.204010, Closs: 0.178576
 Floss: 122.500549, Closs: 0.193025
 Floss: 142.029129, Closs: 0.220250
 Floss: 123.149155, Closs: 0.185876
 Floss: 144.878052, Closs: 0.223112
 Floss: 136.082199, Closs: 0.192479
 Floss: 114.043503, Closs: 0.189096
 Floss: 133.344391, Closs: 0.203340
 Floss: 132.368317, Closs: 0.193028
 Floss: 132.334473, Closs: 0.189505
 Floss: 122.526115, Closs: 0.189543
 Floss: 133.269379, Closs: 0.242111
 Floss: 124.066406, Closs: 0.189063
 Floss: 111.294212, Closs: 0.181171
 Floss: 127.985191, Closs: 0.207460
 Floss: 122.251587, Closs: 0.190706
 Floss: 146.091263, Closs: 0.211173
 Floss: 129.077164, Closs: 0.200315
 Floss: 115.610565, Closs: 0.178571
 Floss: 116.829956, Closs: 0.207380
 Floss: 131.614807, Closs: 0.233801
 Floss: 117.249664, Closs: 0.190629
 Floss: 108.688370, Closs: 0.194496
 Floss: 109.330925, Closs: 0.190451
 Floss: 113.159386, Closs: 0.182057
 Floss: 112.883331, Closs: 0.182452
 Floss: 109.907974, Closs: 0.192225
 Floss: 362.900604, Closs: 0.580485
 Floss: 127.393799, Closs: 0.219604
 Floss: 128.439285, Closs: 0.180554
 Floss: 102.263367, Closs: 0.167949
 Floss: 127.961914, Closs: 0.198417
 Floss: 117.638756, Closs: 0.178082
 Floss: 148.138992, Closs: 0.239564
 Floss: 122.896019, Closs: 0.199916
 Floss: 137.980774, Closs: 0.168036
-------------
epoch 7 || Epoch_Loss:131.74580319722492, Epoch_FlowLoss:131.53843286302353, Epock_CycleLoss:0.2073471351630158
-------------
Epoch 8/100
-------------
（train）
 Floss: 128.444305, Closs: 0.214614
 Floss: 120.070282, Closs: 0.213622
 Floss: 126.334343, Closs: 0.219451
 Floss: 102.082184, Closs: 0.197783
 Floss: 121.996094, Closs: 0.208753
 Floss: 134.667007, Closs: 0.219574
 Floss: 114.968010, Closs: 0.212985
 Floss: 108.284782, Closs: 0.189381
 Floss: 116.846245, Closs: 0.206598
 Floss: 127.969894, Closs: 0.220999
 Floss: 98.991020, Closs: 0.177468
 Floss: 107.716568, Closs: 0.178421
 Floss: 122.065605, Closs: 0.218087
 Floss: 125.284843, Closs: 0.214558
 Floss: 118.758080, Closs: 0.233049
 Floss: 108.670959, Closs: 0.199279
 Floss: 110.295837, Closs: 0.191006
 Floss: 118.839584, Closs: 0.230631
 Floss: 108.098007, Closs: 0.196473
 Floss: 118.922989, Closs: 0.203781
 Floss: 102.172897, Closs: 0.187063
 Floss: 100.351990, Closs: 0.178012
 Floss: 112.573456, Closs: 0.220777
 Floss: 113.640427, Closs: 0.189064
 Floss: 109.102005, Closs: 0.194812
 Floss: 103.857605, Closs: 0.190617
 Floss: 105.657272, Closs: 0.207343
 Floss: 110.895370, Closs: 0.210132
 Floss: 115.519958, Closs: 0.228718
 Floss: 114.400620, Closs: 0.209437
 Floss: 111.846359, Closs: 0.208763
 Floss: 108.836105, Closs: 0.205424
 Floss: 105.603691, Closs: 0.200577
 Floss: 117.997864, Closs: 0.252107
 Floss: 101.462486, Closs: 0.200586
 Floss: 361.461121, Closs: 0.521826
-------------
epoch 8 || Epoch_Loss:120.62329249911836, Epoch_FlowLoss:120.40794075859915, Epock_CycleLoss:0.2153269292579757
-------------
Epoch 9/100
-------------
（train）
 Floss: 104.594688, Closs: 0.195900
 Floss: 117.584274, Closs: 0.218450
 Floss: 112.156143, Closs: 0.259023
 Floss: 102.203148, Closs: 0.204534
 Floss: 104.744553, Closs: 0.220514
 Floss: 115.818016, Closs: 0.256345
 Floss: 114.680809, Closs: 0.250397
 Floss: 114.068100, Closs: 0.223254
 Floss: 133.279114, Closs: 0.253846
 Floss: 123.076080, Closs: 0.245020
 Floss: 119.328293, Closs: 0.220683
 Floss: 105.760612, Closs: 0.225645
 Floss: 115.871033, Closs: 0.251179
 Floss: 110.526688, Closs: 0.213808
 Floss: 112.925140, Closs: 0.232453
 Floss: 113.256287, Closs: 0.221004
 Floss: 93.417221, Closs: 0.197925
 Floss: 100.283836, Closs: 0.227082
 Floss: 104.423691, Closs: 0.226229
 Floss: 89.479004, Closs: 0.176870
 Floss: 92.214096, Closs: 0.189896
 Floss: 109.003746, Closs: 0.214464
 Floss: 121.207092, Closs: 0.239903
 Floss: 101.595306, Closs: 0.212031
 Floss: 101.262634, Closs: 0.209130
 Floss: 116.533569, Closs: 0.262506
 Floss: 103.009445, Closs: 0.218757
 Floss: 101.687981, Closs: 0.214863
 Floss: 115.520844, Closs: 0.239624
 Floss: 102.326378, Closs: 0.245563
 Floss: 104.870895, Closs: 0.265373
 Floss: 92.200378, Closs: 0.213910
 Floss: 100.958481, Closs: 0.237053
 Floss: 93.207947, Closs: 0.202857
 Floss: 93.671745, Closs: 0.205018
 Floss: 18.430281, Closs: 0.042492
-------------
epoch 9 || Epoch_Loss:105.08644596735635, Epoch_FlowLoss:104.86604303783842, Epock_CycleLoss:0.22037781298988396
-------------
Epoch 10/100
-------------
（train）
 Floss: 92.620529, Closs: 0.194996
 Floss: 114.315964, Closs: 0.236040
 Floss: 105.548798, Closs: 0.258955
 Floss: 96.011620, Closs: 0.236180
 Floss: 87.962914, Closs: 0.195617
 Floss: 107.729660, Closs: 0.267246
 Floss: 101.787926, Closs: 0.229868
 Floss: 112.227264, Closs: 0.248154
 Floss: 100.242767, Closs: 0.223354
 Floss: 88.741570, Closs: 0.202994
 Floss: 106.524796, Closs: 0.283188
 Floss: 104.824486, Closs: 0.273649
 Floss: 83.409492, Closs: 0.180708
 Floss: 91.650597, Closs: 0.209105
 Floss: 89.075279, Closs: 0.191105
 Floss: 90.865685, Closs: 0.205393
 Floss: 95.522995, Closs: 0.213822
 Floss: 99.033691, Closs: 0.226737
 Floss: 95.114716, Closs: 0.232199
 Floss: 107.225365, Closs: 0.257720
 Floss: 101.442589, Closs: 0.236400
 Floss: 110.476959, Closs: 0.278067
 Floss: 100.769043, Closs: 0.250482
 Floss: 101.055038, Closs: 0.227466
 Floss: 90.147156, Closs: 0.199653
 Floss: 96.774994, Closs: 0.240997
 Floss: 88.444229, Closs: 0.206550
 Floss: 96.022354, Closs: 0.229932
 Floss: 112.470947, Closs: 0.277279
 Floss: 100.836731, Closs: 0.213067
 Floss: 86.070152, Closs: 0.205826
 Floss: 85.797386, Closs: 0.210781
 Floss: 90.928040, Closs: 0.223550
 Floss: 95.817780, Closs: 0.219218
 Floss: 95.768150, Closs: 0.231536
 Floss: 205.931198, Closs: 0.291606
-------------
epoch 10 || Epoch_Loss:101.04164505004881, Epoch_FlowLoss:100.8108016120063, Epock_CycleLoss:0.23081776706708798
-------------
Epoch 11/100
-------------
（train）
 Floss: 89.179672, Closs: 0.209999
 Floss: 91.297012, Closs: 0.198954
 Floss: 86.840088, Closs: 0.214787
 Floss: 89.946136, Closs: 0.209999
 Floss: 84.177856, Closs: 0.210830
 Floss: 91.837730, Closs: 0.219006
 Floss: 93.647354, Closs: 0.231378
 Floss: 92.823578, Closs: 0.226690
 Floss: 94.137268, Closs: 0.256672
 Floss: 308.472260, Closs: 0.601773
 Floss: 96.391388, Closs: 0.237280
 Floss: 107.080719, Closs: 0.250404
 Floss: 111.261353, Closs: 0.283617
 Floss: 116.398094, Closs: 0.299552
 Floss: 126.974144, Closs: 0.323915
 Floss: 82.898987, Closs: 0.181293
 Floss: 92.291344, Closs: 0.220681
 Floss: 94.294281, Closs: 0.221212
 Floss: 85.759544, Closs: 0.205142
 Floss: 94.112228, Closs: 0.219127
 Floss: 103.076721, Closs: 0.273776
 Floss: 108.683060, Closs: 0.284032
 Floss: 96.500114, Closs: 0.255485
 Floss: 94.996384, Closs: 0.250144
 Floss: 89.302902, Closs: 0.224006
 Floss: 95.469803, Closs: 0.248050
 Floss: 106.053368, Closs: 0.274279
 Floss: 108.905716, Closs: 0.310487
 Floss: 105.386162, Closs: 0.267617
 Floss: 98.711540, Closs: 0.303904
 Floss: 85.911011, Closs: 0.222856
 Floss: 94.122215, Closs: 0.240406
 Floss: 87.544548, Closs: 0.232858
 Floss: 95.388878, Closs: 0.228062
 Floss: 109.740707, Closs: 0.307824
 Floss: 15.484894, Closs: 0.042477
-------------
epoch 11 || Epoch_Loss:100.94690452681648, Epoch_FlowLoss:100.69719611273872, Epock_CycleLoss:0.249682611061467
-------------
Epoch 12/100
-------------
（train）
 Floss: 81.075623, Closs: 0.221973
 Floss: 86.698326, Closs: 0.234391
 Floss: 88.460175, Closs: 0.239255
 Floss: 94.049316, Closs: 0.242124
 Floss: 97.115311, Closs: 0.259204
 Floss: 101.573181, Closs: 0.283590
 Floss: 87.992447, Closs: 0.236083
 Floss: 98.746689, Closs: 0.297015
 Floss: 87.832886, Closs: 0.255280
 Floss: 91.249619, Closs: 0.263789
 Floss: 86.668945, Closs: 0.235291
 Floss: 94.594994, Closs: 0.258550
 Floss: 84.791351, Closs: 0.251625
 Floss: 89.386993, Closs: 0.252166
 Floss: 92.625931, Closs: 0.249135
 Floss: 83.376396, Closs: 0.224779
 Floss: 79.702408, Closs: 0.212990
 Floss: 80.610794, Closs: 0.221312
 Floss: 81.835625, Closs: 0.204026
 Floss: 93.076797, Closs: 0.296303
 Floss: 92.794113, Closs: 0.243260
 Floss: 88.952843, Closs: 0.278069
 Floss: 85.891167, Closs: 0.236612
 Floss: 102.153671, Closs: 0.273201
 Floss: 252.270752, Closs: 0.575856
 Floss: 98.359093, Closs: 0.291560
 Floss: 103.495872, Closs: 0.266417
 Floss: 91.201065, Closs: 0.238076
 Floss: 87.535515, Closs: 0.235697
 Floss: 94.364250, Closs: 0.282986
 Floss: 93.906494, Closs: 0.260369
 Floss: 80.706360, Closs: 0.218211
 Floss: 90.817200, Closs: 0.236695
 Floss: 91.630844, Closs: 0.269598
 Floss: 78.642059, Closs: 0.214625
 Floss: 39.836426, Closs: 0.093236
-------------
epoch 12 || Epoch_Loss:93.42155011494954, Epoch_FlowLoss:93.16726472642686, Epock_CycleLoss:0.2542597090618478
-------------
Epoch 13/100
-------------
（train）
 Floss: 95.680588, Closs: 0.299647
 Floss: 88.504509, Closs: 0.295188
 Floss: 90.650536, Closs: 0.301649
 Floss: 87.965500, Closs: 0.269982
 Floss: 90.642509, Closs: 0.253525
 Floss: 80.561836, Closs: 0.221811
 Floss: 92.264977, Closs: 0.280418
 Floss: 78.815163, Closs: 0.232477
 Floss: 93.159058, Closs: 0.301109
 Floss: 86.153709, Closs: 0.243544
 Floss: 99.468872, Closs: 0.356463
 Floss: 81.833549, Closs: 0.235765
 Floss: 85.748184, Closs: 0.281995
 Floss: 73.726234, Closs: 0.208375
 Floss: 85.050247, Closs: 0.278220
 Floss: 89.303215, Closs: 0.267493
 Floss: 82.192879, Closs: 0.241836
 Floss: 84.184616, Closs: 0.233341
 Floss: 78.825500, Closs: 0.241014
 Floss: 85.671021, Closs: 0.256583
 Floss: 93.505737, Closs: 0.304199
 Floss: 83.410889, Closs: 0.249075
 Floss: 81.758575, Closs: 0.270544
 Floss: 75.713364, Closs: 0.243293
 Floss: 83.104210, Closs: 0.256865
 Floss: 82.520149, Closs: 0.222935
 Floss: 85.221069, Closs: 0.268769
 Floss: 77.161980, Closs: 0.205420
 Floss: 81.297539, Closs: 0.245646
 Floss: 84.141083, Closs: 0.246452
 Floss: 76.528809, Closs: 0.248466
 Floss: 84.600647, Closs: 0.284375
 Floss: 74.500092, Closs: 0.214053
 Floss: 96.046082, Closs: 0.305633
 Floss: 94.181244, Closs: 0.304306
 Floss: 40.581139, Closs: 0.097975
-------------
epoch 13 || Epoch_Loss:84.27624246809216, Epoch_FlowLoss:84.01875856187608, Epock_CycleLoss:0.2574567488498158
-------------
Epoch 14/100
-------------
（train）
 Floss: 79.479599, Closs: 0.247318
 Floss: 80.408775, Closs: 0.260723
 Floss: 82.021896, Closs: 0.279759
 Floss: 90.035179, Closs: 0.277593
 Floss: 77.103714, Closs: 0.246786
 Floss: 84.581650, Closs: 0.270537
 Floss: 77.665512, Closs: 0.285722
 Floss: 88.158714, Closs: 0.338155
 Floss: 83.229782, Closs: 0.262451
 Floss: 85.328850, Closs: 0.289026
 Floss: 92.241806, Closs: 0.326851
 Floss: 72.068016, Closs: 0.257245
 Floss: 87.253159, Closs: 0.294443
 Floss: 78.847305, Closs: 0.249906
 Floss: 88.666702, Closs: 0.330933
 Floss: 78.871384, Closs: 0.242951
 Floss: 79.299606, Closs: 0.239964
 Floss: 74.372955, Closs: 0.246731
 Floss: 70.962036, Closs: 0.196276
 Floss: 76.590576, Closs: 0.235006
 Floss: 84.331894, Closs: 0.269361
 Floss: 79.320755, Closs: 0.289301
 Floss: 84.201706, Closs: 0.259380
 Floss: 76.373642, Closs: 0.268551
 Floss: 85.198456, Closs: 0.287960
 Floss: 89.409088, Closs: 0.338599
 Floss: 78.992088, Closs: 0.259911
 Floss: 81.390228, Closs: 0.296978
 Floss: 89.248230, Closs: 0.334722
 Floss: 75.523918, Closs: 0.253031
 Floss: 75.457687, Closs: 0.227961
 Floss: 72.356018, Closs: 0.247081
 Floss: 76.884918, Closs: 0.251425
 Floss: 80.244621, Closs: 0.261628
 Floss: 93.779190, Closs: 0.369367
 Floss: 69.767632, Closs: 0.149989
-------------
epoch 14 || Epoch_Loss:81.37255223592122, Epoch_FlowLoss:81.10186915927464, Epock_CycleLoss:0.2706561866733763
-------------
Epoch 15/100
-------------
（train）
 Floss: 84.302856, Closs: 0.281571
 Floss: 84.236877, Closs: 0.300897
 Floss: 80.371246, Closs: 0.278827
 Floss: 82.405731, Closs: 0.288011
 Floss: 83.188164, Closs: 0.282948
 Floss: 87.571838, Closs: 0.314765
 Floss: 77.668518, Closs: 0.262779
 Floss: 84.842453, Closs: 0.323158
 Floss: 81.068649, Closs: 0.280181
 Floss: 89.996056, Closs: 0.352669
 Floss: 75.867889, Closs: 0.259545
 Floss: 84.105583, Closs: 0.304062
 Floss: 73.787033, Closs: 0.258095
 Floss: 78.977608, Closs: 0.266565
 Floss: 73.262222, Closs: 0.251262
 Floss: 85.126312, Closs: 0.328141
 Floss: 76.162842, Closs: 0.270719
 Floss: 69.386230, Closs: 0.234257
 Floss: 71.809753, Closs: 0.264616
 Floss: 79.479385, Closs: 0.284593
 Floss: 73.811729, Closs: 0.269889
 Floss: 67.981522, Closs: 0.205846
 Floss: 78.431549, Closs: 0.268720
 Floss: 89.653564, Closs: 0.320300
 Floss: 78.045929, Closs: 0.281870
 Floss: 75.271255, Closs: 0.272714
 Floss: 80.317253, Closs: 0.296517
 Floss: 84.047508, Closs: 0.290014
 Floss: 79.475784, Closs: 0.285274
 Floss: 77.524361, Closs: 0.293840
 Floss: 84.023216, Closs: 0.343321
 Floss: 81.939072, Closs: 0.232223
 Floss: 77.669571, Closs: 0.267345
 Floss: 92.094055, Closs: 0.356031
 Floss: 88.480896, Closs: 0.311408
 Floss: 95.515930, Closs: 0.176210
-------------
epoch 15 || Epoch_Loss:81.05723889668785, Epoch_FlowLoss:80.77501233418785, Epock_CycleLoss:0.2821995454529921
-------------
Epoch 16/100
-------------
（train）
 Floss: 76.849533, Closs: 0.266271
 Floss: 97.865845, Closs: 0.389403
 Floss: 77.194313, Closs: 0.258911
 Floss: 72.562447, Closs: 0.230944
 Floss: 72.616165, Closs: 0.251259
 Floss: 83.256371, Closs: 0.277898
 Floss: 87.299545, Closs: 0.314437
 Floss: 75.997452, Closs: 0.244855
 Floss: 72.057312, Closs: 0.266953
 Floss: 72.602798, Closs: 0.258642
 Floss: 82.033897, Closs: 0.293638
 Floss: 72.725906, Closs: 0.255473
 Floss: 66.930855, Closs: 0.219725
 Floss: 83.216156, Closs: 0.340225
 Floss: 77.437836, Closs: 0.280426
 Floss: 79.666000, Closs: 0.303753
 Floss: 81.532150, Closs: 0.292428
 Floss: 75.907890, Closs: 0.286744
 Floss: 70.326843, Closs: 0.268109
 Floss: 75.861778, Closs: 0.291091
 Floss: 75.170372, Closs: 0.303826
 Floss: 88.502441, Closs: 0.406406
 Floss: 75.444260, Closs: 0.295451
 Floss: 68.946259, Closs: 0.236765
 Floss: 76.984413, Closs: 0.304966
 Floss: 75.220360, Closs: 0.324090
 Floss: 79.720581, Closs: 0.309402
 Floss: 71.179428, Closs: 0.256926
 Floss: 82.767822, Closs: 0.320793
 Floss: 73.900932, Closs: 0.257819
 Floss: 84.377945, Closs: 0.321961
 Floss: 75.032120, Closs: 0.253820
 Floss: 75.210007, Closs: 0.302093
 Floss: 74.526505, Closs: 0.275599
 Floss: 83.268906, Closs: 0.319375
 Floss: 95.242294, Closs: 0.199787
-------------
epoch 16 || Epoch_Loss:78.32547208997941, Epoch_FlowLoss:78.039881600274, Epock_CycleLoss:0.2855628939966361
-------------
Epoch 17/100
-------------
（train）
 Floss: 69.785278, Closs: 0.231358
 Floss: 73.961586, Closs: 0.267473
 Floss: 72.299423, Closs: 0.228537
 Floss: 79.524612, Closs: 0.290418
 Floss: 67.184532, Closs: 0.216490
 Floss: 68.490089, Closs: 0.234134
 Floss: 78.593674, Closs: 0.301209
 Floss: 96.000824, Closs: 0.392387
 Floss: 69.577576, Closs: 0.229801
 Floss: 77.794861, Closs: 0.302692
 Floss: 79.687492, Closs: 0.324295
 Floss: 74.518944, Closs: 0.285722
 Floss: 74.639297, Closs: 0.257504
 Floss: 270.703064, Closs: 0.687659
 Floss: 78.551453, Closs: 0.257720
 Floss: 77.162811, Closs: 0.229166
 Floss: 79.436798, Closs: 0.244933
 Floss: 92.496422, Closs: 0.332144
 Floss: 88.014618, Closs: 0.321390
 Floss: 83.739120, Closs: 0.281116
 Floss: 80.901154, Closs: 0.295935
 Floss: 82.765121, Closs: 0.321288
 Floss: 82.196289, Closs: 0.340011
 Floss: 83.500259, Closs: 0.329273
 Floss: 79.093689, Closs: 0.298315
 Floss: 71.067665, Closs: 0.238113
 Floss: 84.890541, Closs: 0.339105
 Floss: 71.653778, Closs: 0.238952
 Floss: 78.170547, Closs: 0.272226
 Floss: 91.591507, Closs: 0.377494
 Floss: 80.932190, Closs: 0.337763
 Floss: 70.157303, Closs: 0.254212
 Floss: 72.996201, Closs: 0.276050
 Floss: 82.425240, Closs: 0.316806
 Floss: 72.928352, Closs: 0.296740
 Floss: 31.471844, Closs: 0.095217
-------------
epoch 17 || Epoch_Loss:82.76246542400784, Epoch_FlowLoss:82.46955988142226, Epock_CycleLoss:0.29287910626994235
-------------
Epoch 18/100
-------------
（train）
 Floss: 68.121155, Closs: 0.271323
 Floss: 77.178169, Closs: 0.339464
 Floss: 81.412888, Closs: 0.337952
 Floss: 71.112488, Closs: 0.305372
 Floss: 73.271271, Closs: 0.317396
 Floss: 58.505260, Closs: 0.190850
 Floss: 72.705902, Closs: 0.269827
 Floss: 156.218414, Closs: 0.498222
 Floss: 71.319412, Closs: 0.270232
 Floss: 93.178123, Closs: 0.390085
 Floss: 76.800140, Closs: 0.266731
 Floss: 71.192291, Closs: 0.252141
 Floss: 73.894279, Closs: 0.275753
 Floss: 79.665352, Closs: 0.286974
 Floss: 66.683151, Closs: 0.240859
 Floss: 74.920158, Closs: 0.296068
 Floss: 65.282394, Closs: 0.215649
 Floss: 63.243542, Closs: 0.236041
 Floss: 73.136093, Closs: 0.301551
 Floss: 69.743484, Closs: 0.292692
 Floss: 189.358505, Closs: 0.571805
 Floss: 72.252563, Closs: 0.245163
 Floss: 78.341782, Closs: 0.208117
 Floss: 77.804100, Closs: 0.251387
 Floss: 93.328262, Closs: 0.333058
 Floss: 84.583130, Closs: 0.366346
 Floss: 80.111877, Closs: 0.329018
 Floss: 85.844299, Closs: 0.349236
 Floss: 79.374588, Closs: 0.316708
 Floss: 80.187187, Closs: 0.329877
 Floss: 75.169586, Closs: 0.312193
 Floss: 77.166267, Closs: 0.301224
 Floss: 71.553238, Closs: 0.310465
 Floss: 73.624718, Closs: 0.286497
 Floss: 72.581779, Closs: 0.290337
 Floss: 16.250626, Closs: 0.060925
-------------
epoch 18 || Epoch_Loss:79.32875108718872, Epoch_FlowLoss:79.03101327684189, Epock_CycleLoss:0.2977094188746479
-------------
Epoch 19/100
-------------
（train）
 Floss: 73.692764, Closs: 0.286213
 Floss: 78.120239, Closs: 0.309408
 Floss: 75.079803, Closs: 0.297397
 Floss: 72.109215, Closs: 0.275070
 Floss: 64.996796, Closs: 0.246197
 Floss: 70.501823, Closs: 0.293331
 Floss: 78.477318, Closs: 0.364513
 Floss: 69.672836, Closs: 0.291368
 Floss: 70.710655, Closs: 0.286008
 Floss: 136.772095, Closs: 0.515198
 Floss: 64.877823, Closs: 0.232095
 Floss: 84.393661, Closs: 0.367256
 Floss: 75.877876, Closs: 0.266549
 Floss: 70.543877, Closs: 0.258635
 Floss: 75.112076, Closs: 0.313831
 Floss: 70.924026, Closs: 0.287883
 Floss: 72.531342, Closs: 0.323951
 Floss: 72.010727, Closs: 0.274974
 Floss: 67.236519, Closs: 0.263444
 Floss: 76.260254, Closs: 0.315841
 Floss: 66.742264, Closs: 0.259864
 Floss: 80.676102, Closs: 0.336716
 Floss: 72.112953, Closs: 0.306060
 Floss: 74.129349, Closs: 0.355573
 Floss: 62.299911, Closs: 0.254497
 Floss: 73.576630, Closs: 0.324003
 Floss: 74.128319, Closs: 0.305407
 Floss: 68.801865, Closs: 0.267437
 Floss: 71.277458, Closs: 0.315953
 Floss: 70.322678, Closs: 0.332210
 Floss: 75.994789, Closs: 0.298311
 Floss: 70.391083, Closs: 0.324113
 Floss: 69.009720, Closs: 0.306086
 Floss: 62.966167, Closs: 0.234758
 Floss: 72.682480, Closs: 0.324862
 Floss: 74.133087, Closs: 0.242660
-------------
epoch 19 || Epoch_Loss:74.16681183709039, Epoch_FlowLoss:73.86518277062312, Epock_CycleLoss:0.3016020903984705
-------------
Epoch 20/100
-------------
（train）
 Floss: 75.811363, Closs: 0.303818
 Floss: 64.672508, Closs: 0.261388
 Floss: 71.020859, Closs: 0.309924
 Floss: 71.839775, Closs: 0.310220
 Floss: 62.523815, Closs: 0.235967
 Floss: 63.338055, Closs: 0.242173
 Floss: 68.150772, Closs: 0.296572
 Floss: 63.544907, Closs: 0.263848
 Floss: 60.792236, Closs: 0.231082
 Floss: 67.155396, Closs: 0.292309
 Floss: 67.955887, Closs: 0.305806
 Floss: 72.042877, Closs: 0.340651
 Floss: 67.069717, Closs: 0.285469
 Floss: 72.666557, Closs: 0.360660
 Floss: 61.956341, Closs: 0.224452
 Floss: 70.251404, Closs: 0.325626
 Floss: 78.161652, Closs: 0.363249
 Floss: 61.340546, Closs: 0.218492
 Floss: 71.608421, Closs: 0.349431
 Floss: 62.829384, Closs: 0.278104
 Floss: 68.360504, Closs: 0.302755
 Floss: 65.535126, Closs: 0.293280
 Floss: 79.144730, Closs: 0.390767
 Floss: 70.260513, Closs: 0.307269
 Floss: 69.444328, Closs: 0.327113
 Floss: 68.926338, Closs: 0.353781
 Floss: 72.762619, Closs: 0.337920
 Floss: 71.537109, Closs: 0.333772
 Floss: 67.279556, Closs: 0.284301
 Floss: 71.151337, Closs: 0.381900
 Floss: 73.164452, Closs: 0.349405
 Floss: 64.622101, Closs: 0.311383
 Floss: 76.576591, Closs: 0.370654
 Floss: 64.017563, Closs: 0.268561
 Floss: 66.895393, Closs: 0.309948
 Floss: 30.637188, Closs: 0.097366
-------------
epoch 20 || Epoch_Loss:67.94078742133247, Epoch_FlowLoss:67.64022000630698, Epock_CycleLoss:0.3005393404099677
-------------
Epoch 21/100
-------------
（train）
 Floss: 62.379608, Closs: 0.245757
 Floss: 80.330498, Closs: 0.364497
 Floss: 62.365379, Closs: 0.277352
 Floss: 69.850220, Closs: 0.336691
 Floss: 63.995850, Closs: 0.287525
 Floss: 67.178223, Closs: 0.302112
 Floss: 65.076202, Closs: 0.291427
 Floss: 68.637444, Closs: 0.312831
 Floss: 77.078888, Closs: 0.354681
 Floss: 63.745117, Closs: 0.253908
 Floss: 65.153465, Closs: 0.268401
 Floss: 65.791145, Closs: 0.285338
 Floss: 65.770599, Closs: 0.303864
 Floss: 68.429443, Closs: 0.314384
 Floss: 66.722900, Closs: 0.295295
 Floss: 61.772858, Closs: 0.282437
 Floss: 76.152115, Closs: 0.351792
 Floss: 68.160034, Closs: 0.288118
 Floss: 69.628441, Closs: 0.345411
 Floss: 71.971497, Closs: 0.333939
 Floss: 65.481308, Closs: 0.288550
 Floss: 69.627098, Closs: 0.369262
 Floss: 63.916893, Closs: 0.316604
 Floss: 60.248550, Closs: 0.254233
 Floss: 66.473000, Closs: 0.333643
 Floss: 74.170883, Closs: 0.396283
 Floss: 72.861801, Closs: 0.357338
 Floss: 74.660248, Closs: 0.377421
 Floss: 70.278893, Closs: 0.345666
 Floss: 60.397762, Closs: 0.269887
 Floss: 63.807411, Closs: 0.297158
 Floss: 75.073654, Closs: 0.376430
 Floss: 69.435074, Closs: 0.329352
 Floss: 70.130379, Closs: 0.374274
 Floss: 63.290833, Closs: 0.306223
 Floss: 51.618786, Closs: 0.151517
-------------
epoch 21 || Epoch_Loss:67.8584197362264, Epoch_FlowLoss:67.54618051317003, Epock_CycleLoss:0.31221117782923913
-------------
Epoch 22/100
-------------
（train）
 Floss: 66.209015, Closs: 0.298734
 Floss: 75.640594, Closs: 0.393814
 Floss: 59.426262, Closs: 0.220667
 Floss: 71.686844, Closs: 0.338607
 Floss: 75.731255, Closs: 0.392955
 Floss: 71.280624, Closs: 0.344965
 Floss: 72.188141, Closs: 0.346945
 Floss: 61.902290, Closs: 0.273311
 Floss: 67.178116, Closs: 0.279243
 Floss: 70.611710, Closs: 0.313374
 Floss: 71.498886, Closs: 0.340143
 Floss: 64.093994, Closs: 0.297514
 Floss: 56.638817, Closs: 0.245977
 Floss: 63.714104, Closs: 0.283410
 Floss: 68.552811, Closs: 0.353844
 Floss: 61.648735, Closs: 0.290284
 Floss: 64.019867, Closs: 0.293694
 Floss: 62.581081, Closs: 0.275143
 Floss: 70.567123, Closs: 0.385881
 Floss: 68.064606, Closs: 0.337499
 Floss: 75.699524, Closs: 0.435094
 Floss: 61.951233, Closs: 0.296660
 Floss: 62.880859, Closs: 0.327172
 Floss: 66.443420, Closs: 0.333430
 Floss: 69.159706, Closs: 0.358907
 Floss: 67.141747, Closs: 0.344340
 Floss: 75.441933, Closs: 0.401388
 Floss: 67.661339, Closs: 0.348190
 Floss: 65.612915, Closs: 0.333152
 Floss: 63.149223, Closs: 0.271155
 Floss: 61.125957, Closs: 0.296927
 Floss: 57.744957, Closs: 0.244330
 Floss: 61.952286, Closs: 0.272081
 Floss: 69.436737, Closs: 0.358986
 Floss: 58.890633, Closs: 0.272135
 Floss: 31.650482, Closs: 0.121808
-------------
epoch 22 || Epoch_Loss:65.8472385406494, Epoch_FlowLoss:65.5327173868815, Epock_CycleLoss:0.3144932958400911
-------------
Epoch 23/100
-------------
（train）
 Floss: 60.443993, Closs: 0.291127
 Floss: 61.044827, Closs: 0.299618
 Floss: 60.415878, Closs: 0.252635
 Floss: 64.861710, Closs: 0.298318
 Floss: 67.364914, Closs: 0.349719
 Floss: 61.720577, Closs: 0.296288
 Floss: 68.378777, Closs: 0.363245
 Floss: 74.979263, Closs: 0.419386
 Floss: 57.865658, Closs: 0.253586
 Floss: 70.637573, Closs: 0.347305
 Floss: 70.599716, Closs: 0.345694
 Floss: 63.526592, Closs: 0.289283
 Floss: 61.140053, Closs: 0.275303
 Floss: 62.640759, Closs: 0.307620
 Floss: 62.952877, Closs: 0.331607
 Floss: 60.425446, Closs: 0.290183
 Floss: 74.233604, Closs: 0.384294
 Floss: 61.424004, Closs: 0.314234
 Floss: 77.835709, Closs: 0.419757
 Floss: 62.976929, Closs: 0.345862
 Floss: 70.761993, Closs: 0.409383
 Floss: 69.785202, Closs: 0.398829
 Floss: 66.935715, Closs: 0.364901
 Floss: 66.508583, Closs: 0.309694
 Floss: 68.416229, Closs: 0.379352
 Floss: 57.721550, Closs: 0.266355
 Floss: 57.818066, Closs: 0.277646
 Floss: 75.640800, Closs: 0.400517
 Floss: 60.931774, Closs: 0.279613
 Floss: 58.632019, Closs: 0.297241
 Floss: 56.406704, Closs: 0.262398
 Floss: 64.399628, Closs: 0.329671
 Floss: 67.453903, Closs: 0.374723
 Floss: 60.211967, Closs: 0.276117
 Floss: 72.226578, Closs: 0.385883
 Floss: 71.015640, Closs: 0.135659
-------------
epoch 23 || Epoch_Loss:65.60997899373372, Epoch_FlowLoss:65.28708913591174, Epock_CycleLoss:0.3228623987072044
-------------
Epoch 24/100
-------------
（train）
 Floss: 62.233856, Closs: 0.314077
 Floss: 67.041405, Closs: 0.375643
 Floss: 71.093857, Closs: 0.362387
 Floss: 67.230232, Closs: 0.320009
 Floss: 69.622955, Closs: 0.388427
 Floss: 59.061554, Closs: 0.276420
 Floss: 63.313324, Closs: 0.313338
 Floss: 62.767952, Closs: 0.335790
 Floss: 64.526062, Closs: 0.328151
 Floss: 70.543816, Closs: 0.365337
 Floss: 65.703186, Closs: 0.304150
 Floss: 68.124664, Closs: 0.357752
 Floss: 55.230980, Closs: 0.249920
 Floss: 68.606247, Closs: 0.372119
 Floss: 63.864960, Closs: 0.304705
 Floss: 54.765148, Closs: 0.226989
 Floss: 65.103020, Closs: 0.294821
 Floss: 64.393707, Closs: 0.315235
 Floss: 60.494011, Closs: 0.285410
 Floss: 59.814133, Closs: 0.299597
 Floss: 65.016724, Closs: 0.354026
 Floss: 63.702984, Closs: 0.369821
 Floss: 65.968102, Closs: 0.345968
 Floss: 62.447235, Closs: 0.316422
 Floss: 70.044952, Closs: 0.356622
 Floss: 72.835373, Closs: 0.402705
 Floss: 63.357601, Closs: 0.331287
 Floss: 64.611229, Closs: 0.367290
 Floss: 59.455715, Closs: 0.303273
 Floss: 61.736156, Closs: 0.324217
 Floss: 62.329742, Closs: 0.320788
 Floss: 63.750931, Closs: 0.323494
 Floss: 68.910065, Closs: 0.347005
 Floss: 64.694443, Closs: 0.369639
 Floss: 54.760998, Closs: 0.283613
 Floss: 64.034393, Closs: 0.176865
-------------
epoch 24 || Epoch_Loss:64.52433437771268, Epoch_FlowLoss:64.19976976182726, Epock_CycleLoss:0.32453650567266673
-------------
Epoch 25/100
-------------
（train）
 Floss: 63.402878, Closs: 0.323750
 Floss: 68.740952, Closs: 0.330679
 Floss: 55.594009, Closs: 0.252024
 Floss: 67.694000, Closs: 0.373271
 Floss: 68.574677, Closs: 0.362177
 Floss: 63.561424, Closs: 0.359746
 Floss: 63.561668, Closs: 0.339926
 Floss: 71.399574, Closs: 0.426796
 Floss: 74.663689, Closs: 0.456264
 Floss: 64.799637, Closs: 0.339900
 Floss: 67.131332, Closs: 0.393591
 Floss: 67.456818, Closs: 0.342132
 Floss: 68.087288, Closs: 0.405077
 Floss: 60.440582, Closs: 0.321917
 Floss: 60.469696, Closs: 0.278536
 Floss: 67.670181, Closs: 0.356882
 Floss: 59.755875, Closs: 0.314070
 Floss: 65.641342, Closs: 0.358522
 Floss: 60.877865, Closs: 0.311572
 Floss: 60.557442, Closs: 0.340007
 Floss: 53.813183, Closs: 0.278541
 Floss: 162.775620, Closs: 0.601768
 Floss: 74.070381, Closs: 0.311906
 Floss: 62.496368, Closs: 0.208637
 Floss: 59.822182, Closs: 0.226514
 Floss: 71.540817, Closs: 0.314508
 Floss: 62.477348, Closs: 0.251875
 Floss: 62.715172, Closs: 0.280386
 Floss: 68.530090, Closs: 0.345995
 Floss: 70.308311, Closs: 0.331786
 Floss: 63.298508, Closs: 0.286268
 Floss: 66.743256, Closs: 0.326711
 Floss: 57.397438, Closs: 0.286681
 Floss: 66.074883, Closs: 0.360357
 Floss: 60.853264, Closs: 0.312591
 Floss: 11.062164, Closs: 0.051808
-------------
epoch 25 || Epoch_Loss:66.2728918393453, Epoch_FlowLoss:65.94610871209039, Epock_CycleLoss:0.32675468238691485
-------------
Epoch 26/100
-------------
（train）
 Floss: 60.713722, Closs: 0.291796
 Floss: 68.425339, Closs: 0.375180
 Floss: 62.900574, Closs: 0.340482
 Floss: 70.648514, Closs: 0.416737
 Floss: 116.799423, Closs: 0.518863
 Floss: 62.603546, Closs: 0.296908
 Floss: 62.338951, Closs: 0.292533
 Floss: 71.060013, Closs: 0.336548
 Floss: 55.259033, Closs: 0.266146
 Floss: 60.867901, Closs: 0.318130
 Floss: 60.656952, Closs: 0.306920
 Floss: 63.453743, Closs: 0.349314
 Floss: 56.890938, Closs: 0.287581
 Floss: 64.085785, Closs: 0.332432
 Floss: 60.209190, Closs: 0.298457
 Floss: 62.542076, Closs: 0.321241
 Floss: 65.134155, Closs: 0.334431
 Floss: 116.269127, Closs: 0.622686
 Floss: 63.078884, Closs: 0.314881
 Floss: 70.414543, Closs: 0.338758
 Floss: 59.941738, Closs: 0.291357
 Floss: 59.193619, Closs: 0.274586
 Floss: 67.509331, Closs: 0.355186
 Floss: 58.906853, Closs: 0.270477
 Floss: 58.014427, Closs: 0.311593
 Floss: 59.548111, Closs: 0.333578
 Floss: 61.303452, Closs: 0.324986
 Floss: 63.286785, Closs: 0.333355
 Floss: 67.149040, Closs: 0.390361
 Floss: 66.834679, Closs: 0.372112
 Floss: 57.042126, Closs: 0.322797
 Floss: 61.924923, Closs: 0.344787
 Floss: 56.926292, Closs: 0.283260
 Floss: 71.098473, Closs: 0.380981
 Floss: 64.523865, Closs: 0.367296
 Floss: 35.802536, Closs: 0.163154
-------------
epoch 26 || Epoch_Loss:65.42887708875867, Epoch_FlowLoss:65.0932960510254, Epock_CycleLoss:0.33555245316690874
-------------
Epoch 27/100
-------------
（train）
 Floss: 64.907402, Closs: 0.377754
 Floss: 66.127945, Closs: 0.345014
 Floss: 60.267372, Closs: 0.311026
 Floss: 55.957100, Closs: 0.289598
 Floss: 60.459259, Closs: 0.322783
 Floss: 59.449913, Closs: 0.319577
 Floss: 58.050667, Closs: 0.333757
 Floss: 62.987762, Closs: 0.354448
 Floss: 56.676323, Closs: 0.300417
 Floss: 65.895508, Closs: 0.395012
 Floss: 57.168930, Closs: 0.307040
 Floss: 58.593712, Closs: 0.323881
 Floss: 65.622963, Closs: 0.383919
 Floss: 60.354031, Closs: 0.336650
 Floss: 61.488892, Closs: 0.372419
 Floss: 56.149960, Closs: 0.295951
 Floss: 57.164795, Closs: 0.310476
 Floss: 60.790176, Closs: 0.327072
 Floss: 66.465904, Closs: 0.407898
 Floss: 53.851250, Closs: 0.265413
 Floss: 58.048595, Closs: 0.336055
 Floss: 60.703842, Closs: 0.333212
 Floss: 64.412384, Closs: 0.378283
 Floss: 60.020622, Closs: 0.361454
 Floss: 58.324333, Closs: 0.303889
 Floss: 56.200874, Closs: 0.301388
 Floss: 58.166504, Closs: 0.336159
 Floss: 54.465740, Closs: 0.290346
 Floss: 71.524734, Closs: 0.400571
 Floss: 61.850479, Closs: 0.360681
 Floss: 65.107147, Closs: 0.402295
 Floss: 56.167122, Closs: 0.310821
 Floss: 58.118847, Closs: 0.314987
 Floss: 64.475327, Closs: 0.366950
 Floss: 59.264935, Closs: 0.355961
 Floss: 11.264976, Closs: 0.064501
-------------
epoch 27 || Epoch_Loss:59.40125052134196, Epoch_FlowLoss:59.070731242497764, Epock_CycleLoss:0.33049050014879966
-------------
Epoch 28/100
-------------
（train）
 Floss: 54.847130, Closs: 0.299573
 Floss: 52.153435, Closs: 0.269976
 Floss: 61.794434, Closs: 0.389211
 Floss: 57.695984, Closs: 0.329303
 Floss: 59.157585, Closs: 0.301108
 Floss: 61.820324, Closs: 0.347541
 Floss: 65.278000, Closs: 0.399148
 Floss: 55.232048, Closs: 0.290750
 Floss: 53.318676, Closs: 0.297014
 Floss: 59.143993, Closs: 0.349487
 Floss: 56.935509, Closs: 0.314524
 Floss: 66.910904, Closs: 0.419531
 Floss: 50.861279, Closs: 0.247239
 Floss: 54.622463, Closs: 0.291470
 Floss: 57.081505, Closs: 0.335904
 Floss: 67.036301, Closs: 0.401455
 Floss: 58.753189, Closs: 0.366258
 Floss: 60.025238, Closs: 0.365324
 Floss: 61.699764, Closs: 0.378604
 Floss: 62.853832, Closs: 0.357216
 Floss: 67.946030, Closs: 0.430178
 Floss: 62.131268, Closs: 0.363225
 Floss: 61.748878, Closs: 0.367395
 Floss: 65.930161, Closs: 0.431648
 Floss: 58.462219, Closs: 0.347905
 Floss: 61.887386, Closs: 0.346468
 Floss: 55.881897, Closs: 0.325649
 Floss: 58.260681, Closs: 0.350680
 Floss: 61.046124, Closs: 0.368314
 Floss: 58.457729, Closs: 0.366073
 Floss: 57.245148, Closs: 0.334082
 Floss: 55.057617, Closs: 0.315634
 Floss: 57.362793, Closs: 0.313202
 Floss: 111.050583, Closs: 0.577454
 Floss: 60.628857, Closs: 0.304833
 Floss: 20.896854, Closs: 0.083830
-------------
epoch 28 || Epoch_Loss:60.09983444213868, Epoch_FlowLoss:59.75599490271674, Epock_CycleLoss:0.34381129033863544
-------------
Epoch 29/100
-------------
（train）
 Floss: 67.055923, Closs: 0.363146
 Floss: 59.546112, Closs: 0.315945
 Floss: 60.717785, Closs: 0.340128
 Floss: 59.262524, Closs: 0.341806
 Floss: 64.987961, Closs: 0.418101
 Floss: 65.650085, Closs: 0.396060
 Floss: 61.521942, Closs: 0.386921
 Floss: 73.118881, Closs: 0.457682
 Floss: 60.662460, Closs: 0.371359
 Floss: 54.274059, Closs: 0.286520
 Floss: 53.860779, Closs: 0.299731
 Floss: 64.395889, Closs: 0.365564
 Floss: 56.481934, Closs: 0.311423
 Floss: 54.602196, Closs: 0.305598
 Floss: 62.592438, Closs: 0.371614
 Floss: 53.695908, Closs: 0.304761
 Floss: 57.927761, Closs: 0.339713
 Floss: 59.641655, Closs: 0.335667
 Floss: 52.271790, Closs: 0.287904
 Floss: 54.887886, Closs: 0.304374
 Floss: 55.035980, Closs: 0.323921
 Floss: 60.353436, Closs: 0.347026
 Floss: 57.973808, Closs: 0.341118
 Floss: 60.993816, Closs: 0.372793
 Floss: 71.645004, Closs: 0.476769
 Floss: 63.383617, Closs: 0.381673
 Floss: 56.550285, Closs: 0.339210
 Floss: 63.012787, Closs: 0.397650
 Floss: 61.335049, Closs: 0.389278
 Floss: 62.710613, Closs: 0.403326
 Floss: 56.662731, Closs: 0.311547
 Floss: 54.754333, Closs: 0.293861
 Floss: 47.064999, Closs: 0.216797
 Floss: 49.343868, Closs: 0.265043
 Floss: 54.411236, Closs: 0.332347
 Floss: 75.854172, Closs: 0.250855
-------------
epoch 29 || Epoch_Loss:60.01638783348931, Epoch_FlowLoss:59.67338063981798, Epock_CycleLoss:0.34297866291469997
-------------
Epoch 30/100
-------------
（train）
 Floss: 61.507362, Closs: 0.330810
 Floss: 60.341553, Closs: 0.281090
 Floss: 62.230606, Closs: 0.304960
 Floss: 64.463646, Closs: 0.347701
 Floss: 76.064674, Closs: 0.452141
 Floss: 58.626324, Closs: 0.343579
 Floss: 61.138779, Closs: 0.357432
 Floss: 66.533478, Closs: 0.396148
 Floss: 62.796246, Closs: 0.404251
 Floss: 62.285446, Closs: 0.388231
 Floss: 60.226238, Closs: 0.353970
 Floss: 60.075329, Closs: 0.332613
 Floss: 51.882874, Closs: 0.272076
 Floss: 56.709465, Closs: 0.312221
 Floss: 56.544792, Closs: 0.299286
 Floss: 59.371880, Closs: 0.350779
 Floss: 68.028198, Closs: 0.390178
 Floss: 58.236614, Closs: 0.319268
 Floss: 52.428131, Closs: 0.287342
 Floss: 54.428131, Closs: 0.331718
 Floss: 54.145058, Closs: 0.300315
 Floss: 57.571800, Closs: 0.340370
 Floss: 60.325710, Closs: 0.342291
 Floss: 57.531597, Closs: 0.321641
 Floss: 57.642143, Closs: 0.350827
 Floss: 62.142410, Closs: 0.401873
 Floss: 60.279297, Closs: 0.424398
 Floss: 59.956558, Closs: 0.382882
 Floss: 51.703854, Closs: 0.304600
 Floss: 56.859756, Closs: 0.335791
 Floss: 63.883469, Closs: 0.383629
 Floss: 50.603836, Closs: 0.255557
 Floss: 91.680382, Closs: 0.521746
 Floss: 58.749096, Closs: 0.347445
 Floss: 68.065201, Closs: 0.426940
 Floss: 45.263855, Closs: 0.157543
-------------
epoch 30 || Epoch_Loss:60.632734828525116, Epoch_FlowLoss:60.2867718802558, Epock_CycleLoss:0.3459344936741723
-------------
Epoch 31/100
-------------
（train）
 Floss: 66.239700, Closs: 0.353168
 Floss: 62.837479, Closs: 0.340917
 Floss: 63.343658, Closs: 0.393533
 Floss: 57.617432, Closs: 0.343362
 Floss: 60.537868, Closs: 0.375955
 Floss: 64.503441, Closs: 0.411127
 Floss: 59.663147, Closs: 0.372341
 Floss: 93.540062, Closs: 0.511741
 Floss: 50.100689, Closs: 0.261082
 Floss: 65.302170, Closs: 0.356396
 Floss: 54.183075, Closs: 0.281725
 Floss: 57.152275, Closs: 0.291070
 Floss: 56.635647, Closs: 0.316617
 Floss: 63.748779, Closs: 0.377125
 Floss: 56.187817, Closs: 0.321154
 Floss: 59.828625, Closs: 0.349680
 Floss: 59.661877, Closs: 0.358535
 Floss: 60.422207, Closs: 0.361408
 Floss: 59.416435, Closs: 0.387345
 Floss: 53.172050, Closs: 0.317675
 Floss: 59.772385, Closs: 0.380140
 Floss: 56.775433, Closs: 0.339940
 Floss: 59.820862, Closs: 0.346612
 Floss: 61.430351, Closs: 0.381686
 Floss: 61.559048, Closs: 0.394183
 Floss: 61.173340, Closs: 0.401600
 Floss: 63.867687, Closs: 0.430978
 Floss: 52.463650, Closs: 0.327594
 Floss: 57.567383, Closs: 0.375883
 Floss: 54.167198, Closs: 0.286119
 Floss: 56.856995, Closs: 0.344899
 Floss: 49.138393, Closs: 0.264531
 Floss: 56.779877, Closs: 0.360368
 Floss: 50.190346, Closs: 0.261687
 Floss: 55.992168, Closs: 0.329500
 Floss: 10.040217, Closs: 0.042908
-------------
epoch 31 || Epoch_Loss:58.44559375445048, Epoch_FlowLoss:58.102493471569474, Epock_CycleLoss:0.34307176743944484
-------------
Epoch 32/100
-------------
（train）
 Floss: 63.051819, Closs: 0.399160
 Floss: 58.241882, Closs: 0.373125
 Floss: 53.838039, Closs: 0.310984
 Floss: 51.389267, Closs: 0.306112
 Floss: 53.138779, Closs: 0.324879
 Floss: 46.236870, Closs: 0.256022
 Floss: 53.322983, Closs: 0.308326
 Floss: 53.811489, Closs: 0.327002
 Floss: 53.594109, Closs: 0.334923
 Floss: 57.194641, Closs: 0.379417
 Floss: 61.786785, Closs: 0.403367
 Floss: 56.717194, Closs: 0.357337
 Floss: 57.618553, Closs: 0.363947
 Floss: 53.859280, Closs: 0.318974
 Floss: 52.914108, Closs: 0.320897
 Floss: 55.757919, Closs: 0.326302
 Floss: 64.332184, Closs: 0.427142
 Floss: 59.156780, Closs: 0.383722
 Floss: 57.952873, Closs: 0.383714
 Floss: 61.487530, Closs: 0.399400
 Floss: 56.925091, Closs: 0.362957
 Floss: 57.502060, Closs: 0.370511
 Floss: 61.647697, Closs: 0.399646
 Floss: 56.670544, Closs: 0.375162
 Floss: 63.947510, Closs: 0.420991
 Floss: 53.545769, Closs: 0.322768
 Floss: 54.642700, Closs: 0.345841
 Floss: 65.330750, Closs: 0.487874
 Floss: 57.576550, Closs: 0.348993
 Floss: 51.932991, Closs: 0.317225
 Floss: 59.232971, Closs: 0.391790
 Floss: 58.397461, Closs: 0.356061
 Floss: 85.546623, Closs: 0.482668
 Floss: 60.453381, Closs: 0.351277
 Floss: 53.694092, Closs: 0.296579
 Floss: 38.270416, Closs: 0.148900
-------------
epoch 32 || Epoch_Loss:57.59735287560355, Epoch_FlowLoss:57.242213567097984, Epock_CycleLoss:0.35511093835035956
-------------
Epoch 33/100
-------------
（train）
 Floss: 59.668865, Closs: 0.337596
 Floss: 54.755760, Closs: 0.301665
 Floss: 60.549278, Closs: 0.380649
 Floss: 56.140800, Closs: 0.343902
 Floss: 60.857338, Closs: 0.388508
 Floss: 57.536400, Closs: 0.378261
 Floss: 58.755974, Closs: 0.371039
 Floss: 52.189789, Closs: 0.310776
 Floss: 54.874905, Closs: 0.332756
 Floss: 66.944168, Closs: 0.401722
 Floss: 51.320221, Closs: 0.289563
 Floss: 56.069305, Closs: 0.349015
 Floss: 59.207695, Closs: 0.377224
 Floss: 55.434647, Closs: 0.328996
 Floss: 60.897564, Closs: 0.399547
 Floss: 44.386589, Closs: 0.212763
 Floss: 55.676697, Closs: 0.347511
 Floss: 65.093964, Closs: 0.454977
 Floss: 57.939934, Closs: 0.376642
 Floss: 58.745422, Closs: 0.402595
 Floss: 53.729362, Closs: 0.342251
 Floss: 96.147156, Closs: 0.580794
 Floss: 52.064541, Closs: 0.295295
 Floss: 64.707031, Closs: 0.356233
 Floss: 51.419754, Closs: 0.297890
 Floss: 54.473995, Closs: 0.347673
 Floss: 60.365967, Closs: 0.382675
 Floss: 64.866867, Closs: 0.450874
 Floss: 54.560036, Closs: 0.331242
 Floss: 56.737274, Closs: 0.338594
 Floss: 56.639740, Closs: 0.356712
 Floss: 53.659729, Closs: 0.329173
 Floss: 64.999794, Closs: 0.455660
 Floss: 47.698936, Closs: 0.271911
 Floss: 61.470055, Closs: 0.413580
 Floss: 14.101854, Closs: 0.054294
-------------
epoch 33 || Epoch_Loss:57.42719475428264, Epoch_FlowLoss:57.07465018166437, Epock_CycleLoss:0.35251551721658975
-------------
Epoch 34/100
-------------
（train）
 Floss: 65.195549, Closs: 0.442731
 Floss: 52.673271, Closs: 0.338702
 Floss: 57.026886, Closs: 0.351500
 Floss: 53.523293, Closs: 0.343589
 Floss: 54.496090, Closs: 0.343446
 Floss: 55.249767, Closs: 0.320550
 Floss: 49.232140, Closs: 0.299371
 Floss: 61.089386, Closs: 0.429114
 Floss: 52.823875, Closs: 0.341679
 Floss: 58.993267, Closs: 0.347119
 Floss: 53.720196, Closs: 0.345280
 Floss: 55.685757, Closs: 0.351156
 Floss: 59.971752, Closs: 0.407478
 Floss: 48.774975, Closs: 0.298474
 Floss: 64.204727, Closs: 0.455851
 Floss: 52.624939, Closs: 0.342863
 Floss: 57.332268, Closs: 0.384292
 Floss: 56.339355, Closs: 0.369134
 Floss: 54.889465, Closs: 0.379646
 Floss: 47.294888, Closs: 0.286961
 Floss: 60.203320, Closs: 0.414783
 Floss: 58.850739, Closs: 0.370120
 Floss: 61.139442, Closs: 0.389313
 Floss: 79.580193, Closs: 0.483211
 Floss: 54.078545, Closs: 0.324661
 Floss: 57.166451, Closs: 0.312062
 Floss: 57.467323, Closs: 0.327954
 Floss: 61.934280, Closs: 0.392788
 Floss: 57.305084, Closs: 0.376018
 Floss: 48.457092, Closs: 0.301422
 Floss: 54.598663, Closs: 0.336570
 Floss: 56.251312, Closs: 0.344177
 Floss: 63.665100, Closs: 0.405913
 Floss: 56.499016, Closs: 0.390328
 Floss: 56.026733, Closs: 0.394617
 Floss: 18.620493, Closs: 0.099797
-------------
epoch 34 || Epoch_Loss:56.27303674485949, Epoch_FlowLoss:55.916267553965255, Epock_CycleLoss:0.3567408704095417
-------------
Epoch 35/100
-------------
（train）
 Floss: 57.820244, Closs: 0.364424
 Floss: 46.037697, Closs: 0.246052
 Floss: 52.991844, Closs: 0.316174
 Floss: 55.591854, Closs: 0.320151
 Floss: 54.158550, Closs: 0.315498
 Floss: 61.299480, Closs: 0.421064
 Floss: 57.681774, Closs: 0.397471
 Floss: 58.333458, Closs: 0.431484
 Floss: 64.291954, Closs: 0.476834
 Floss: 48.621807, Closs: 0.321467
 Floss: 57.583832, Closs: 0.383126
 Floss: 58.658958, Closs: 0.349039
 Floss: 64.733513, Closs: 0.438522
 Floss: 58.930626, Closs: 0.373161
 Floss: 57.040680, Closs: 0.392826
 Floss: 58.429329, Closs: 0.384346
 Floss: 56.858044, Closs: 0.348301
 Floss: 49.050262, Closs: 0.283923
 Floss: 58.489407, Closs: 0.375764
 Floss: 57.330719, Closs: 0.371876
 Floss: 53.864986, Closs: 0.349533
 Floss: 65.779045, Closs: 0.470990
 Floss: 66.375336, Closs: 0.481001
 Floss: 57.727036, Closs: 0.395866
 Floss: 59.933060, Closs: 0.359921
 Floss: 48.076057, Closs: 0.271723
 Floss: 52.976593, Closs: 0.319667
 Floss: 55.364807, Closs: 0.371902
 Floss: 47.358162, Closs: 0.239469
 Floss: 114.735489, Closs: 0.706049
 Floss: 64.686356, Closs: 0.343524
 Floss: 53.685997, Closs: 0.260888
 Floss: 51.556114, Closs: 0.280493
 Floss: 53.640377, Closs: 0.338062
 Floss: 49.752682, Closs: 0.285701
 Floss: 52.451977, Closs: 0.229902
-------------
epoch 35 || Epoch_Loss:58.19209310743545, Epoch_FlowLoss:57.83050293392604, Epock_CycleLoss:0.3615609469513098
-------------
Epoch 36/100
-------------
（train）
 Floss: 53.372871, Closs: 0.335101
 Floss: 58.429298, Closs: 0.351499
 Floss: 57.071709, Closs: 0.314763
 Floss: 54.481640, Closs: 0.308849
 Floss: 54.840862, Closs: 0.307845
 Floss: 62.537537, Closs: 0.400282
 Floss: 63.122101, Closs: 0.407418
 Floss: 56.743599, Closs: 0.361719
 Floss: 53.440140, Closs: 0.325943
 Floss: 58.685966, Closs: 0.383330
 Floss: 52.747322, Closs: 0.342412
 Floss: 48.348171, Closs: 0.284903
 Floss: 60.313362, Closs: 0.403078
 Floss: 57.337917, Closs: 0.349412
 Floss: 50.508377, Closs: 0.318622
 Floss: 59.885403, Closs: 0.389888
 Floss: 56.859356, Closs: 0.374523
 Floss: 50.899567, Closs: 0.346333
 Floss: 54.633984, Closs: 0.343285
 Floss: 58.772072, Closs: 0.407633
 Floss: 51.675560, Closs: 0.337308
 Floss: 53.771408, Closs: 0.373557
 Floss: 49.025024, Closs: 0.304949
 Floss: 48.681099, Closs: 0.302155
 Floss: 57.706070, Closs: 0.403113
 Floss: 52.570904, Closs: 0.333747
 Floss: 50.828518, Closs: 0.332847
 Floss: 60.429546, Closs: 0.424354
 Floss: 53.464886, Closs: 0.359227
 Floss: 62.596889, Closs: 0.470694
 Floss: 67.458855, Closs: 0.489970
 Floss: 54.315491, Closs: 0.391606
 Floss: 57.410686, Closs: 0.398082
 Floss: 55.833557, Closs: 0.380277
 Floss: 50.219124, Closs: 0.324951
 Floss: 36.012356, Closs: 0.126816
-------------
epoch 36 || Epoch_Loss:55.49563164181178, Epoch_FlowLoss:55.13975630866155, Epock_CycleLoss:0.35584695720010334
-------------
Epoch 37/100
-------------
（train）
 Floss: 55.223473, Closs: 0.359028
 Floss: 62.186356, Closs: 0.396798
 Floss: 56.526562, Closs: 0.368005
 Floss: 53.752579, Closs: 0.359078
 Floss: 51.913704, Closs: 0.336387
 Floss: 62.110573, Closs: 0.439545
 Floss: 52.145744, Closs: 0.349627
 Floss: 55.158012, Closs: 0.381265
 Floss: 50.476772, Closs: 0.338320
 Floss: 56.410843, Closs: 0.389407
 Floss: 53.339828, Closs: 0.364616
 Floss: 58.648796, Closs: 0.379572
 Floss: 42.525433, Closs: 0.234097
 Floss: 60.574821, Closs: 0.407388
 Floss: 54.762596, Closs: 0.343245
 Floss: 50.556896, Closs: 0.320389
 Floss: 60.251457, Closs: 0.452931
 Floss: 52.979977, Closs: 0.370097
 Floss: 50.988312, Closs: 0.359406
 Floss: 59.606667, Closs: 0.402117
 Floss: 54.568275, Closs: 0.377854
 Floss: 62.883751, Closs: 0.462311
 Floss: 60.278656, Closs: 0.423137
 Floss: 48.067913, Closs: 0.317767
 Floss: 56.678322, Closs: 0.394777
 Floss: 52.599152, Closs: 0.305021
 Floss: 51.274139, Closs: 0.328466
 Floss: 47.437450, Closs: 0.317263
 Floss: 57.952400, Closs: 0.401178
 Floss: 54.102829, Closs: 0.373263
 Floss: 52.631172, Closs: 0.357485
 Floss: 47.968548, Closs: 0.319321
 Floss: 49.597530, Closs: 0.306053
 Floss: 51.461773, Closs: 0.332146
 Floss: 58.823090, Closs: 0.405187
 Floss: 26.070831, Closs: 0.147822
-------------
epoch 37 || Epoch_Loss:54.04046159320408, Epoch_FlowLoss:53.68153423733182, Epock_CycleLoss:0.35889913017551106
-------------
Epoch 38/100
-------------
（train）
 Floss: 47.666962, Closs: 0.304367
 Floss: 51.295116, Closs: 0.338590
 Floss: 56.038628, Closs: 0.384400
 Floss: 51.317993, Closs: 0.353257
 Floss: 50.657040, Closs: 0.325945
 Floss: 50.403450, Closs: 0.338380
 Floss: 51.961361, Closs: 0.365542
 Floss: 55.829113, Closs: 0.416708
 Floss: 48.073723, Closs: 0.312095
 Floss: 58.621075, Closs: 0.429041
 Floss: 69.248306, Closs: 0.459099
 Floss: 58.366161, Closs: 0.385358
 Floss: 46.112377, Closs: 0.278191
 Floss: 56.229580, Closs: 0.381329
 Floss: 55.963097, Closs: 0.385149
 Floss: 56.597748, Closs: 0.407695
 Floss: 61.617172, Closs: 0.452616
 Floss: 52.530190, Closs: 0.370149
 Floss: 53.305706, Closs: 0.384505
 Floss: 60.700951, Closs: 0.411081
 Floss: 55.521835, Closs: 0.369500
 Floss: 57.495575, Closs: 0.388009
 Floss: 53.356476, Closs: 0.379600
 Floss: 50.041222, Closs: 0.311049
 Floss: 48.563530, Closs: 0.320202
 Floss: 59.698532, Closs: 0.405659
 Floss: 50.095531, Closs: 0.335336
 Floss: 52.907192, Closs: 0.354342
 Floss: 61.129864, Closs: 0.471461
 Floss: 46.298851, Closs: 0.302393
 Floss: 56.858665, Closs: 0.397632
 Floss: 46.381485, Closs: 0.292984
 Floss: 67.377792, Closs: 0.509250
 Floss: 49.366333, Closs: 0.335901
 Floss: 50.142586, Closs: 0.331224
 Floss: 60.523834, Closs: 0.210190
-------------
epoch 38 || Epoch_Loss:54.7637308968438, Epoch_FlowLoss:54.39708476596409, Epock_CycleLoss:0.36661751692493755
-------------
Epoch 39/100
-------------
（train）
 Floss: 48.293259, Closs: 0.267428
 Floss: 54.248711, Closs: 0.330992
 Floss: 55.041222, Closs: 0.352402
 Floss: 47.216412, Closs: 0.292851
 Floss: 60.819603, Closs: 0.440718
 Floss: 57.052887, Closs: 0.416501
 Floss: 54.552116, Closs: 0.377543
 Floss: 49.368347, Closs: 0.315374
 Floss: 57.465618, Closs: 0.362253
 Floss: 58.040054, Closs: 0.397530
 Floss: 52.460003, Closs: 0.365060
 Floss: 62.030560, Closs: 0.470376
 Floss: 64.229774, Closs: 0.466046
 Floss: 57.304428, Closs: 0.366675
 Floss: 57.188690, Closs: 0.402570
 Floss: 53.041393, Closs: 0.371153
 Floss: 53.944908, Closs: 0.396520
 Floss: 49.063168, Closs: 0.341582
 Floss: 47.641998, Closs: 0.316993
 Floss: 61.416500, Closs: 0.462995
 Floss: 47.903698, Closs: 0.313385
 Floss: 48.893047, Closs: 0.331327
 Floss: 46.444164, Closs: 0.313743
 Floss: 53.811489, Closs: 0.357913
 Floss: 64.281097, Closs: 0.466787
 Floss: 58.587246, Closs: 0.441091
 Floss: 47.972424, Closs: 0.305069
 Floss: 59.824997, Closs: 0.442416
 Floss: 50.463692, Closs: 0.356655
 Floss: 54.261856, Closs: 0.379834
 Floss: 50.118450, Closs: 0.338945
 Floss: 56.380409, Closs: 0.408580
 Floss: 51.811413, Closs: 0.329037
 Floss: 50.490440, Closs: 0.358284
 Floss: 45.937222, Closs: 0.318198
 Floss: 10.697632, Closs: 0.054200
-------------
epoch 39 || Epoch_Loss:53.09247215588886, Epoch_FlowLoss:52.73052575853135, Epock_CycleLoss:0.36191736637718147
-------------
Epoch 40/100
-------------
（train）
 Floss: 50.303188, Closs: 0.331467
 Floss: 50.870583, Closs: 0.335985
 Floss: 56.107994, Closs: 0.432684
 Floss: 57.038605, Closs: 0.423485
 Floss: 50.783642, Closs: 0.315270
 Floss: 52.679459, Closs: 0.353939
 Floss: 51.428246, Closs: 0.353225
 Floss: 52.198051, Closs: 0.358792
 Floss: 47.528000, Closs: 0.322916
 Floss: 58.370937, Closs: 0.453295
 Floss: 57.605145, Closs: 0.426120
 Floss: 51.801003, Closs: 0.374407
 Floss: 53.533173, Closs: 0.376581
 Floss: 55.911053, Closs: 0.440303
 Floss: 58.160736, Closs: 0.431217
 Floss: 57.317535, Closs: 0.409997
 Floss: 50.299126, Closs: 0.350802
 Floss: 49.526516, Closs: 0.350690
 Floss: 57.386223, Closs: 0.422200
 Floss: 47.818016, Closs: 0.350537
 Floss: 53.598610, Closs: 0.385560
 Floss: 50.003265, Closs: 0.340118
 Floss: 50.530502, Closs: 0.356187
 Floss: 49.394924, Closs: 0.371537
 Floss: 53.594261, Closs: 0.362823
 Floss: 46.911552, Closs: 0.336631
 Floss: 47.137383, Closs: 0.340874
 Floss: 59.910759, Closs: 0.438478
 Floss: 48.454601, Closs: 0.331263
 Floss: 45.121506, Closs: 0.296828
 Floss: 55.043102, Closs: 0.428324
 Floss: 47.959881, Closs: 0.341838
 Floss: 53.812786, Closs: 0.419519
 Floss: 57.183189, Closs: 0.429880
 Floss: 55.275826, Closs: 0.399515
 Floss: 33.343544, Closs: 0.135184
-------------
epoch 40 || Epoch_Loss:52.42423470815023, Epoch_FlowLoss:52.05397001902263, Epock_CycleLoss:0.37023534129063285
-------------
Epoch 41/100
-------------
（train）
 Floss: 49.172054, Closs: 0.346712
 Floss: 58.637035, Closs: 0.396734
 Floss: 58.918175, Closs: 0.400746
 Floss: 54.106033, Closs: 0.387193
 Floss: 50.419403, Closs: 0.372194
 Floss: 57.383316, Closs: 0.454802
 Floss: 51.017387, Closs: 0.364804
 Floss: 52.341133, Closs: 0.367013
 Floss: 60.316261, Closs: 0.447889
 Floss: 59.940781, Closs: 0.456105
 Floss: 49.669338, Closs: 0.352563
 Floss: 52.493164, Closs: 0.387206
 Floss: 43.447140, Closs: 0.284522
 Floss: 45.200012, Closs: 0.269825
 Floss: 57.733276, Closs: 0.400771
 Floss: 73.733124, Closs: 0.507297
 Floss: 52.140778, Closs: 0.380725
 Floss: 62.153496, Closs: 0.427490
 Floss: 56.159100, Closs: 0.400716
 Floss: 53.239361, Closs: 0.388601
 Floss: 42.733791, Closs: 0.281856
 Floss: 53.312759, Closs: 0.389280
 Floss: 51.820419, Closs: 0.337190
 Floss: 46.773399, Closs: 0.323234
 Floss: 51.435799, Closs: 0.344430
 Floss: 46.969559, Closs: 0.341473
 Floss: 51.740448, Closs: 0.370484
 Floss: 48.973152, Closs: 0.337367
 Floss: 50.304180, Closs: 0.332281
 Floss: 54.666821, Closs: 0.391037
 Floss: 53.156017, Closs: 0.380994
 Floss: 51.102356, Closs: 0.387995
 Floss: 53.865646, Closs: 0.392366
 Floss: 50.240135, Closs: 0.389364
 Floss: 53.349388, Closs: 0.413691
 Floss: 21.562931, Closs: 0.142618
-------------
epoch 41 || Epoch_Loss:52.599382400512695, Epoch_FlowLoss:52.22853247324625, Epock_CycleLoss:0.3708214167919425
-------------
Epoch 42/100
-------------
（train）
 Floss: 48.898186, Closs: 0.329063
 Floss: 48.854137, Closs: 0.324768
 Floss: 52.456161, Closs: 0.385291
 Floss: 55.749504, Closs: 0.435791
 Floss: 62.245377, Closs: 0.480334
 Floss: 55.303711, Closs: 0.415581
 Floss: 54.530285, Closs: 0.424906
 Floss: 46.739227, Closs: 0.334916
 Floss: 50.700390, Closs: 0.369440
 Floss: 47.292000, Closs: 0.313527
 Floss: 54.379665, Closs: 0.392301
 Floss: 53.914726, Closs: 0.389738
 Floss: 59.758377, Closs: 0.450312
 Floss: 54.820465, Closs: 0.424124
 Floss: 51.470638, Closs: 0.369680
 Floss: 46.096085, Closs: 0.317541
 Floss: 55.296478, Closs: 0.400531
 Floss: 48.959076, Closs: 0.378900
 Floss: 51.189926, Closs: 0.384808
 Floss: 42.285736, Closs: 0.307513
 Floss: 52.981010, Closs: 0.372335
 Floss: 56.551666, Closs: 0.428292
 Floss: 58.184853, Closs: 0.400018
 Floss: 45.788937, Closs: 0.337234
 Floss: 72.319649, Closs: 0.503309
 Floss: 60.536850, Closs: 0.425369
 Floss: 45.427826, Closs: 0.282423
 Floss: 51.518150, Closs: 0.366930
 Floss: 50.748474, Closs: 0.365299
 Floss: 50.230858, Closs: 0.359229
 Floss: 47.705154, Closs: 0.345926
 Floss: 52.794334, Closs: 0.384512
 Floss: 49.705975, Closs: 0.354309
 Floss: 53.320412, Closs: 0.372499
 Floss: 56.089653, Closs: 0.435928
 Floss: 21.966766, Closs: 0.125065
-------------
epoch 42 || Epoch_Loss:52.230541812049026, Epoch_FlowLoss:51.855853292677146, Epock_CycleLoss:0.37465946624676383
-------------
Epoch 43/100
-------------
（train）
 Floss: 49.543732, Closs: 0.331541
 Floss: 53.087997, Closs: 0.367668
 Floss: 47.673687, Closs: 0.317422
 Floss: 53.692772, Closs: 0.390457
 Floss: 65.445160, Closs: 0.495139
 Floss: 54.637321, Closs: 0.430704
 Floss: 51.999290, Closs: 0.396847
 Floss: 58.510605, Closs: 0.467606
 Floss: 55.197189, Closs: 0.424627
 Floss: 46.622917, Closs: 0.308616
 Floss: 58.423920, Closs: 0.453156
 Floss: 56.270073, Closs: 0.433114
 Floss: 51.651611, Closs: 0.367844
 Floss: 56.032082, Closs: 0.408513
 Floss: 38.986847, Closs: 0.247299
 Floss: 52.263821, Closs: 0.405442
 Floss: 78.775681, Closs: 0.579626
 Floss: 54.374413, Closs: 0.370521
 Floss: 50.339714, Closs: 0.342399
 Floss: 42.372261, Closs: 0.278641
 Floss: 50.714642, Closs: 0.343664
 Floss: 53.278526, Closs: 0.406399
 Floss: 52.896236, Closs: 0.388606
 Floss: 51.900860, Closs: 0.394760
 Floss: 51.617226, Closs: 0.382223
 Floss: 54.683701, Closs: 0.405176
 Floss: 56.002930, Closs: 0.426709
 Floss: 48.916790, Closs: 0.381065
 Floss: 49.096542, Closs: 0.338400
 Floss: 44.470531, Closs: 0.311320
 Floss: 57.103394, Closs: 0.413156
 Floss: 47.257202, Closs: 0.306267
 Floss: 50.105328, Closs: 0.355103
 Floss: 48.292007, Closs: 0.356770
 Floss: 45.529476, Closs: 0.338999
 Floss: 30.527836, Closs: 0.173393
-------------
epoch 43 || Epoch_Loss:52.273181597391776, Epoch_FlowLoss:51.897064420912, Epock_CycleLoss:0.3760886453092097
-------------
Epoch 44/100
-------------
（train）
 Floss: 56.124306, Closs: 0.356985
 Floss: 48.532940, Closs: 0.328786
 Floss: 46.871563, Closs: 0.342983
 Floss: 53.224777, Closs: 0.340147
 Floss: 55.386223, Closs: 0.429567
 Floss: 55.643536, Closs: 0.430537
 Floss: 61.818024, Closs: 0.484655
 Floss: 46.667389, Closs: 0.320604
 Floss: 58.437668, Closs: 0.456110
 Floss: 56.868065, Closs: 0.431413
 Floss: 51.868202, Closs: 0.374538
 Floss: 55.074707, Closs: 0.398090
 Floss: 51.078747, Closs: 0.374441
 Floss: 50.877449, Closs: 0.381704
 Floss: 47.068356, Closs: 0.354951
 Floss: 47.226116, Closs: 0.348898
 Floss: 50.224197, Closs: 0.378200
 Floss: 49.773491, Closs: 0.388098
 Floss: 44.332027, Closs: 0.322229
 Floss: 59.586544, Closs: 0.474353
 Floss: 51.126251, Closs: 0.379588
 Floss: 56.654175, Closs: 0.447379
 Floss: 56.740265, Closs: 0.435646
 Floss: 50.776619, Closs: 0.369644
 Floss: 45.723217, Closs: 0.322521
 Floss: 53.061012, Closs: 0.412104
 Floss: 53.669678, Closs: 0.413806
 Floss: 48.590954, Closs: 0.368264
 Floss: 51.905769, Closs: 0.388885
 Floss: 54.773972, Closs: 0.430316
 Floss: 50.309258, Closs: 0.374400
 Floss: 51.014977, Closs: 0.382126
 Floss: 49.221985, Closs: 0.352782
 Floss: 45.768448, Closs: 0.309283
 Floss: 41.330269, Closs: 0.287961
 Floss: 10.263994, Closs: 0.062818
-------------
epoch 44 || Epoch_Loss:50.863083918889366, Epoch_FlowLoss:50.4893102116055, Epock_CycleLoss:0.3737448410441479
-------------
Epoch 45/100
-------------
（train）
 Floss: 51.833275, Closs: 0.388649
 Floss: 58.699341, Closs: 0.458194
 Floss: 56.804436, Closs: 0.469664
 Floss: 54.059212, Closs: 0.425265
 Floss: 52.633331, Closs: 0.422200
 Floss: 49.200066, Closs: 0.387091
 Floss: 54.104534, Closs: 0.417999
 Floss: 49.296227, Closs: 0.358030
 Floss: 52.021393, Closs: 0.416278
 Floss: 48.283623, Closs: 0.361605
 Floss: 92.007309, Closs: 0.629706
 Floss: 50.939526, Closs: 0.264190
 Floss: 50.771206, Closs: 0.264743
 Floss: 54.590965, Closs: 0.354052
 Floss: 51.639091, Closs: 0.372471
 Floss: 50.150723, Closs: 0.355857
 Floss: 42.827541, Closs: 0.297671
 Floss: 52.197891, Closs: 0.356219
 Floss: 52.797791, Closs: 0.334365
 Floss: 52.274025, Closs: 0.364988
 Floss: 66.013855, Closs: 0.497624
 Floss: 54.623718, Closs: 0.402844
 Floss: 53.686409, Closs: 0.384794
 Floss: 55.748943, Closs: 0.399227
 Floss: 50.771576, Closs: 0.331359
 Floss: 49.697578, Closs: 0.336589
 Floss: 49.290604, Closs: 0.347030
 Floss: 53.088837, Closs: 0.388284
 Floss: 48.232628, Closs: 0.359290
 Floss: 57.887550, Closs: 0.464195
 Floss: 45.359741, Closs: 0.333345
 Floss: 48.218803, Closs: 0.333922
 Floss: 56.088730, Closs: 0.409672
 Floss: 56.459190, Closs: 0.414583
 Floss: 54.652264, Closs: 0.420893
 Floss: 41.723927, Closs: 0.183847
-------------
epoch 45 || Epoch_Loss:53.67732376522488, Epoch_FlowLoss:53.29655159844293, Epock_CycleLoss:0.3807426662080818
-------------
Epoch 46/100
-------------
（train）
 Floss: 56.958305, Closs: 0.416187
 Floss: 50.729046, Closs: 0.360753
 Floss: 56.142239, Closs: 0.373978
 Floss: 48.444759, Closs: 0.358930
 Floss: 60.395988, Closs: 0.472803
 Floss: 46.917633, Closs: 0.338790
 Floss: 49.760963, Closs: 0.360977
 Floss: 51.322304, Closs: 0.354469
 Floss: 48.309582, Closs: 0.327899
 Floss: 54.171486, Closs: 0.427425
 Floss: 53.546227, Closs: 0.403022
 Floss: 52.109604, Closs: 0.405323
 Floss: 48.903679, Closs: 0.392414
 Floss: 45.177929, Closs: 0.325484
 Floss: 54.299873, Closs: 0.431636
 Floss: 59.896492, Closs: 0.448664
 Floss: 50.191376, Closs: 0.381294
 Floss: 45.774338, Closs: 0.349675
 Floss: 56.529598, Closs: 0.456999
 Floss: 49.928436, Closs: 0.373731
 Floss: 50.164612, Closs: 0.351169
 Floss: 60.083511, Closs: 0.436274
 Floss: 50.336296, Closs: 0.404462
 Floss: 42.002625, Closs: 0.301124
 Floss: 45.632687, Closs: 0.340049
 Floss: 45.955963, Closs: 0.342251
 Floss: 52.375530, Closs: 0.368094
 Floss: 55.473541, Closs: 0.438225
 Floss: 52.292339, Closs: 0.418290
 Floss: 41.819027, Closs: 0.324078
 Floss: 43.280830, Closs: 0.335254
 Floss: 53.327599, Closs: 0.435353
 Floss: 54.475952, Closs: 0.395130
 Floss: 50.462902, Closs: 0.392018
 Floss: 56.977806, Closs: 0.437305
 Floss: 9.501137, Closs: 0.063166
-------------
epoch 46 || Epoch_Loss:50.47822131050958, Epoch_FlowLoss:50.10200595855713, Epock_CycleLoss:0.37618605606257915
-------------
Epoch 47/100
-------------
（train）
 Floss: 52.501907, Closs: 0.402082
 Floss: 50.353298, Closs: 0.396272
 Floss: 51.430443, Closs: 0.401475
 Floss: 48.637604, Closs: 0.342561
 Floss: 54.385529, Closs: 0.403070
 Floss: 47.119762, Closs: 0.378126
 Floss: 49.050514, Closs: 0.436554
 Floss: 49.947853, Closs: 0.419233
 Floss: 55.549904, Closs: 0.434350
 Floss: 49.427166, Closs: 0.367278
 Floss: 55.167404, Closs: 0.437903
 Floss: 45.423992, Closs: 0.350368
 Floss: 44.417770, Closs: 0.336601
 Floss: 51.234829, Closs: 0.411833
 Floss: 48.884613, Closs: 0.388169
 Floss: 56.299004, Closs: 0.431153
 Floss: 48.804089, Closs: 0.366543
 Floss: 50.322750, Closs: 0.406408
 Floss: 55.991478, Closs: 0.475382
 Floss: 46.989056, Closs: 0.374221
 Floss: 45.375381, Closs: 0.339087
 Floss: 65.912430, Closs: 0.526358
 Floss: 48.955498, Closs: 0.385483
 Floss: 48.855389, Closs: 0.391522
 Floss: 49.785126, Closs: 0.410511
 Floss: 50.673256, Closs: 0.399301
 Floss: 44.198284, Closs: 0.331964
 Floss: 49.643906, Closs: 0.381646
 Floss: 47.567497, Closs: 0.347270
 Floss: 49.004101, Closs: 0.373005
 Floss: 48.215462, Closs: 0.353086
 Floss: 45.960335, Closs: 0.363714
 Floss: 51.652451, Closs: 0.445266
 Floss: 50.205822, Closs: 0.365442
 Floss: 45.444225, Closs: 0.336993
 Floss: 14.413074, Closs: 0.077895
-------------
epoch 47 || Epoch_Loss:49.488621446821426, Epoch_FlowLoss:49.1055888864729, Epock_CycleLoss:0.3830034838368495
-------------
Epoch 48/100
-------------
（train）
 Floss: 50.145851, Closs: 0.380450
 Floss: 48.317596, Closs: 0.341212
 Floss: 45.120956, Closs: 0.357020
 Floss: 46.049114, Closs: 0.353661
 Floss: 52.796642, Closs: 0.405327
 Floss: 52.732647, Closs: 0.441824
 Floss: 53.838165, Closs: 0.462789
 Floss: 46.059700, Closs: 0.357467
 Floss: 48.387886, Closs: 0.366824
 Floss: 48.794853, Closs: 0.362748
 Floss: 54.445717, Closs: 0.426271
 Floss: 46.924404, Closs: 0.359343
 Floss: 48.886913, Closs: 0.413870
 Floss: 52.275909, Closs: 0.418195
 Floss: 52.559139, Closs: 0.440806
 Floss: 52.663795, Closs: 0.424886
 Floss: 50.069511, Closs: 0.400501
 Floss: 49.708786, Closs: 0.376314
 Floss: 54.285637, Closs: 0.417881
 Floss: 51.028885, Closs: 0.398503
 Floss: 49.615059, Closs: 0.384536
 Floss: 56.463757, Closs: 0.456091
 Floss: 48.348492, Closs: 0.387141
 Floss: 50.985027, Closs: 0.423765
 Floss: 42.411583, Closs: 0.303006
 Floss: 56.421841, Closs: 0.462252
 Floss: 51.729595, Closs: 0.382307
 Floss: 49.605129, Closs: 0.383320
 Floss: 53.896313, Closs: 0.452616
 Floss: 41.849243, Closs: 0.321739
 Floss: 43.951141, Closs: 0.345030
 Floss: 53.590958, Closs: 0.425945
 Floss: 50.885006, Closs: 0.420512
 Floss: 42.696850, Closs: 0.330163
 Floss: 49.693626, Closs: 0.417551
 Floss: 10.964885, Closs: 0.069605
-------------
epoch 48 || Epoch_Loss:49.22425383991667, Epoch_FlowLoss:48.838905943764566, Epock_CycleLoss:0.385318648070097
-------------
Epoch 49/100
-------------
（train）
 Floss: 50.943565, Closs: 0.397126
 Floss: 48.589306, Closs: 0.350687
 Floss: 54.403877, Closs: 0.424730
 Floss: 52.376862, Closs: 0.395335
 Floss: 55.223324, Closs: 0.436244
 Floss: 52.754452, Closs: 0.450709
 Floss: 51.751335, Closs: 0.434049
 Floss: 42.809750, Closs: 0.331277
 Floss: 42.424908, Closs: 0.295663
 Floss: 57.362297, Closs: 0.454879
 Floss: 46.358013, Closs: 0.337573
 Floss: 127.702530, Closs: 0.784552
 Floss: 53.362907, Closs: 0.303864
 Floss: 58.043686, Closs: 0.294592
 Floss: 51.729076, Closs: 0.329168
 Floss: 50.861771, Closs: 0.367207
 Floss: 47.923859, Closs: 0.338669
 Floss: 61.058422, Closs: 0.406431
 Floss: 52.354870, Closs: 0.349049
 Floss: 51.029350, Closs: 0.381882
 Floss: 57.555786, Closs: 0.437823
 Floss: 50.250145, Closs: 0.361760
 Floss: 62.693310, Closs: 0.450301
 Floss: 52.874737, Closs: 0.398186
 Floss: 45.308273, Closs: 0.326678
 Floss: 55.577789, Closs: 0.420896
 Floss: 41.177120, Closs: 0.290829
 Floss: 58.242615, Closs: 0.425633
 Floss: 45.278011, Closs: 0.336910
 Floss: 50.450634, Closs: 0.393524
 Floss: 49.326958, Closs: 0.373949
 Floss: 49.396355, Closs: 0.372613
 Floss: 45.197536, Closs: 0.327068
 Floss: 52.519409, Closs: 0.378657
 Floss: 64.008896, Closs: 0.467596
 Floss: 12.973143, Closs: 0.062497
-------------
epoch 49 || Epoch_Loss:53.210680935117935, Epoch_FlowLoss:52.830413235558396, Epock_CycleLoss:0.3802389860567121
-------------
Epoch 50/100
-------------
（train）
 Floss: 57.270958, Closs: 0.411027
 Floss: 49.305664, Closs: 0.341159
 Floss: 48.922344, Closs: 0.342520
 Floss: 55.288403, Closs: 0.426153
 Floss: 59.775696, Closs: 0.473534
 Floss: 48.249550, Closs: 0.379797
 Floss: 50.488815, Closs: 0.404429
 Floss: 51.422604, Closs: 0.404769
 Floss: 43.814358, Closs: 0.302680
 Floss: 48.510704, Closs: 0.365660
 Floss: 50.867088, Closs: 0.376853
 Floss: 55.321667, Closs: 0.422405
 Floss: 57.723507, Closs: 0.467626
 Floss: 45.223701, Closs: 0.348659
 Floss: 42.846886, Closs: 0.314147
 Floss: 55.056946, Closs: 0.434133
 Floss: 49.403015, Closs: 0.378571
 Floss: 57.742165, Closs: 0.489427
 Floss: 42.068111, Closs: 0.319146
 Floss: 55.663971, Closs: 0.451070
 Floss: 46.948238, Closs: 0.361048
 Floss: 52.766617, Closs: 0.422529
 Floss: 48.075523, Closs: 0.358242
 Floss: 43.455044, Closs: 0.330655
 Floss: 47.145836, Closs: 0.385054
 Floss: 50.316910, Closs: 0.405991
 Floss: 54.092682, Closs: 0.440649
 Floss: 55.342358, Closs: 0.451544
 Floss: 44.514709, Closs: 0.349819
 Floss: 47.894299, Closs: 0.390157
 Floss: 48.115311, Closs: 0.355949
 Floss: 48.833801, Closs: 0.387408
 Floss: 52.080948, Closs: 0.435548
 Floss: 50.375923, Closs: 0.411401
 Floss: 41.321362, Closs: 0.317371
 Floss: 22.271496, Closs: 0.129782
-------------
epoch 50 || Epoch_Loss:49.7862548298306, Epoch_FlowLoss:49.40325578053791, Epock_CycleLoss:0.3829698198371464
-------------
Epoch 51/100
-------------
（train）
 Floss: 55.336365, Closs: 0.425704
 Floss: 47.943443, Closs: 0.342116
 Floss: 53.397041, Closs: 0.439172
 Floss: 48.099976, Closs: 0.363913
 Floss: 47.513027, Closs: 0.361143
 Floss: 52.430992, Closs: 0.428477
 Floss: 44.805740, Closs: 0.344682
 Floss: 52.793457, Closs: 0.431552
 Floss: 69.030762, Closs: 0.518484
 Floss: 56.705345, Closs: 0.390856
 Floss: 47.552765, Closs: 0.333441
 Floss: 59.040596, Closs: 0.452968
 Floss: 52.575039, Closs: 0.407801
 Floss: 51.384277, Closs: 0.412417
 Floss: 56.178017, Closs: 0.436590
 Floss: 52.364742, Closs: 0.435080
 Floss: 48.706802, Closs: 0.387836
 Floss: 51.026138, Closs: 0.424822
 Floss: 52.728951, Closs: 0.413171
 Floss: 49.831219, Closs: 0.389118
 Floss: 48.026649, Closs: 0.367103
 Floss: 50.025082, Closs: 0.380197
 Floss: 44.612740, Closs: 0.340689
 Floss: 47.463448, Closs: 0.384851
 Floss: 35.777390, Closs: 0.265470
 Floss: 55.162651, Closs: 0.441219
 Floss: 45.472393, Closs: 0.345052
 Floss: 45.542595, Closs: 0.365378
 Floss: 53.616913, Closs: 0.428756
 Floss: 44.802135, Closs: 0.356833
 Floss: 44.671204, Closs: 0.338786
 Floss: 57.746300, Closs: 0.460571
 Floss: 39.983528, Closs: 0.307814
 Floss: 51.124382, Closs: 0.408133
 Floss: 45.448711, Closs: 0.376711
 Floss: 37.178177, Closs: 0.233689
-------------
epoch 51 || Epoch_Loss:50.278906292385535, Epoch_FlowLoss:49.89163864983452, Epock_CycleLoss:0.38723874712983775
-------------
Epoch 52/100
-------------
（train）
 Floss: 52.470867, Closs: 0.395670
 Floss: 43.418972, Closs: 0.309268
 Floss: 47.833519, Closs: 0.343721
 Floss: 51.184319, Closs: 0.405379
 Floss: 54.903851, Closs: 0.448118
 Floss: 56.260086, Closs: 0.451265
 Floss: 43.870239, Closs: 0.330332
 Floss: 54.515106, Closs: 0.440194
 Floss: 43.605713, Closs: 0.351494
 Floss: 49.824596, Closs: 0.412279
 Floss: 52.954739, Closs: 0.460122
 Floss: 46.181984, Closs: 0.361268
 Floss: 54.257442, Closs: 0.414055
 Floss: 49.449890, Closs: 0.373553
 Floss: 49.620209, Closs: 0.394236
 Floss: 51.335339, Closs: 0.423521
 Floss: 51.506012, Closs: 0.425226
 Floss: 50.100426, Closs: 0.406840
 Floss: 51.005539, Closs: 0.430163
 Floss: 42.363617, Closs: 0.330929
 Floss: 55.911438, Closs: 0.447497
 Floss: 54.216167, Closs: 0.447976
 Floss: 40.356323, Closs: 0.299839
 Floss: 50.080425, Closs: 0.387722
 Floss: 51.731293, Closs: 0.427221
 Floss: 48.479393, Closs: 0.422318
 Floss: 37.368629, Closs: 0.290741
 Floss: 44.525646, Closs: 0.355782
 Floss: 43.582939, Closs: 0.335809
 Floss: 55.394707, Closs: 0.443452
 Floss: 53.376999, Closs: 0.445583
 Floss: 51.685558, Closs: 0.442994
 Floss: 51.052055, Closs: 0.421878
 Floss: 46.843639, Closs: 0.376141
 Floss: 50.277611, Closs: 0.385482
 Floss: 9.212984, Closs: 0.074181
-------------
epoch 52 || Epoch_Loss:48.7408766746521, Epoch_FlowLoss:48.35439644919501, Epock_CycleLoss:0.386451379292541
-------------
Epoch 53/100
-------------
（train）
 Floss: 47.594177, Closs: 0.374704
 Floss: 43.819824, Closs: 0.336422
 Floss: 54.177063, Closs: 0.443545
 Floss: 58.896935, Closs: 0.506227
 Floss: 49.297909, Closs: 0.399656
 Floss: 46.199173, Closs: 0.363397
 Floss: 51.379253, Closs: 0.411205
 Floss: 54.908569, Closs: 0.450686
 Floss: 49.346203, Closs: 0.395483
 Floss: 51.032257, Closs: 0.436662
 Floss: 51.770077, Closs: 0.446009
 Floss: 44.088310, Closs: 0.343347
 Floss: 43.024162, Closs: 0.307861
 Floss: 59.318939, Closs: 0.462492
 Floss: 49.023773, Closs: 0.411144
 Floss: 44.632240, Closs: 0.362266
 Floss: 55.170914, Closs: 0.475096
 Floss: 45.091106, Closs: 0.359682
 Floss: 48.893677, Closs: 0.356554
 Floss: 44.436806, Closs: 0.350942
 Floss: 50.570335, Closs: 0.437446
 Floss: 52.680069, Closs: 0.448026
 Floss: 61.337769, Closs: 0.539655
 Floss: 42.155418, Closs: 0.327221
 Floss: 47.949791, Closs: 0.381465
 Floss: 47.923393, Closs: 0.390279
 Floss: 45.607830, Closs: 0.371141
 Floss: 47.157784, Closs: 0.396608
 Floss: 39.267494, Closs: 0.305366
 Floss: 43.332886, Closs: 0.366598
 Floss: 49.718990, Closs: 0.413766
 Floss: 42.595062, Closs: 0.354033
 Floss: 45.325863, Closs: 0.369636
 Floss: 46.599045, Closs: 0.385333
 Floss: 48.940651, Closs: 0.397874
 Floss: 27.477299, Closs: 0.203906
-------------
epoch 53 || Epoch_Loss:48.467328018612335, Epoch_FlowLoss:48.076140191819924, Epock_CycleLoss:0.3911592248413298
-------------
Epoch 54/100
-------------
（train）
 Floss: 49.704239, Closs: 0.397835
 Floss: 49.339989, Closs: 0.371325
 Floss: 50.559219, Closs: 0.422149
 Floss: 54.568932, Closs: 0.462324
 Floss: 57.804626, Closs: 0.448417
 Floss: 55.404755, Closs: 0.432009
 Floss: 54.607178, Closs: 0.430312
 Floss: 55.064983, Closs: 0.459926
 Floss: 48.124588, Closs: 0.390834
 Floss: 52.770737, Closs: 0.464134
 Floss: 44.196926, Closs: 0.362094
 Floss: 47.639477, Closs: 0.367116
 Floss: 40.257515, Closs: 0.288213
 Floss: 46.113323, Closs: 0.353543
 Floss: 44.417023, Closs: 0.345763
 Floss: 47.757107, Closs: 0.382313
 Floss: 48.803726, Closs: 0.397902
 Floss: 50.936188, Closs: 0.414185
 Floss: 47.699509, Closs: 0.391877
 Floss: 43.967236, Closs: 0.351602
 Floss: 53.693737, Closs: 0.468160
 Floss: 44.637680, Closs: 0.365823
 Floss: 51.395168, Closs: 0.397667
 Floss: 43.128685, Closs: 0.343541
 Floss: 43.264568, Closs: 0.350365
 Floss: 51.047363, Closs: 0.441929
 Floss: 34.900490, Closs: 0.248602
 Floss: 44.992229, Closs: 0.381699
 Floss: 41.984608, Closs: 0.341395
 Floss: 50.822704, Closs: 0.424101
 Floss: 53.168953, Closs: 0.449476
 Floss: 58.164589, Closs: 0.523711
 Floss: 44.899414, Closs: 0.373105
 Floss: 53.615582, Closs: 0.434920
 Floss: 48.018471, Closs: 0.396730
 Floss: 43.386169, Closs: 0.178176
-------------
epoch 54 || Epoch_Loss:49.02533351050483, Epoch_FlowLoss:48.63493569691977, Epock_CycleLoss:0.390368692162964
-------------
Epoch 55/100
-------------
（train）
 Floss: 53.900600, Closs: 0.420802
 Floss: 49.703548, Closs: 0.396000
 Floss: 50.728371, Closs: 0.400769
 Floss: 46.405361, Closs: 0.373408
 Floss: 43.633919, Closs: 0.340122
 Floss: 49.184288, Closs: 0.397170
 Floss: 45.720245, Closs: 0.349814
 Floss: 45.746613, Closs: 0.360553
 Floss: 46.615292, Closs: 0.386662
 Floss: 51.331085, Closs: 0.439573
 Floss: 56.894989, Closs: 0.464030
 Floss: 47.654701, Closs: 0.368528
 Floss: 52.510021, Closs: 0.398266
 Floss: 56.442394, Closs: 0.435992
 Floss: 53.594788, Closs: 0.432094
 Floss: 47.251640, Closs: 0.380163
 Floss: 44.274487, Closs: 0.344184
 Floss: 48.248238, Closs: 0.392827
 Floss: 44.298447, Closs: 0.345582
 Floss: 44.957756, Closs: 0.358095
 Floss: 51.975456, Closs: 0.430429
 Floss: 53.124474, Closs: 0.447774
 Floss: 45.232994, Closs: 0.364883
 Floss: 53.790947, Closs: 0.444032
 Floss: 45.373192, Closs: 0.365856
 Floss: 53.679741, Closs: 0.423832
 Floss: 46.334229, Closs: 0.391268
 Floss: 63.435120, Closs: 0.548985
 Floss: 54.718163, Closs: 0.445225
 Floss: 53.618370, Closs: 0.447428
 Floss: 36.581226, Closs: 0.260393
 Floss: 41.112392, Closs: 0.315494
 Floss: 53.136177, Closs: 0.423487
 Floss: 44.539776, Closs: 0.342612
 Floss: 47.937603, Closs: 0.411170
 Floss: 8.918746, Closs: 0.066614
-------------
epoch 55 || Epoch_Loss:48.51445974244013, Epoch_FlowLoss:48.12792743576897, Epock_CycleLoss:0.38650321629312295
-------------
Epoch 56/100
-------------
（train）
 Floss: 49.880013, Closs: 0.450570
 Floss: 45.256104, Closs: 0.373619
 Floss: 43.225586, Closs: 0.348057
 Floss: 40.522751, Closs: 0.315763
 Floss: 37.906502, Closs: 0.281631
 Floss: 43.691696, Closs: 0.351898
 Floss: 48.607628, Closs: 0.395657
 Floss: 47.539104, Closs: 0.399922
 Floss: 49.108711, Closs: 0.402745
 Floss: 46.675335, Closs: 0.381169
 Floss: 45.316891, Closs: 0.384061
 Floss: 43.801590, Closs: 0.339085
 Floss: 48.695812, Closs: 0.404762
 Floss: 45.945122, Closs: 0.385295
 Floss: 57.658443, Closs: 0.489149
 Floss: 44.537346, Closs: 0.371093
 Floss: 46.844048, Closs: 0.397953
 Floss: 52.070221, Closs: 0.448240
 Floss: 43.417961, Closs: 0.342811
 Floss: 50.222942, Closs: 0.429756
 Floss: 41.977562, Closs: 0.340813
 Floss: 45.684048, Closs: 0.368966
 Floss: 59.567223, Closs: 0.520496
 Floss: 53.749756, Closs: 0.440188
 Floss: 46.627174, Closs: 0.399770
 Floss: 46.479652, Closs: 0.390151
 Floss: 56.073547, Closs: 0.484908
 Floss: 49.523506, Closs: 0.425766
 Floss: 54.568115, Closs: 0.471707
 Floss: 56.077454, Closs: 0.506822
 Floss: 47.777660, Closs: 0.418741
 Floss: 49.347191, Closs: 0.425947
 Floss: 39.330254, Closs: 0.313454
 Floss: 49.825314, Closs: 0.371335
 Floss: 49.458630, Closs: 0.399819
 Floss: 9.554008, Closs: 0.078431
-------------
epoch 56 || Epoch_Loss:47.23879151874117, Epoch_FlowLoss:46.84846941630046, Epock_CycleLoss:0.39029307601352525
-------------
Epoch 57/100
-------------
（train）
 Floss: 46.395081, Closs: 0.380090
 Floss: 45.618988, Closs: 0.366033
 Floss: 49.120800, Closs: 0.388151
 Floss: 46.517387, Closs: 0.351997
 Floss: 47.630169, Closs: 0.388000
 Floss: 37.236092, Closs: 0.311624
 Floss: 46.158779, Closs: 0.404682
 Floss: 47.873451, Closs: 0.407890
 Floss: 42.907646, Closs: 0.337364
 Floss: 51.213074, Closs: 0.419160
 Floss: 50.274284, Closs: 0.414648
 Floss: 53.071671, Closs: 0.473123
 Floss: 42.928604, Closs: 0.366186
 Floss: 45.430725, Closs: 0.407279
 Floss: 49.351906, Closs: 0.411817
 Floss: 46.961742, Closs: 0.384725
 Floss: 45.749504, Closs: 0.385081
 Floss: 44.971291, Closs: 0.384283
 Floss: 47.777092, Closs: 0.408391
 Floss: 50.579239, Closs: 0.413284
 Floss: 46.879547, Closs: 0.408240
 Floss: 55.448082, Closs: 0.503814
 Floss: 49.989616, Closs: 0.418445
 Floss: 39.571789, Closs: 0.313431
 Floss: 49.422588, Closs: 0.422605
 Floss: 43.146801, Closs: 0.364058
 Floss: 50.349396, Closs: 0.440602
 Floss: 47.434868, Closs: 0.398265
 Floss: 46.848656, Closs: 0.401862
 Floss: 57.886639, Closs: 0.483400
 Floss: 49.284374, Closs: 0.389065
 Floss: 44.092621, Closs: 0.353955
 Floss: 50.177292, Closs: 0.441277
 Floss: 52.012589, Closs: 0.471433
 Floss: 50.693329, Closs: 0.439611
 Floss: 18.399612, Closs: 0.112076
-------------
epoch 57 || Epoch_Loss:47.3214529885186, Epoch_FlowLoss:46.927925639682336, Epock_CycleLoss:0.3934985645529297
-------------
Epoch 58/100
-------------
（train）
 Floss: 43.933113, Closs: 0.310228
 Floss: 51.300751, Closs: 0.380897
 Floss: 40.561092, Closs: 0.332357
 Floss: 45.568188, Closs: 0.377309
 Floss: 41.471863, Closs: 0.342699
 Floss: 45.827148, Closs: 0.376478
 Floss: 45.338615, Closs: 0.376659
 Floss: 49.779846, Closs: 0.407457
 Floss: 59.906883, Closs: 0.519800
 Floss: 44.510284, Closs: 0.377169
 Floss: 48.905289, Closs: 0.444104
 Floss: 44.085339, Closs: 0.344827
 Floss: 44.297131, Closs: 0.351415
 Floss: 49.098061, Closs: 0.392632
 Floss: 45.808117, Closs: 0.393858
 Floss: 46.129669, Closs: 0.410022
 Floss: 45.378918, Closs: 0.384364
 Floss: 46.772839, Closs: 0.371293
 Floss: 47.943432, Closs: 0.369095
 Floss: 52.206024, Closs: 0.429938
 Floss: 57.761955, Closs: 0.511068
 Floss: 46.670563, Closs: 0.415999
 Floss: 50.526031, Closs: 0.463794
 Floss: 43.747330, Closs: 0.363212
 Floss: 53.067822, Closs: 0.416345
 Floss: 50.422421, Closs: 0.426093
 Floss: 57.364681, Closs: 0.519778
 Floss: 47.237648, Closs: 0.423558
 Floss: 54.533714, Closs: 0.470754
 Floss: 39.528481, Closs: 0.305609
 Floss: 44.074913, Closs: 0.340102
 Floss: 43.737804, Closs: 0.339903
 Floss: 46.095367, Closs: 0.379148
 Floss: 54.619591, Closs: 0.479938
 Floss: 47.744122, Closs: 0.403675
 Floss: 28.400452, Closs: 0.114592
-------------
epoch 58 || Epoch_Loss:47.73396375444201, Epoch_FlowLoss:47.34320820702448, Epock_CycleLoss:0.3907269198033545
-------------
Epoch 59/100
-------------
（train）
 Floss: 43.338989, Closs: 0.334568
 Floss: 42.217117, Closs: 0.311095
 Floss: 49.685966, Closs: 0.404926
 Floss: 51.424622, Closs: 0.450280
 Floss: 44.509605, Closs: 0.382901
 Floss: 48.829876, Closs: 0.403670
 Floss: 49.477261, Closs: 0.380307
 Floss: 46.352432, Closs: 0.363221
 Floss: 45.496590, Closs: 0.373276
 Floss: 45.612713, Closs: 0.396980
 Floss: 50.295250, Closs: 0.420592
 Floss: 47.611217, Closs: 0.403148
 Floss: 44.053936, Closs: 0.360543
 Floss: 55.302841, Closs: 0.459796
 Floss: 46.959835, Closs: 0.395087
 Floss: 40.902481, Closs: 0.327768
 Floss: 46.847790, Closs: 0.397409
 Floss: 47.048901, Closs: 0.406280
 Floss: 57.523140, Closs: 0.498631
 Floss: 45.745918, Closs: 0.381964
 Floss: 47.878399, Closs: 0.419697
 Floss: 43.728394, Closs: 0.357193
 Floss: 50.979961, Closs: 0.434241
 Floss: 48.820892, Closs: 0.424667
 Floss: 64.599648, Closs: 0.571990
 Floss: 56.525467, Closs: 0.463569
 Floss: 40.218185, Closs: 0.312929
 Floss: 47.867447, Closs: 0.403473
 Floss: 42.948982, Closs: 0.346129
 Floss: 54.310020, Closs: 0.467064
 Floss: 42.174519, Closs: 0.358941
 Floss: 41.462143, Closs: 0.367373
 Floss: 44.137234, Closs: 0.360548
 Floss: 59.259869, Closs: 0.502695
 Floss: 47.687752, Closs: 0.392064
 Floss: 10.654632, Closs: 0.085337
-------------
epoch 59 || Epoch_Loss:47.405873033735496, Epoch_FlowLoss:47.01361176702711, Epock_CycleLoss:0.3922319925493664
-------------
Epoch 60/100
-------------
（train）
 Floss: 49.509804, Closs: 0.424086
 Floss: 50.233639, Closs: 0.420804
 Floss: 46.187614, Closs: 0.357721
 Floss: 53.929028, Closs: 0.460284
 Floss: 40.246792, Closs: 0.347805
 Floss: 55.573647, Closs: 0.501312
 Floss: 49.199608, Closs: 0.403024
 Floss: 46.829369, Closs: 0.362728
 Floss: 45.090904, Closs: 0.369420
 Floss: 51.408043, Closs: 0.440209
 Floss: 44.212765, Closs: 0.353694
 Floss: 47.199425, Closs: 0.370655
 Floss: 49.545269, Closs: 0.418032
 Floss: 55.226177, Closs: 0.494104
 Floss: 49.730907, Closs: 0.432207
 Floss: 41.727795, Closs: 0.370837
 Floss: 48.061031, Closs: 0.404235
 Floss: 46.731060, Closs: 0.359925
 Floss: 49.330170, Closs: 0.401179
 Floss: 44.375961, Closs: 0.373262
 Floss: 45.622864, Closs: 0.393748
 Floss: 49.032784, Closs: 0.438761
 Floss: 45.632553, Closs: 0.394589
 Floss: 47.608028, Closs: 0.402378
 Floss: 49.391006, Closs: 0.406326
 Floss: 44.494934, Closs: 0.373883
 Floss: 44.109249, Closs: 0.369726
 Floss: 52.355003, Closs: 0.466648
 Floss: 47.450363, Closs: 0.410444
 Floss: 42.347843, Closs: 0.331403
 Floss: 46.822311, Closs: 0.384399
 Floss: 43.543392, Closs: 0.380495
 Floss: 46.803886, Closs: 0.405721
 Floss: 47.145859, Closs: 0.408448
 Floss: 50.237640, Closs: 0.427682
 Floss: 7.921487, Closs: 0.064850
-------------
epoch 60 || Epoch_Loss:46.91650774743822, Epoch_FlowLoss:46.524116979704964, Epock_CycleLoss:0.39236182864341473
-------------
Epoch 61/100
-------------
（train）
 Floss: 42.031651, Closs: 0.327879
 Floss: 40.536407, Closs: 0.353424
 Floss: 39.166153, Closs: 0.342483
 Floss: 46.041145, Closs: 0.402838
 Floss: 43.344849, Closs: 0.390494
 Floss: 57.416641, Closs: 0.510477
 Floss: 46.983620, Closs: 0.411573
 Floss: 50.413208, Closs: 0.428673
 Floss: 43.721951, Closs: 0.378004
 Floss: 43.990364, Closs: 0.353345
 Floss: 50.804649, Closs: 0.420336
 Floss: 50.617657, Closs: 0.453352
 Floss: 41.410286, Closs: 0.367972
 Floss: 50.062157, Closs: 0.452346
 Floss: 45.997124, Closs: 0.385967
 Floss: 42.268749, Closs: 0.350565
 Floss: 49.198174, Closs: 0.410991
 Floss: 48.540543, Closs: 0.417381
 Floss: 45.585384, Closs: 0.386181
 Floss: 54.498821, Closs: 0.493594
 Floss: 41.668785, Closs: 0.373573
 Floss: 47.581631, Closs: 0.407343
 Floss: 36.847084, Closs: 0.313307
 Floss: 55.066010, Closs: 0.481802
 Floss: 49.387787, Closs: 0.428522
 Floss: 44.775768, Closs: 0.367723
 Floss: 47.838203, Closs: 0.410255
 Floss: 47.216087, Closs: 0.412442
 Floss: 54.464779, Closs: 0.487841
 Floss: 43.844139, Closs: 0.371462
 Floss: 42.746002, Closs: 0.357009
 Floss: 47.579552, Closs: 0.391955
 Floss: 50.617077, Closs: 0.453101
 Floss: 40.272980, Closs: 0.354767
 Floss: 52.880505, Closs: 0.475922
 Floss: 24.364294, Closs: 0.154720
-------------
epoch 61 || Epoch_Loss:46.50169144736397, Epoch_FlowLoss:46.105005953047, Epock_CycleLoss:0.3966562230553893
-------------
Epoch 62/100
-------------
（train）
 Floss: 45.475719, Closs: 0.371829
 Floss: 49.688965, Closs: 0.388662
 Floss: 47.668198, Closs: 0.389032
 Floss: 45.411682, Closs: 0.389808
 Floss: 46.312988, Closs: 0.399677
 Floss: 46.557568, Closs: 0.387924
 Floss: 39.771610, Closs: 0.335062
 Floss: 39.339478, Closs: 0.328353
 Floss: 46.144859, Closs: 0.378967
 Floss: 44.157467, Closs: 0.390246
 Floss: 44.102444, Closs: 0.366106
 Floss: 49.411022, Closs: 0.426242
 Floss: 43.135185, Closs: 0.357498
 Floss: 45.034828, Closs: 0.383514
 Floss: 46.014050, Closs: 0.420110
 Floss: 47.819702, Closs: 0.421278
 Floss: 43.005547, Closs: 0.363495
 Floss: 49.935944, Closs: 0.423623
 Floss: 51.588654, Closs: 0.428657
 Floss: 47.940102, Closs: 0.418245
 Floss: 53.126343, Closs: 0.495400
 Floss: 44.030071, Closs: 0.389735
 Floss: 51.288464, Closs: 0.429859
 Floss: 47.324951, Closs: 0.392775
 Floss: 48.375053, Closs: 0.428276
 Floss: 42.210327, Closs: 0.368866
 Floss: 50.590912, Closs: 0.442381
 Floss: 48.164062, Closs: 0.438028
 Floss: 41.737198, Closs: 0.365333
 Floss: 39.913868, Closs: 0.341645
 Floss: 44.218994, Closs: 0.400108
 Floss: 59.608025, Closs: 0.548554
 Floss: 46.177490, Closs: 0.401305
 Floss: 40.477287, Closs: 0.348021
 Floss: 50.210617, Closs: 0.434116
 Floss: 18.772017, Closs: 0.154550
-------------
epoch 62 || Epoch_Loss:46.08027871449789, Epoch_FlowLoss:45.68726915783351, Epock_CycleLoss:0.39298000683387124
-------------
Epoch 63/100
-------------
（train）
 Floss: 51.723572, Closs: 0.432931
 Floss: 50.774292, Closs: 0.434996
 Floss: 49.570457, Closs: 0.456669
 Floss: 46.522446, Closs: 0.420621
 Floss: 34.727142, Closs: 0.300044
 Floss: 44.718979, Closs: 0.360206
 Floss: 50.009579, Closs: 0.423298
 Floss: 49.839737, Closs: 0.449870
 Floss: 50.133179, Closs: 0.472304
 Floss: 43.878143, Closs: 0.381269
 Floss: 41.687294, Closs: 0.342451
 Floss: 54.971809, Closs: 0.456933
 Floss: 46.328838, Closs: 0.401481
 Floss: 44.488640, Closs: 0.385775
 Floss: 46.817528, Closs: 0.417409
 Floss: 53.721462, Closs: 0.483266
 Floss: 46.434250, Closs: 0.376825
 Floss: 42.464798, Closs: 0.350411
 Floss: 46.459488, Closs: 0.422974
 Floss: 44.556580, Closs: 0.406698
 Floss: 39.934933, Closs: 0.355064
 Floss: 48.259705, Closs: 0.395086
 Floss: 49.275139, Closs: 0.414471
 Floss: 41.356750, Closs: 0.333633
 Floss: 45.034477, Closs: 0.382372
 Floss: 40.502945, Closs: 0.349963
 Floss: 49.686996, Closs: 0.416733
 Floss: 48.089840, Closs: 0.440088
 Floss: 47.955872, Closs: 0.421114
 Floss: 46.276077, Closs: 0.419229
 Floss: 49.703350, Closs: 0.427631
 Floss: 47.623730, Closs: 0.393521
 Floss: 46.833447, Closs: 0.392407
 Floss: 44.573742, Closs: 0.383095
 Floss: 52.237114, Closs: 0.482380
 Floss: 13.951591, Closs: 0.089319
-------------
epoch 63 || Epoch_Loss:46.261041270362, Epoch_FlowLoss:45.86455334557427, Epock_CycleLoss:0.3964592746148507
-------------
Epoch 64/100
-------------
（train）
 Floss: 46.117729, Closs: 0.407836
 Floss: 45.049385, Closs: 0.396572
 Floss: 39.490005, Closs: 0.314303
 Floss: 41.423355, Closs: 0.327403
 Floss: 46.698051, Closs: 0.390524
 Floss: 56.152580, Closs: 0.512953
 Floss: 36.349903, Closs: 0.324395
 Floss: 45.236725, Closs: 0.389691
 Floss: 50.225445, Closs: 0.439720
 Floss: 40.322266, Closs: 0.349141
 Floss: 45.472931, Closs: 0.406084
 Floss: 51.231186, Closs: 0.443094
 Floss: 52.149654, Closs: 0.471279
 Floss: 55.105255, Closs: 0.489789
 Floss: 48.390671, Closs: 0.459628
 Floss: 48.451508, Closs: 0.424421
 Floss: 49.130352, Closs: 0.403781
 Floss: 46.249706, Closs: 0.393397
 Floss: 48.615246, Closs: 0.398116
 Floss: 47.568890, Closs: 0.416747
 Floss: 41.918579, Closs: 0.372705
 Floss: 41.823517, Closs: 0.370078
 Floss: 47.534721, Closs: 0.410580
 Floss: 49.044151, Closs: 0.399245
 Floss: 50.226395, Closs: 0.447795
 Floss: 53.978813, Closs: 0.481071
 Floss: 41.765457, Closs: 0.371794
 Floss: 46.608730, Closs: 0.392271
 Floss: 45.754940, Closs: 0.381746
 Floss: 42.735443, Closs: 0.373224
 Floss: 38.624100, Closs: 0.352516
 Floss: 48.970352, Closs: 0.436406
 Floss: 45.825603, Closs: 0.391550
 Floss: 48.153862, Closs: 0.393721
 Floss: 50.597153, Closs: 0.439891
 Floss: 9.573961, Closs: 0.078200
-------------
epoch 64 || Epoch_Loss:46.02275957001581, Epoch_FlowLoss:45.62685060501099, Epock_CycleLoss:0.3958796680801445
-------------
Epoch 65/100
-------------
（train）
 Floss: 45.187843, Closs: 0.391975
 Floss: 48.943436, Closs: 0.416557
 Floss: 52.663342, Closs: 0.482141
 Floss: 43.970333, Closs: 0.388333
 Floss: 40.784599, Closs: 0.339628
 Floss: 55.024151, Closs: 0.457922
 Floss: 55.553219, Closs: 0.491663
 Floss: 44.716133, Closs: 0.406433
 Floss: 45.605206, Closs: 0.402465
 Floss: 41.771034, Closs: 0.376991
 Floss: 44.519363, Closs: 0.393240
 Floss: 41.699799, Closs: 0.349419
 Floss: 47.592041, Closs: 0.380378
 Floss: 37.778950, Closs: 0.335979
 Floss: 45.229797, Closs: 0.403913
 Floss: 48.578308, Closs: 0.428216
 Floss: 49.375072, Closs: 0.426358
 Floss: 51.192551, Closs: 0.454577
 Floss: 42.281166, Closs: 0.362550
 Floss: 40.182369, Closs: 0.347249
 Floss: 44.951561, Closs: 0.385389
 Floss: 47.799095, Closs: 0.416554
 Floss: 45.866940, Closs: 0.409433
 Floss: 52.191784, Closs: 0.460343
 Floss: 39.751015, Closs: 0.346490
 Floss: 49.300026, Closs: 0.430868
 Floss: 49.688866, Closs: 0.456503
 Floss: 39.881371, Closs: 0.350965
 Floss: 45.434505, Closs: 0.424657
 Floss: 41.884197, Closs: 0.386171
 Floss: 46.191387, Closs: 0.387688
 Floss: 59.553722, Closs: 0.522057
 Floss: 45.530682, Closs: 0.396266
 Floss: 47.716797, Closs: 0.433573
 Floss: 47.156334, Closs: 0.422117
 Floss: 67.557648, Closs: 0.223327
-------------
epoch 65 || Epoch_Loss:47.43316830529107, Epoch_FlowLoss:47.03068447113037, Epock_CycleLoss:0.402455228070418
-------------
Epoch 66/100
-------------
（train）
 Floss: 47.787994, Closs: 0.231885
 Floss: 67.743774, Closs: 0.317206
 Floss: 52.892761, Closs: 0.331782
 Floss: 63.118614, Closs: 0.428327
 Floss: 65.864746, Closs: 0.422020
 Floss: 53.401062, Closs: 0.385921
 Floss: 53.561760, Closs: 0.422530
 Floss: 63.693951, Closs: 0.513479
 Floss: 60.868126, Closs: 0.428599
 Floss: 61.130135, Closs: 0.443177
 Floss: 52.927765, Closs: 0.364794
 Floss: 53.160309, Closs: 0.399977
 Floss: 49.661926, Closs: 0.353256
 Floss: 51.348389, Closs: 0.406378
 Floss: 50.121033, Closs: 0.396803
 Floss: 40.374401, Closs: 0.299577
 Floss: 46.207558, Closs: 0.354132
 Floss: 50.134686, Closs: 0.376620
 Floss: 37.973114, Closs: 0.281021
 Floss: 57.312355, Closs: 0.458924
 Floss: 54.048248, Closs: 0.448098
 Floss: 45.458508, Closs: 0.376417
 Floss: 42.561089, Closs: 0.332084
 Floss: 47.862946, Closs: 0.360092
 Floss: 50.514221, Closs: 0.384186
 Floss: 48.295284, Closs: 0.404352
 Floss: 59.644741, Closs: 0.513960
 Floss: 45.482506, Closs: 0.372700
 Floss: 43.947655, Closs: 0.367761
 Floss: 43.389206, Closs: 0.338947
 Floss: 49.095398, Closs: 0.412430
 Floss: 48.074062, Closs: 0.390836
 Floss: 47.329948, Closs: 0.419632
 Floss: 45.071671, Closs: 0.380970
 Floss: 47.868332, Closs: 0.406507
 Floss: 25.301771, Closs: 0.156374
-------------
epoch 66 || Epoch_Loss:51.02535634570651, Epoch_FlowLoss:50.64527898364597, Epock_CycleLoss:0.38004869553777904
-------------
Epoch 67/100
-------------
（train）
 Floss: 42.060390, Closs: 0.321990
 Floss: 45.710281, Closs: 0.353019
 Floss: 53.270500, Closs: 0.463563
 Floss: 47.164795, Closs: 0.409292
 Floss: 50.249260, Closs: 0.437195
 Floss: 40.322292, Closs: 0.325152
 Floss: 42.901451, Closs: 0.332775
 Floss: 47.266506, Closs: 0.379238
 Floss: 45.207073, Closs: 0.393702
 Floss: 39.470581, Closs: 0.348452
 Floss: 40.894295, Closs: 0.372568
 Floss: 49.219986, Closs: 0.413604
 Floss: 43.375912, Closs: 0.339477
 Floss: 45.275642, Closs: 0.376853
 Floss: 51.124142, Closs: 0.457489
 Floss: 48.112774, Closs: 0.442325
 Floss: 45.904999, Closs: 0.403668
 Floss: 45.694733, Closs: 0.393345
 Floss: 48.853165, Closs: 0.420625
 Floss: 51.706097, Closs: 0.459709
 Floss: 44.771679, Closs: 0.389191
 Floss: 42.578545, Closs: 0.357879
 Floss: 41.910370, Closs: 0.348517
 Floss: 55.796768, Closs: 0.476856
 Floss: 61.445747, Closs: 0.544713
 Floss: 58.314545, Closs: 0.473394
 Floss: 53.612755, Closs: 0.442594
 Floss: 50.897064, Closs: 0.432530
 Floss: 45.536205, Closs: 0.398132
 Floss: 42.440269, Closs: 0.349828
 Floss: 44.417065, Closs: 0.363594
 Floss: 46.679260, Closs: 0.401197
 Floss: 50.364395, Closs: 0.424432
 Floss: 50.466797, Closs: 0.447988
 Floss: 50.644604, Closs: 0.430846
 Floss: 4.616227, Closs: 0.034630
-------------
epoch 67 || Epoch_Loss:46.73440492153167, Epoch_FlowLoss:46.34103247854446, Epock_CycleLoss:0.3933433698904184
-------------
Epoch 68/100
-------------
（train）
 Floss: 39.935204, Closs: 0.319034
 Floss: 50.232555, Closs: 0.427093
 Floss: 46.971951, Closs: 0.401497
 Floss: 38.235893, Closs: 0.338546
 Floss: 48.527447, Closs: 0.435779
 Floss: 39.501156, Closs: 0.334566
 Floss: 47.573509, Closs: 0.429629
 Floss: 41.380306, Closs: 0.357370
 Floss: 48.383057, Closs: 0.402707
 Floss: 45.488068, Closs: 0.406234
 Floss: 36.775536, Closs: 0.324785
 Floss: 44.257484, Closs: 0.382242
 Floss: 42.037537, Closs: 0.372829
 Floss: 40.145012, Closs: 0.343021
 Floss: 50.021877, Closs: 0.431998
 Floss: 43.430248, Closs: 0.388429
 Floss: 49.692177, Closs: 0.432026
 Floss: 46.512650, Closs: 0.424377
 Floss: 44.389156, Closs: 0.401858
 Floss: 47.162025, Closs: 0.412107
 Floss: 51.436916, Closs: 0.460788
 Floss: 54.795914, Closs: 0.490560
 Floss: 43.869987, Closs: 0.415082
 Floss: 45.074577, Closs: 0.406385
 Floss: 45.988823, Closs: 0.415734
 Floss: 58.868938, Closs: 0.508040
 Floss: 52.664429, Closs: 0.484233
 Floss: 45.855236, Closs: 0.419782
 Floss: 52.459560, Closs: 0.485211
 Floss: 44.070950, Closs: 0.396357
 Floss: 50.529655, Closs: 0.459277
 Floss: 41.141739, Closs: 0.348416
 Floss: 44.899109, Closs: 0.392679
 Floss: 45.169266, Closs: 0.397032
 Floss: 43.042175, Closs: 0.386123
 Floss: 10.135727, Closs: 0.073775
-------------
epoch 68 || Epoch_Loss:45.41562488343981, Epoch_FlowLoss:45.018218040466316, Epock_CycleLoss:0.39737784924606484
-------------
Epoch 69/100
-------------
（train）
 Floss: 52.153130, Closs: 0.457236
 Floss: 44.094543, Closs: 0.392748
 Floss: 53.633026, Closs: 0.467805
 Floss: 41.584721, Closs: 0.356753
 Floss: 45.307247, Closs: 0.390822
 Floss: 44.845940, Closs: 0.386602
 Floss: 44.773270, Closs: 0.422907
 Floss: 39.594719, Closs: 0.349252
 Floss: 51.593792, Closs: 0.476925
 Floss: 45.616844, Closs: 0.388796
 Floss: 43.215408, Closs: 0.376934
 Floss: 48.148643, Closs: 0.419925
 Floss: 47.233833, Closs: 0.408941
 Floss: 38.968830, Closs: 0.350800
 Floss: 51.610138, Closs: 0.467560
 Floss: 49.358212, Closs: 0.453541
 Floss: 40.219460, Closs: 0.357951
 Floss: 50.413422, Closs: 0.462754
 Floss: 42.127403, Closs: 0.384424
 Floss: 47.226669, Closs: 0.416997
 Floss: 43.338818, Closs: 0.350593
 Floss: 42.709991, Closs: 0.371763
 Floss: 45.650658, Closs: 0.417014
 Floss: 49.204124, Closs: 0.445203
 Floss: 46.251129, Closs: 0.432796
 Floss: 42.409447, Closs: 0.381291
 Floss: 40.283077, Closs: 0.346822
 Floss: 42.984310, Closs: 0.384852
 Floss: 43.096367, Closs: 0.367962
 Floss: 50.944298, Closs: 0.467732
 Floss: 48.727489, Closs: 0.460179
 Floss: 42.652214, Closs: 0.389801
 Floss: 50.832779, Closs: 0.467978
 Floss: 43.119812, Closs: 0.361491
Traceback (most recent call last):
  File "src/train.py", line 175, in <module>
    train()
  File "src/train.py", line 138, in train
    assert not torch.isnan(floss).item(), "Loss Error: is nan !!"
AssertionError: Loss Error: is nan !!
