You can use 4 GPUs!
-------------
Epoch 1/250
-------------
（train）
tensor(False, device='cuda:0')
tensor(False, device='cuda:0')
tensor(False, device='cuda:0')
tensor(False, device='cuda:0')
tensor(False, device='cuda:0')
tensor(False, device='cuda:0')
tensor(False, device='cuda:0')
tensor(False, device='cuda:0')
tensor(False, device='cuda:0')
tensor(False, device='cuda:0')
tensor(False, device='cuda:0')
tensor(False, device='cuda:0')
tensor(False, device='cuda:0')
tensor(False, device='cuda:0')
tensor(False, device='cuda:0')
tensor(False, device='cuda:0')
tensor(False, device='cuda:0')
tensor(False, device='cuda:0')
tensor(False, device='cuda:0')
tensor(False, device='cuda:0')
tensor(False, device='cuda:0')
tensor(False, device='cuda:0')
tensor(False, device='cuda:0')
tensor(False, device='cuda:0')
tensor(False, device='cuda:0')
tensor(False, device='cuda:0')
tensor(False, device='cuda:0')
tensor(False, device='cuda:0')
tensor(False, device='cuda:0')
tensor(False, device='cuda:0')
tensor(False, device='cuda:0')
tensor(False, device='cuda:0')
tensor(False, device='cuda:0')
tensor(False, device='cuda:0')
tensor(False, device='cuda:0')
tensor(False, device='cuda:0')
tensor(False, device='cuda:0')
tensor(False, device='cuda:0')
tensor(False, device='cuda:0')
tensor(False, device='cuda:0')
tensor(False, device='cuda:0')
tensor(False, device='cuda:0')
tensor(False, device='cuda:0')
tensor(False, device='cuda:0')
tensor(False, device='cuda:0')
tensor(False, device='cuda:0')
tensor(False, device='cuda:0')
tensor(False, device='cuda:0')
tensor(False, device='cuda:0')
tensor(False, device='cuda:0')
tensor(False, device='cuda:0')
tensor(False, device='cuda:0')
tensor(False, device='cuda:0')
tensor(False, device='cuda:0')
 Floss: 181964.406250, Closs: 160.848816
tensor(False, device='cuda:0')
tensor(False, device='cuda:0')
tensor(False, device='cuda:0')
tensor(False, device='cuda:0')
tensor(False, device='cuda:0')
tensor(False, device='cuda:0')
tensor(False, device='cuda:0')
tensor(False, device='cuda:0')
tensor(False, device='cuda:0')
tensor(False, device='cuda:0')
tensor(False, device='cuda:0')
tensor(False, device='cuda:0')
tensor(False, device='cuda:0')
tensor(False, device='cuda:0')
tensor(False, device='cuda:0')
tensor(False, device='cuda:0')
tensor(False, device='cuda:0')
tensor(False, device='cuda:0')
tensor(False, device='cuda:0')
tensor(False, device='cuda:0')
tensor(False, device='cuda:0')
tensor(False, device='cuda:0')
tensor(False, device='cuda:0')
tensor(False, device='cuda:0')
tensor(False, device='cuda:0')
tensor(False, device='cuda:0')
tensor(False, device='cuda:0')
tensor(False, device='cuda:0')
tensor(False, device='cuda:0')
tensor(False, device='cuda:0')
tensor(False, device='cuda:0')
tensor(False, device='cuda:0')
tensor(False, device='cuda:0')
tensor(False, device='cuda:0')
tensor(False, device='cuda:0')
tensor(False, device='cuda:0')
tensor(False, device='cuda:0')
tensor(False, device='cuda:0')
tensor(False, device='cuda:0')
tensor(False, device='cuda:0')
tensor(False, device='cuda:0')
tensor(False, device='cuda:0')
tensor(False, device='cuda:0')
tensor(False, device='cuda:0')
tensor(False, device='cuda:0')
tensor(False, device='cuda:0')
tensor(False, device='cuda:0')
tensor(False, device='cuda:0')
tensor(False, device='cuda:0')
tensor(False, device='cuda:0')
tensor(False, device='cuda:0')
tensor(False, device='cuda:0')
tensor(False, device='cuda:0')
tensor(False, device='cuda:0')
 Floss: 183849.921875, Closs: 112.785019
tensor(False, device='cuda:0')
tensor(False, device='cuda:0')
tensor(False, device='cuda:0')
tensor(False, device='cuda:0')
tensor(False, device='cuda:0')
tensor(False, device='cuda:0')
tensor(False, device='cuda:0')
tensor(False, device='cuda:0')
tensor(False, device='cuda:0')
tensor(False, device='cuda:0')
tensor(False, device='cuda:0')
tensor(False, device='cuda:0')
tensor(False, device='cuda:0')
tensor(False, device='cuda:0')
tensor(False, device='cuda:0')
tensor(False, device='cuda:0')
tensor(False, device='cuda:0')
tensor(False, device='cuda:0')
tensor(False, device='cuda:0')
tensor(False, device='cuda:0')
tensor(False, device='cuda:0')
tensor(False, device='cuda:0')
tensor(False, device='cuda:0')
tensor(False, device='cuda:0')
tensor(False, device='cuda:0')
tensor(False, device='cuda:0')
tensor(False, device='cuda:0')
tensor(False, device='cuda:0')
tensor(False, device='cuda:0')
tensor(False, device='cuda:0')
tensor(False, device='cuda:0')
tensor(False, device='cuda:0')
tensor(False, device='cuda:0')
tensor(False, device='cuda:0')
tensor(False, device='cuda:0')
tensor(False, device='cuda:0')
tensor(False, device='cuda:0')
tensor(False, device='cuda:0')
tensor(False, device='cuda:0')
tensor(False, device='cuda:0')
tensor(False, device='cuda:0')
tensor(False, device='cuda:0')
tensor(False, device='cuda:0')
tensor(False, device='cuda:0')
tensor(False, device='cuda:0')
tensor(False, device='cuda:0')
tensor(False, device='cuda:0')
tensor(False, device='cuda:0')
tensor(False, device='cuda:0')
tensor(False, device='cuda:0')
tensor(False, device='cuda:0')
tensor(False, device='cuda:0')
tensor(False, device='cuda:0')
tensor(False, device='cuda:0')
