You can use 4 GPUs!
***Not Using Optical Loss***
-------------
Epoch 1/500
-------------
（train）
-------------
epoch 1 || Epoch_Loss:307.9033821953668, Epoch_FlowLoss:307.83940039740673, Epock_CycleLoss:0.06398331153172034
-------------
Epoch 2/500
-------------
（train）
/home/habara/anaconda3/envs/crowd/lib/python3.6/site-packages/torch/nn/functional.py:3121: UserWarning: Default upsampling behavior when mode=bilinear is changed to align_corners=False since 0.4.0. Please specify align_corners=True if the old behavior is desired. See the documentation of nn.Upsample for details.
  "See the documentation of nn.Upsample for details.".format(mode))
-------------
epoch 2 || Epoch_Loss:283.39325431541164, Epoch_FlowLoss:283.3675884670681, Epock_CycleLoss:0.025665163786874876
-------------
Epoch 3/500
-------------
（train）
-------------
epoch 3 || Epoch_Loss:281.05602151376235, Epoch_FlowLoss:281.02746384232137, Epock_CycleLoss:0.028558431607153677
-------------
Epoch 4/500
-------------
（train）
-------------
epoch 4 || Epoch_Loss:280.93319617377387, Epoch_FlowLoss:280.90686317726426, Epock_CycleLoss:0.02633186098602083
-------------
Epoch 5/500
-------------
（train）
-------------
epoch 5 || Epoch_Loss:279.2496301156503, Epoch_FlowLoss:279.2095825760453, Epock_CycleLoss:0.04004849424516714
-------------
Epoch 6/500
-------------
（train）
-------------
epoch 6 || Epoch_Loss:278.5429201479311, Epoch_FlowLoss:278.50190706606264, Epock_CycleLoss:0.04101199987861846
-------------
Epoch 7/500
-------------
（train）
-------------
epoch 7 || Epoch_Loss:278.3224032366717, Epoch_FlowLoss:278.2785588017217, Epock_CycleLoss:0.04384232353832986
-------------
Epoch 8/500
-------------
（train）
-------------
epoch 8 || Epoch_Loss:278.3206967954283, Epoch_FlowLoss:278.27569806134267, Epock_CycleLoss:0.04499992397096422
-------------
Epoch 9/500
-------------
（train）
-------------
epoch 9 || Epoch_Loss:278.9463594224718, Epoch_FlowLoss:278.90426183629916, Epock_CycleLoss:0.042095514221323856
-------------
Epoch 10/500
-------------
（train）
-------------
epoch 10 || Epoch_Loss:278.2357991536458, Epoch_FlowLoss:278.1889063517253, Epock_CycleLoss:0.04689278908901744
-------------
Epoch 11/500
-------------
（train）
-------------
epoch 11 || Epoch_Loss:278.7198992128726, Epoch_FlowLoss:278.6737221611871, Epock_CycleLoss:0.04617357974940979
-------------
Epoch 12/500
-------------
（train）
-------------
epoch 12 || Epoch_Loss:278.7722272519713, Epoch_FlowLoss:278.7253952026367, Epock_CycleLoss:0.0468305379704193
-------------
Epoch 13/500
-------------
（train）
-------------
epoch 13 || Epoch_Loss:279.56594453034575, Epoch_FlowLoss:279.510920771846, Epock_CycleLoss:0.05502365646814858
-------------
Epoch 14/500
-------------
（train）
-------------
epoch 14 || Epoch_Loss:279.0731308548539, Epoch_FlowLoss:279.01813902678316, Epock_CycleLoss:0.05499040928703766
-------------
Epoch 15/500
-------------
（train）
-------------
epoch 15 || Epoch_Loss:277.3983230590821, Epoch_FlowLoss:277.34204468903715, Epock_CycleLoss:0.056280834393368825
-------------
Epoch 16/500
-------------
（train）
-------------
epoch 16 || Epoch_Loss:277.45040045844195, Epoch_FlowLoss:277.39327833387586, Epock_CycleLoss:0.057120234326080044
-------------
Epoch 17/500
-------------
（train）
-------------
epoch 17 || Epoch_Loss:276.99791378445093, Epoch_FlowLoss:276.9400476526331, Epock_CycleLoss:0.05786497325257019
-------------
Epoch 18/500
-------------
（train）
-------------
epoch 18 || Epoch_Loss:277.142736364294, Epoch_FlowLoss:277.08544695818864, Epock_CycleLoss:0.057287488960557506
-------------
Epoch 19/500
-------------
（train）
-------------
epoch 19 || Epoch_Loss:277.3496800175419, Epoch_FlowLoss:277.29383567527486, Epock_CycleLoss:0.05584428183458468
-------------
Epoch 20/500
-------------
（train）
-------------
epoch 20 || Epoch_Loss:277.6131159464518, Epoch_FlowLoss:277.55684351038053, Epock_CycleLoss:0.056273768207541215
-------------
Epoch 21/500
-------------
（train）
-------------
epoch 21 || Epoch_Loss:276.1521781638816, Epoch_FlowLoss:276.0932560673466, Epock_CycleLoss:0.05892309008373155
-------------
Epoch 22/500
-------------
（train）
-------------
epoch 22 || Epoch_Loss:275.03620062934027, Epoch_FlowLoss:274.9758702030888, Epock_CycleLoss:0.06032878560600457
-------------
Epoch 23/500
-------------
（train）
-------------
epoch 23 || Epoch_Loss:275.74470943874786, Epoch_FlowLoss:275.6864754005715, Epock_CycleLoss:0.05823483966566898
-------------
Epoch 24/500
-------------
（train）
-------------
epoch 24 || Epoch_Loss:275.32899390326605, Epoch_FlowLoss:275.27238210042316, Epock_CycleLoss:0.05661266476467803
-------------
Epoch 25/500
-------------
（train）
-------------
epoch 25 || Epoch_Loss:274.91643495912905, Epoch_FlowLoss:274.85674766257955, Epock_CycleLoss:0.05968744293959053
-------------
Epoch 26/500
-------------
（train）
-------------
epoch 26 || Epoch_Loss:274.98500852231626, Epoch_FlowLoss:274.9242841932509, Epock_CycleLoss:0.060725566344680626
-------------
Epoch 27/500
-------------
（train）
-------------
epoch 27 || Epoch_Loss:274.78926905879274, Epoch_FlowLoss:274.7303752192745, Epock_CycleLoss:0.05889098718762398
-------------
Epoch 28/500
-------------
（train）
-------------
epoch 28 || Epoch_Loss:275.33075007685915, Epoch_FlowLoss:275.27182458948204, Epock_CycleLoss:0.058923750012009245
-------------
Epoch 29/500
-------------
（train）
-------------
epoch 29 || Epoch_Loss:274.4973706845884, Epoch_FlowLoss:274.4374081646955, Epock_CycleLoss:0.05996387603658218
-------------
Epoch 30/500
-------------
（train）
-------------
epoch 30 || Epoch_Loss:275.28587736906826, Epoch_FlowLoss:275.2255390308521, Epock_CycleLoss:0.06033826991915702
-------------
Epoch 31/500
-------------
（train）
-------------
epoch 31 || Epoch_Loss:274.9414124665437, Epoch_FlowLoss:274.8812380190249, Epock_CycleLoss:0.06017382056624802
-------------
Epoch 32/500
-------------
（train）
-------------
epoch 32 || Epoch_Loss:274.68453612150967, Epoch_FlowLoss:274.6243596959997, Epock_CycleLoss:0.06017694622278212
-------------
Epoch 33/500
-------------
（train）
-------------
epoch 33 || Epoch_Loss:274.25400232385704, Epoch_FlowLoss:274.1944862648293, Epock_CycleLoss:0.05951703905507371
-------------
Epoch 34/500
-------------
（train）
-------------
epoch 34 || Epoch_Loss:274.71344615795, Epoch_FlowLoss:274.652249654134, Epock_CycleLoss:0.06119627105417075
-------------
Epoch 35/500
-------------
（train）
-------------
epoch 35 || Epoch_Loss:275.86889591923466, Epoch_FlowLoss:275.8219141077112, Epock_CycleLoss:0.04698135614119194
-------------
Epoch 36/500
-------------
（train）
-------------
epoch 36 || Epoch_Loss:273.76904918529374, Epoch_FlowLoss:273.7316538492839, Epock_CycleLoss:0.037394975415534444
-------------
Epoch 37/500
-------------
（train）
-------------
epoch 37 || Epoch_Loss:272.9690763685438, Epoch_FlowLoss:272.9332959210431, Epock_CycleLoss:0.03578177301420105
-------------
Epoch 38/500
-------------
（train）
-------------
epoch 38 || Epoch_Loss:273.4154798719619, Epoch_FlowLoss:273.38614965368197, Epock_CycleLoss:0.029331910872349033
-------------
Epoch 39/500
-------------
（train）
-------------
epoch 39 || Epoch_Loss:272.84055356626163, Epoch_FlowLoss:272.8181895503291, Epock_CycleLoss:0.02236338884190276
-------------
Epoch 40/500
-------------
（train）
-------------
epoch 40 || Epoch_Loss:272.84433689823857, Epoch_FlowLoss:272.82584889729816, Epock_CycleLoss:0.01849020334581534
-------------
Epoch 41/500
-------------
（train）
-------------
epoch 41 || Epoch_Loss:272.9637414437753, Epoch_FlowLoss:272.9488228691948, Epock_CycleLoss:0.014917284853894404
-------------
Epoch 42/500
-------------
（train）
-------------
epoch 42 || Epoch_Loss:272.60101064046216, Epoch_FlowLoss:272.58625397858793, Epock_CycleLoss:0.014758128776318496
-------------
Epoch 43/500
-------------
（train）
-------------
epoch 43 || Epoch_Loss:272.68820896855107, Epoch_FlowLoss:272.6725359316225, Epock_CycleLoss:0.01567412823162697
-------------
Epoch 44/500
-------------
（train）
-------------
epoch 44 || Epoch_Loss:273.0552057336878, Epoch_FlowLoss:273.04255619755503, Epock_CycleLoss:0.012647896177238884
-------------
Epoch 45/500
-------------
（train）
-------------
epoch 45 || Epoch_Loss:272.739011976454, Epoch_FlowLoss:272.7253564905237, Epock_CycleLoss:0.01365691397546066
-------------
Epoch 46/500
-------------
（train）
-------------
epoch 46 || Epoch_Loss:272.69768580683956, Epoch_FlowLoss:272.6834502043548, Epock_CycleLoss:0.014235557729585305
-------------
Epoch 47/500
-------------
（train）
-------------
epoch 47 || Epoch_Loss:272.4231129399053, Epoch_FlowLoss:272.40910339355463, Epock_CycleLoss:0.01400973261506469
-------------
Epoch 48/500
-------------
（train）
-------------
epoch 48 || Epoch_Loss:272.78783388491024, Epoch_FlowLoss:272.77374465377244, Epock_CycleLoss:0.014088866921762625
-------------
Epoch 49/500
-------------
（train）
-------------
epoch 49 || Epoch_Loss:272.2709765964084, Epoch_FlowLoss:272.2570003933377, Epock_CycleLoss:0.013978459768825105
-------------
Epoch 50/500
-------------
（train）
-------------
epoch 50 || Epoch_Loss:272.53070463957613, Epoch_FlowLoss:272.51610989040796, Epock_CycleLoss:0.01459514322104277
-------------
Epoch 51/500
-------------
（train）
-------------
epoch 51 || Epoch_Loss:272.8129885638201, Epoch_FlowLoss:272.7998306839554, Epock_CycleLoss:0.013155249050921865
-------------
Epoch 52/500
-------------
（train）
-------------
epoch 52 || Epoch_Loss:272.0716679890951, Epoch_FlowLoss:272.0574075204354, Epock_CycleLoss:0.01426034120635854
-------------
Epoch 53/500
-------------
（train）
-------------
epoch 53 || Epoch_Loss:271.82589862964767, Epoch_FlowLoss:271.81252656159575, Epock_CycleLoss:0.013370923663455029
-------------
Epoch 54/500
-------------
（train）
-------------
epoch 54 || Epoch_Loss:272.45193792272494, Epoch_FlowLoss:272.43744687680845, Epock_CycleLoss:0.014490585981143847
-------------
Epoch 55/500
-------------
（train）
-------------
epoch 55 || Epoch_Loss:272.0834469265408, Epoch_FlowLoss:272.06947637487343, Epock_CycleLoss:0.013968308594215802
-------------
Epoch 56/500
-------------
（train）
-------------
epoch 56 || Epoch_Loss:272.4567678946036, Epoch_FlowLoss:272.4432435212312, Epock_CycleLoss:0.013524987286439652
-------------
Epoch 57/500
-------------
（train）
-------------
epoch 57 || Epoch_Loss:272.349466394495, Epoch_FlowLoss:272.3354410242152, Epock_CycleLoss:0.014023022760671596
-------------
Epoch 58/500
-------------
（train）
-------------
epoch 58 || Epoch_Loss:272.0180802521882, Epoch_FlowLoss:272.004229510272, Epock_CycleLoss:0.01385176368057728
-------------
Epoch 59/500
-------------
（train）
-------------
epoch 59 || Epoch_Loss:271.9502617164894, Epoch_FlowLoss:271.93596225314667, Epock_CycleLoss:0.014298175944498292
-------------
Epoch 60/500
-------------
（train）
-------------
epoch 60 || Epoch_Loss:271.78624753598814, Epoch_FlowLoss:271.7718760172526, Epock_CycleLoss:0.014369686996495282
-------------
Epoch 61/500
-------------
（train）
-------------
epoch 61 || Epoch_Loss:271.43887865984885, Epoch_FlowLoss:271.42428306297023, Epock_CycleLoss:0.01459797168219531
-------------
Epoch 62/500
-------------
（train）
-------------
epoch 62 || Epoch_Loss:271.6407787181713, Epoch_FlowLoss:271.6263834635417, Epock_CycleLoss:0.01439688699664893
-------------
Epoch 63/500
-------------
（train）
-------------
epoch 63 || Epoch_Loss:271.5731082492405, Epoch_FlowLoss:271.5589839794018, Epock_CycleLoss:0.014125349414017467
-------------
Epoch 64/500
-------------
（train）
-------------
epoch 64 || Epoch_Loss:271.19675784640845, Epoch_FlowLoss:271.1821837248626, Epock_CycleLoss:0.014571168321978162
-------------
Epoch 65/500
-------------
（train）
-------------
epoch 65 || Epoch_Loss:271.8312375103986, Epoch_FlowLoss:271.81700134277344, Epock_CycleLoss:0.014237514662521858
-------------
Epoch 66/500
-------------
（train）
-------------
epoch 66 || Epoch_Loss:271.0705656828704, Epoch_FlowLoss:271.055044668692, Epock_CycleLoss:0.015520575007906667
-------------
Epoch 67/500
-------------
（train）
-------------
epoch 67 || Epoch_Loss:271.1926501238788, Epoch_FlowLoss:271.1767063847294, Epock_CycleLoss:0.01594192945156936
-------------
Epoch 68/500
-------------
（train）
-------------
epoch 68 || Epoch_Loss:271.1655878137659, Epoch_FlowLoss:271.14912753634985, Epock_CycleLoss:0.016460417114474157
-------------
Epoch 69/500
-------------
（train）
-------------
epoch 69 || Epoch_Loss:270.8650117097078, Epoch_FlowLoss:270.8482965540003, Epock_CycleLoss:0.016717542411276584
-------------
Epoch 70/500
-------------
（train）
-------------
epoch 70 || Epoch_Loss:271.1572977701823, Epoch_FlowLoss:271.14089428936995, Epock_CycleLoss:0.016402925468153425
-------------
Epoch 71/500
-------------
（train）
-------------
epoch 71 || Epoch_Loss:270.80959037498195, Epoch_FlowLoss:270.7900062843605, Epock_CycleLoss:0.019583542486307795
-------------
Epoch 72/500
-------------
（train）
-------------
epoch 72 || Epoch_Loss:270.7391156797056, Epoch_FlowLoss:270.719772056297, Epock_CycleLoss:0.019343878452976544
-------------
Epoch 73/500
-------------
（train）
-------------
epoch 73 || Epoch_Loss:271.0009649771231, Epoch_FlowLoss:270.9847881175854, Epock_CycleLoss:0.01617604694156735
-------------
Epoch 74/500
-------------
（train）
-------------
epoch 74 || Epoch_Loss:270.7544422856083, Epoch_FlowLoss:270.73405371771923, Epock_CycleLoss:0.02038726269233006
-------------
Epoch 75/500
-------------
（train）
-------------
epoch 75 || Epoch_Loss:271.0122737178097, Epoch_FlowLoss:270.99349353931564, Epock_CycleLoss:0.018780095744188187
-------------
Epoch 76/500
-------------
（train）
-------------
epoch 76 || Epoch_Loss:271.17066927309395, Epoch_FlowLoss:271.15185885959204, Epock_CycleLoss:0.018810747777698218
-------------
Epoch 77/500
-------------
（train）
-------------
epoch 77 || Epoch_Loss:270.6593913325557, Epoch_FlowLoss:270.63937547471795, Epock_CycleLoss:0.020017359681703425
-------------
Epoch 78/500
-------------
（train）
-------------
epoch 78 || Epoch_Loss:270.71291210033274, Epoch_FlowLoss:270.6905478018302, Epock_CycleLoss:0.02236436548884268
-------------
Epoch 79/500
-------------
（train）
-------------
epoch 79 || Epoch_Loss:270.61432365134914, Epoch_FlowLoss:270.59072847719546, Epock_CycleLoss:0.023594611186396195
-------------
Epoch 80/500
-------------
（train）
-------------
epoch 80 || Epoch_Loss:270.64063545509623, Epoch_FlowLoss:270.61490178991244, Epock_CycleLoss:0.02573425798780388
-------------
Epoch 81/500
-------------
（train）
-------------
epoch 81 || Epoch_Loss:271.2308160287362, Epoch_FlowLoss:271.2105000813802, Epock_CycleLoss:0.020312634124248122
-------------
Epoch 82/500
-------------
（train）
-------------
epoch 82 || Epoch_Loss:270.83371649848095, Epoch_FlowLoss:270.8120091756185, Epock_CycleLoss:0.021707275744389607
-------------
Epoch 83/500
-------------
（train）
-------------
epoch 83 || Epoch_Loss:270.4061556215639, Epoch_FlowLoss:270.381918447989, Epock_CycleLoss:0.02423829730186197
-------------
Epoch 84/500
-------------
（train）
-------------
epoch 84 || Epoch_Loss:270.0957675509983, Epoch_FlowLoss:270.06857921459056, Epock_CycleLoss:0.027193560989366646
-------------
Epoch 85/500
-------------
（train）
-------------
epoch 85 || Epoch_Loss:270.1172151918765, Epoch_FlowLoss:270.08897993299695, Epock_CycleLoss:0.028235196170431597
-------------
Epoch 86/500
-------------
（train）
-------------
epoch 86 || Epoch_Loss:270.0980015507451, Epoch_FlowLoss:270.07097484447337, Epock_CycleLoss:0.02702840348636662
-------------
Epoch 87/500
-------------
（train）
-------------
epoch 87 || Epoch_Loss:270.36106589988435, Epoch_FlowLoss:270.33234631573714, Epock_CycleLoss:0.028717756202375443
-------------
Epoch 88/500
-------------
（train）
-------------
epoch 88 || Epoch_Loss:270.42814240632237, Epoch_FlowLoss:270.4010919641565, Epock_CycleLoss:0.027051847704030855
-------------
Epoch 89/500
-------------
（train）
-------------
epoch 89 || Epoch_Loss:270.38321827076095, Epoch_FlowLoss:270.3532522696037, Epock_CycleLoss:0.02996432567360225
-------------
Epoch 90/500
-------------
（train）
-------------
epoch 90 || Epoch_Loss:270.2165872079355, Epoch_FlowLoss:270.1877978289569, Epock_CycleLoss:0.02879121934098226
-------------
Epoch 91/500
-------------
（train）
-------------
epoch 91 || Epoch_Loss:270.0440863150138, Epoch_FlowLoss:270.010247124566, Epock_CycleLoss:0.03384183067828417
-------------
Epoch 92/500
-------------
（train）
-------------
epoch 92 || Epoch_Loss:270.338643391927, Epoch_FlowLoss:270.3099921897606, Epock_CycleLoss:0.02864956521187668
-------------
Epoch 93/500
-------------
（train）
-------------
epoch 93 || Epoch_Loss:270.42232541684746, Epoch_FlowLoss:270.3939079002098, Epock_CycleLoss:0.02841815959524226
-------------
Epoch 94/500
-------------
（train）
-------------
epoch 94 || Epoch_Loss:270.3540372495298, Epoch_FlowLoss:270.32222069634327, Epock_CycleLoss:0.03181797224614355
-------------
Epoch 95/500
-------------
（train）
-------------
epoch 95 || Epoch_Loss:270.49580439814815, Epoch_FlowLoss:270.4669675473814, Epock_CycleLoss:0.02883625906650667
-------------
Epoch 96/500
-------------
（train）
-------------
epoch 96 || Epoch_Loss:270.0884803489403, Epoch_FlowLoss:270.05968390570746, Epock_CycleLoss:0.028798494556987728
-------------
Epoch 97/500
-------------
（train）
-------------
epoch 97 || Epoch_Loss:270.43232387966583, Epoch_FlowLoss:270.3973315203631, Epock_CycleLoss:0.03499202671702261
-------------
Epoch 98/500
-------------
（train）
-------------
epoch 98 || Epoch_Loss:269.9369334468135, Epoch_FlowLoss:269.9067767107928, Epock_CycleLoss:0.030157913764317822
-------------
Epoch 99/500
-------------
（train）
-------------
epoch 99 || Epoch_Loss:270.0646495112666, Epoch_FlowLoss:270.0284378616898, Epock_CycleLoss:0.0362115647919752
-------------
Epoch 100/500
-------------
（train）
-------------
epoch 100 || Epoch_Loss:270.2359362001772, Epoch_FlowLoss:270.2047517564561, Epock_CycleLoss:0.031184989821027825
-------------
Epoch 101/500
-------------
（train）
-------------
epoch 101 || Epoch_Loss:270.006189275671, Epoch_FlowLoss:269.9725025318287, Epock_CycleLoss:0.03368742232797323
-------------
Epoch 102/500
-------------
（train）
-------------
epoch 102 || Epoch_Loss:270.2577633327908, Epoch_FlowLoss:270.22627258300776, Epock_CycleLoss:0.03148959128669015
-------------
Epoch 103/500
-------------
（train）
-------------
epoch 103 || Epoch_Loss:270.3685096458152, Epoch_FlowLoss:270.33599147090206, Epock_CycleLoss:0.03251858124578441
-------------
Epoch 104/500
-------------
（train）
-------------
epoch 104 || Epoch_Loss:270.2508765326606, Epoch_FlowLoss:270.21794241446037, Epock_CycleLoss:0.03293588336695124
-------------
Epoch 105/500
-------------
（train）
-------------
epoch 105 || Epoch_Loss:270.26075716371895, Epoch_FlowLoss:270.2278679741753, Epock_CycleLoss:0.03288969956338406
-------------
Epoch 106/500
-------------
（train）
-------------
epoch 106 || Epoch_Loss:270.06581737377024, Epoch_FlowLoss:270.03325483534076, Epock_CycleLoss:0.03256268350890389
-------------
Epoch 107/500
-------------
（train）
-------------
epoch 107 || Epoch_Loss:270.2636854383681, Epoch_FlowLoss:270.2292768690321, Epock_CycleLoss:0.03440837086074883
-------------
Epoch 108/500
-------------
（train）
-------------
epoch 108 || Epoch_Loss:270.12576972113715, Epoch_FlowLoss:270.0925290143048, Epock_CycleLoss:0.033238486766263294
-------------
Epoch 109/500
-------------
（train）
-------------
epoch 109 || Epoch_Loss:269.98210765697337, Epoch_FlowLoss:269.94638231065534, Epock_CycleLoss:0.03572688106861379
-------------
Epoch 110/500
-------------
（train）
-------------
epoch 110 || Epoch_Loss:269.9941734031394, Epoch_FlowLoss:269.95975296585647, Epock_CycleLoss:0.03442425335998889
-------------
Epoch 111/500
-------------
（train）
-------------
epoch 111 || Epoch_Loss:270.06167772081164, Epoch_FlowLoss:270.02663732458046, Epock_CycleLoss:0.035041344731494235
-------------
Epoch 112/500
-------------
（train）
-------------
epoch 112 || Epoch_Loss:270.0551249186198, Epoch_FlowLoss:270.02303625036166, Epock_CycleLoss:0.03208833477563328
-------------
Epoch 113/500
-------------
（train）
-------------
epoch 113 || Epoch_Loss:270.2189565587927, Epoch_FlowLoss:270.1838186758536, Epock_CycleLoss:0.03513689380553033
-------------
Epoch 114/500
-------------
（train）
-------------
epoch 114 || Epoch_Loss:269.8082532529478, Epoch_FlowLoss:269.77578113697194, Epock_CycleLoss:0.03247235832666909
-------------
Epoch 115/500
-------------
（train）
-------------
epoch 115 || Epoch_Loss:270.15323186803744, Epoch_FlowLoss:270.1151089138455, Epock_CycleLoss:0.038122874374190964
-------------
Epoch 116/500
-------------
（train）
-------------
epoch 116 || Epoch_Loss:269.8753486915871, Epoch_FlowLoss:269.83969285753034, Epock_CycleLoss:0.03565330465358717
-------------
Epoch 117/500
-------------
（train）
-------------
epoch 117 || Epoch_Loss:269.9578888504593, Epoch_FlowLoss:269.9226483945493, Epock_CycleLoss:0.03524169256841695
-------------
Epoch 118/500
-------------
（train）
-------------
epoch 118 || Epoch_Loss:270.1037572224935, Epoch_FlowLoss:270.0683525933159, Epock_CycleLoss:0.035406032853104445
-------------
Epoch 119/500
-------------
（train）
-------------
epoch 119 || Epoch_Loss:269.7995964332863, Epoch_FlowLoss:269.7650618376556, Epock_CycleLoss:0.03453448249234094
-------------
Epoch 120/500
-------------
（train）
-------------
epoch 120 || Epoch_Loss:270.2802457456236, Epoch_FlowLoss:270.246838039822, Epock_CycleLoss:0.03340710602976658
-------------
Epoch 121/500
-------------
（train）
-------------
epoch 121 || Epoch_Loss:269.94881580494064, Epoch_FlowLoss:269.91340015552663, Epock_CycleLoss:0.03541555062488274
-------------
Epoch 122/500
-------------
（train）
-------------
epoch 122 || Epoch_Loss:269.73930584942855, Epoch_FlowLoss:269.7028548629195, Epock_CycleLoss:0.03645172384050157
-------------
Epoch 123/500
-------------
（train）
-------------
epoch 123 || Epoch_Loss:270.5860363995587, Epoch_FlowLoss:270.55009573477287, Epock_CycleLoss:0.03593868969215287
-------------
Epoch 124/500
-------------
（train）
-------------
epoch 124 || Epoch_Loss:270.0043747513382, Epoch_FlowLoss:269.9742273401331, Epock_CycleLoss:0.030146812468215267
-------------
Epoch 125/500
-------------
（train）
-------------
epoch 125 || Epoch_Loss:271.35075547960065, Epoch_FlowLoss:271.3180383752894, Epock_CycleLoss:0.0327176136068172
-------------
Epoch 126/500
-------------
（train）
-------------
epoch 126 || Epoch_Loss:270.4951242517542, Epoch_FlowLoss:270.4688805474175, Epock_CycleLoss:0.026242358610033985
-------------
Epoch 127/500
-------------
（train）
-------------
epoch 127 || Epoch_Loss:270.32580848976414, Epoch_FlowLoss:270.29297722710504, Epock_CycleLoss:0.032832082636930326
-------------
Epoch 128/500
-------------
（train）
-------------
epoch 128 || Epoch_Loss:269.77053578694654, Epoch_FlowLoss:269.73614162868927, Epock_CycleLoss:0.03439449532716363
-------------
Epoch 129/500
-------------
（train）
-------------
epoch 129 || Epoch_Loss:269.99700560393165, Epoch_FlowLoss:269.9595489501953, Epock_CycleLoss:0.03745570123471595
-------------
Epoch 130/500
-------------
（train）
-------------
epoch 130 || Epoch_Loss:269.70046516701024, Epoch_FlowLoss:269.66505997269235, Epock_CycleLoss:0.03540361810613562
-------------
Epoch 131/500
-------------
（train）
-------------
epoch 131 || Epoch_Loss:269.7036610356083, Epoch_FlowLoss:269.66806991012004, Epock_CycleLoss:0.03559046624987214
-------------
Epoch 132/500
-------------
（train）
-------------
epoch 132 || Epoch_Loss:269.9745480572735, Epoch_FlowLoss:269.93848164876306, Epock_CycleLoss:0.03606565572597363
-------------
Epoch 133/500
-------------
（train）
-------------
epoch 133 || Epoch_Loss:269.7203524554218, Epoch_FlowLoss:269.685065375434, Epock_CycleLoss:0.035287387427632454
-------------
Epoch 134/500
-------------
（train）
-------------
epoch 134 || Epoch_Loss:269.78099936026115, Epoch_FlowLoss:269.74335211294675, Epock_CycleLoss:0.03764611061800408
-------------
Epoch 135/500
-------------
（train）
-------------
epoch 135 || Epoch_Loss:269.7722394024884, Epoch_FlowLoss:269.73391158492484, Epock_CycleLoss:0.038326877272791327
-------------
Epoch 136/500
-------------
（train）
-------------
epoch 136 || Epoch_Loss:269.7380413479275, Epoch_FlowLoss:269.70226316098814, Epock_CycleLoss:0.03577668819990423
-------------
Epoch 137/500
-------------
（train）
-------------
epoch 137 || Epoch_Loss:269.9563963148329, Epoch_FlowLoss:269.91989926938663, Epock_CycleLoss:0.036495145962194164
-------------
Epoch 138/500
-------------
（train）
-------------
epoch 138 || Epoch_Loss:270.13195772524233, Epoch_FlowLoss:270.0972872133608, Epock_CycleLoss:0.03467040764236892
-------------
Epoch 139/500
-------------
（train）
-------------
epoch 139 || Epoch_Loss:269.8021036783854, Epoch_FlowLoss:269.76416015624994, Epock_CycleLoss:0.03794460426326151
-------------
Epoch 140/500
-------------
（train）
-------------
epoch 140 || Epoch_Loss:269.70293313485604, Epoch_FlowLoss:269.66964241310404, Epock_CycleLoss:0.03329118127348246
-------------
Epoch 141/500
-------------
（train）
-------------
epoch 141 || Epoch_Loss:269.81492219147856, Epoch_FlowLoss:269.777055810999, Epock_CycleLoss:0.03786420815244869
-------------
Epoch 142/500
-------------
（train）
-------------
epoch 142 || Epoch_Loss:269.7353775589554, Epoch_FlowLoss:269.69863156919126, Epock_CycleLoss:0.03674686865674124
-------------
Epoch 143/500
-------------
（train）
-------------
epoch 143 || Epoch_Loss:269.692120022244, Epoch_FlowLoss:269.65599116572633, Epock_CycleLoss:0.036128542903396815
-------------
Epoch 144/500
-------------
（train）
-------------
epoch 144 || Epoch_Loss:269.91787974039715, Epoch_FlowLoss:269.88179129141344, Epock_CycleLoss:0.0360887175494874
-------------
Epoch 145/500
-------------
（train）
-------------
epoch 145 || Epoch_Loss:269.7799123128255, Epoch_FlowLoss:269.74362719500505, Epock_CycleLoss:0.03628425907205652
-------------
Epoch 146/500
-------------
（train）
-------------
epoch 146 || Epoch_Loss:269.8446273803711, Epoch_FlowLoss:269.8100540726273, Epock_CycleLoss:0.034575100919162785
-------------
Epoch 147/500
-------------
（train）
-------------
epoch 147 || Epoch_Loss:270.15651787651905, Epoch_FlowLoss:270.122237028899, Epock_CycleLoss:0.03428019824679251
-------------
Epoch 148/500
-------------
（train）
-------------
epoch 148 || Epoch_Loss:269.8418434990777, Epoch_FlowLoss:269.80485534667963, Epock_CycleLoss:0.03698671029673682
-------------
Epoch 149/500
-------------
（train）
-------------
epoch 149 || Epoch_Loss:269.65158787480107, Epoch_FlowLoss:269.61399050112124, Epock_CycleLoss:0.037598144676950246
-------------
Epoch 150/500
-------------
（train）
-------------
epoch 150 || Epoch_Loss:269.94113470006874, Epoch_FlowLoss:269.90307278103296, Epock_CycleLoss:0.038058750676336114
-------------
Epoch 151/500
-------------
（train）
-------------
epoch 151 || Epoch_Loss:270.32824226661967, Epoch_FlowLoss:270.29580744990596, Epock_CycleLoss:0.032433446013817084
-------------
Epoch 152/500
-------------
（train）
-------------
epoch 152 || Epoch_Loss:269.7780617607965, Epoch_FlowLoss:269.7464545921043, Epock_CycleLoss:0.031607641045142104
-------------
Epoch 153/500
-------------
（train）
-------------
epoch 153 || Epoch_Loss:270.22233864113133, Epoch_FlowLoss:270.18597327338324, Epock_CycleLoss:0.03636380671351045
-------------
Epoch 154/500
-------------
（train）
-------------
epoch 154 || Epoch_Loss:269.99321464256, Epoch_FlowLoss:269.9624715734411, Epock_CycleLoss:0.030744609871396312
-------------
Epoch 155/500
-------------
（train）
-------------
epoch 155 || Epoch_Loss:269.8611096982602, Epoch_FlowLoss:269.8244922779225, Epock_CycleLoss:0.036620389118238714
-------------
Epoch 156/500
-------------
（train）
-------------
epoch 156 || Epoch_Loss:269.97277577718097, Epoch_FlowLoss:269.93646748860675, Epock_CycleLoss:0.036308641304020534
-------------
Epoch 157/500
-------------
（train）
-------------
epoch 157 || Epoch_Loss:269.6973348546911, Epoch_FlowLoss:269.66115739610456, Epock_CycleLoss:0.0361770401812262
-------------
Epoch 158/500
-------------
（train）
-------------
epoch 158 || Epoch_Loss:269.8305302372686, Epoch_FlowLoss:269.7935909695096, Epock_CycleLoss:0.036939505108252724
-------------
Epoch 159/500
-------------
（train）
-------------
epoch 159 || Epoch_Loss:269.7439159817166, Epoch_FlowLoss:269.70790721752024, Epock_CycleLoss:0.036010093366106354
-------------
Epoch 160/500
-------------
（train）
-------------
epoch 160 || Epoch_Loss:269.9578481603552, Epoch_FlowLoss:269.9201773184317, Epock_CycleLoss:0.03766972575060747
-------------
Epoch 161/500
-------------
（train）
-------------
epoch 161 || Epoch_Loss:269.8957779495804, Epoch_FlowLoss:269.85887937192564, Epock_CycleLoss:0.03689942108812155
-------------
Epoch 162/500
-------------
（train）
-------------
epoch 162 || Epoch_Loss:269.58618305347585, Epoch_FlowLoss:269.5507775765878, Epock_CycleLoss:0.03540596614281336
-------------
Epoch 163/500
-------------
（train）
-------------
epoch 163 || Epoch_Loss:270.0789385195132, Epoch_FlowLoss:270.0426517062717, Epock_CycleLoss:0.03628726662309082
-------------
Epoch 164/500
-------------
（train）
-------------
epoch 164 || Epoch_Loss:269.80351200810185, Epoch_FlowLoss:269.76988220214844, Epock_CycleLoss:0.033629340292127045
-------------
Epoch 165/500
-------------
（train）
-------------
epoch 165 || Epoch_Loss:270.00296077021846, Epoch_FlowLoss:269.9642447012442, Epock_CycleLoss:0.03871551149145321
-------------
Epoch 166/500
-------------
（train）
-------------
epoch 166 || Epoch_Loss:269.8895628187392, Epoch_FlowLoss:269.85462866889105, Epock_CycleLoss:0.03493333780379207
-------------
Epoch 167/500
-------------
（train）
-------------
epoch 167 || Epoch_Loss:269.65372580069084, Epoch_FlowLoss:269.618514166938, Epock_CycleLoss:0.03521148315458386
-------------
Epoch 168/500
-------------
（train）
-------------
epoch 168 || Epoch_Loss:269.9686318856699, Epoch_FlowLoss:269.93228912353516, Epock_CycleLoss:0.03634352747488904
-------------
Epoch 169/500
-------------
（train）
-------------
epoch 169 || Epoch_Loss:269.84795266610604, Epoch_FlowLoss:269.81105663158274, Epock_CycleLoss:0.03689295018988628
-------------
Epoch 170/500
-------------
（train）
-------------
epoch 170 || Epoch_Loss:269.67073426423246, Epoch_FlowLoss:269.63577242250796, Epock_CycleLoss:0.034961343570439896
-------------
Epoch 171/500
-------------
（train）
-------------
epoch 171 || Epoch_Loss:270.2369509096499, Epoch_FlowLoss:270.2014875058775, Epock_CycleLoss:0.03546362328860495
-------------
Epoch 172/500
-------------
（train）
-------------
epoch 172 || Epoch_Loss:269.8158860383211, Epoch_FlowLoss:269.7812878644025, Epock_CycleLoss:0.03459969004271208
-------------
Epoch 173/500
-------------
（train）
-------------
epoch 173 || Epoch_Loss:269.86047193739154, Epoch_FlowLoss:269.8239604808666, Epock_CycleLoss:0.03651155089890515
-------------
Epoch 174/500
-------------
（train）
-------------
epoch 174 || Epoch_Loss:269.76559942739976, Epoch_FlowLoss:269.72914914731626, Epock_CycleLoss:0.036451887546314135
-------------
Epoch 175/500
-------------
（train）
-------------
epoch 175 || Epoch_Loss:269.9197548760308, Epoch_FlowLoss:269.88209392406327, Epock_CycleLoss:0.037661027542694854
-------------
Epoch 176/500
-------------
（train）
-------------
epoch 176 || Epoch_Loss:269.8626853095161, Epoch_FlowLoss:269.82877547652635, Epock_CycleLoss:0.033907442250185535
-------------
Epoch 177/500
-------------
（train）
-------------
epoch 177 || Epoch_Loss:269.73054363109446, Epoch_FlowLoss:269.69284424958397, Epock_CycleLoss:0.03770095447975177
-------------
Epoch 178/500
-------------
（train）
-------------
epoch 178 || Epoch_Loss:269.7215206004956, Epoch_FlowLoss:269.68427135326243, Epock_CycleLoss:0.03724922074211969
-------------
Epoch 179/500
-------------
（train）
-------------
epoch 179 || Epoch_Loss:269.7953954626013, Epoch_FlowLoss:269.7578856856735, Epock_CycleLoss:0.037511429370001514
-------------
Epoch 180/500
-------------
（train）
-------------
epoch 180 || Epoch_Loss:269.8107833862306, Epoch_FlowLoss:269.77440558539496, Epock_CycleLoss:0.03637903204394711
-------------
Epoch 181/500
-------------
（train）
-------------
epoch 181 || Epoch_Loss:269.72288174099396, Epoch_FlowLoss:269.6864951804832, Epock_CycleLoss:0.03638569175921105
-------------
Epoch 182/500
-------------
（train）
-------------
epoch 182 || Epoch_Loss:269.97895869502315, Epoch_FlowLoss:269.9400852344654, Epock_CycleLoss:0.038873855162549896
-------------
Epoch 183/500
-------------
（train）
-------------
epoch 183 || Epoch_Loss:269.9410216720016, Epoch_FlowLoss:269.905202794958, Epock_CycleLoss:0.03581892460998563
-------------
Epoch 184/500
-------------
（train）
-------------
epoch 184 || Epoch_Loss:269.6667299623842, Epoch_FlowLoss:269.63077516909004, Epock_CycleLoss:0.03595513243366171
-------------
Epoch 185/500
-------------
（train）
-------------
epoch 185 || Epoch_Loss:269.6839269002279, Epoch_FlowLoss:269.64442133020475, Epock_CycleLoss:0.039507171139121056
-------------
Epoch 186/500
-------------
（train）
-------------
epoch 186 || Epoch_Loss:269.6673971105505, Epoch_FlowLoss:269.6310939082393, Epock_CycleLoss:0.03630544603974731
-------------
Epoch 187/500
-------------
（train）
-------------
epoch 187 || Epoch_Loss:269.73502914993855, Epoch_FlowLoss:269.6958561650029, Epock_CycleLoss:0.039174125012424246
-------------
Epoch 188/500
-------------
（train）
-------------
epoch 188 || Epoch_Loss:269.60134435583046, Epoch_FlowLoss:269.5653477421513, Epock_CycleLoss:0.03599543234816304
-------------
Epoch 189/500
-------------
（train）
-------------
epoch 189 || Epoch_Loss:269.87114969889325, Epoch_FlowLoss:269.83443479184746, Epock_CycleLoss:0.03671337319193062
-------------
Epoch 190/500
-------------
（train）
-------------
epoch 190 || Epoch_Loss:269.91478503191905, Epoch_FlowLoss:269.8782958984375, Epock_CycleLoss:0.036489529397200654
-------------
Epoch 191/500
-------------
（train）
-------------
epoch 191 || Epoch_Loss:269.80044894748266, Epoch_FlowLoss:269.7621618200231, Epock_CycleLoss:0.038287989381286844
-------------
Epoch 192/500
-------------
（train）
-------------
epoch 192 || Epoch_Loss:269.84290568033856, Epoch_FlowLoss:269.8079104953342, Epock_CycleLoss:0.034994265547505135
-------------
Epoch 193/500
-------------
（train）
-------------
epoch 193 || Epoch_Loss:269.7327106617115, Epoch_FlowLoss:269.69866886845347, Epock_CycleLoss:0.034043265058210606
-------------
Epoch 194/500
-------------
（train）
-------------
epoch 194 || Epoch_Loss:269.8524367720992, Epoch_FlowLoss:269.81251469364867, Epock_CycleLoss:0.039925248327630544
-------------
Epoch 195/500
-------------
（train）
-------------
epoch 195 || Epoch_Loss:269.6339343035662, Epoch_FlowLoss:269.5986096417463, Epock_CycleLoss:0.035328361654171234
-------------
Epoch 196/500
-------------
（train）
-------------
epoch 196 || Epoch_Loss:269.67205358434603, Epoch_FlowLoss:269.63346693250867, Epock_CycleLoss:0.038587447117876116
-------------
Epoch 197/500
-------------
（train）
-------------
epoch 197 || Epoch_Loss:269.6159193250868, Epoch_FlowLoss:269.5800851892542, Epock_CycleLoss:0.03583465378593515
-------------
Epoch 198/500
-------------
（train）
-------------
epoch 198 || Epoch_Loss:269.6517161616573, Epoch_FlowLoss:269.6106753879123, Epock_CycleLoss:0.04104171576047385
-------------
Epoch 199/500
-------------
（train）
-------------
epoch 199 || Epoch_Loss:269.90999122902195, Epoch_FlowLoss:269.8766439932365, Epock_CycleLoss:0.03334687408749704
-------------
Epoch 200/500
-------------
（train）
-------------
epoch 200 || Epoch_Loss:270.3992993390118, Epoch_FlowLoss:270.361971254702, Epock_CycleLoss:0.03733000780145327
-------------
Epoch 201/500
-------------
（train）
-------------
epoch 201 || Epoch_Loss:269.8528216326679, Epoch_FlowLoss:269.81706294307, Epock_CycleLoss:0.035760297129551574
-------------
Epoch 202/500
-------------
（train）
-------------
epoch 202 || Epoch_Loss:269.6698602747034, Epoch_FlowLoss:269.6321066397208, Epock_CycleLoss:0.03775522085251631
-------------
Epoch 203/500
-------------
（train）
-------------
epoch 203 || Epoch_Loss:269.9765887790256, Epoch_FlowLoss:269.9396808765552, Epock_CycleLoss:0.03690768819716241
-------------
Epoch 204/500
-------------
（train）
-------------
epoch 204 || Epoch_Loss:269.70837232801654, Epoch_FlowLoss:269.67054494222003, Epock_CycleLoss:0.037829034720306035
-------------
Epoch 205/500
-------------
（train）
-------------
epoch 205 || Epoch_Loss:269.5985308046694, Epoch_FlowLoss:269.5634686505353, Epock_CycleLoss:0.03506419214385528
-------------
Epoch 206/500
-------------
（train）
-------------
epoch 206 || Epoch_Loss:269.6768205430772, Epoch_FlowLoss:269.6382491500289, Epock_CycleLoss:0.03856989113544976
-------------
Epoch 207/500
-------------
（train）
-------------
epoch 207 || Epoch_Loss:269.5954363787616, Epoch_FlowLoss:269.5574295609086, Epock_CycleLoss:0.03800450927681393
-------------
Epoch 208/500
-------------
（train）
-------------
epoch 208 || Epoch_Loss:269.8912206579138, Epoch_FlowLoss:269.8555433485243, Epock_CycleLoss:0.03567730745783559
-------------
Epoch 209/500
-------------
（train）
-------------
epoch 209 || Epoch_Loss:270.06940629747186, Epoch_FlowLoss:270.03316610830797, Epock_CycleLoss:0.0362420501532378
-------------
Epoch 210/500
-------------
（train）
-------------
epoch 210 || Epoch_Loss:271.4453975536205, Epoch_FlowLoss:271.4181566591617, Epock_CycleLoss:0.027241206693428534
-------------
Epoch 211/500
-------------
（train）
-------------
epoch 211 || Epoch_Loss:270.08943374068645, Epoch_FlowLoss:270.0566089771412, Epock_CycleLoss:0.032826772028649295
-------------
Epoch 212/500
-------------
（train）
-------------
epoch 212 || Epoch_Loss:270.0007914790401, Epoch_FlowLoss:269.96497260199664, Epock_CycleLoss:0.03582057136076468
-------------
Epoch 213/500
-------------
（train）
-------------
epoch 213 || Epoch_Loss:269.89145010489, Epoch_FlowLoss:269.85712376347294, Epock_CycleLoss:0.03432631168376516
-------------
Epoch 214/500
-------------
（train）
-------------
epoch 214 || Epoch_Loss:269.70855430320455, Epoch_FlowLoss:269.66990520336014, Epock_CycleLoss:0.03864917048701532
-------------
Epoch 215/500
-------------
（train）
-------------
epoch 215 || Epoch_Loss:269.6203001516837, Epoch_FlowLoss:269.5850731178566, Epock_CycleLoss:0.03522771803869141
-------------
Epoch 216/500
-------------
（train）
-------------
epoch 216 || Epoch_Loss:269.7794093379268, Epoch_FlowLoss:269.7401648627387, Epock_CycleLoss:0.03924465786527703
-------------
Epoch 217/500
-------------
（train）
-------------
epoch 217 || Epoch_Loss:269.72236548529736, Epoch_FlowLoss:269.6857729311343, Epock_CycleLoss:0.03659378737211227
-------------
Epoch 218/500
-------------
（train）
-------------
epoch 218 || Epoch_Loss:269.6210954454211, Epoch_FlowLoss:269.58613586425787, Epock_CycleLoss:0.03496028034499399
-------------
Epoch 219/500
-------------
（train）
-------------
epoch 219 || Epoch_Loss:269.8241215458623, Epoch_FlowLoss:269.7856366192853, Epock_CycleLoss:0.03848269802552682
-------------
Epoch 220/500
-------------
（train）
-------------
epoch 220 || Epoch_Loss:269.6293973569517, Epoch_FlowLoss:269.5929460878725, Epock_CycleLoss:0.036452655301049915
-------------
Epoch 221/500
-------------
（train）
-------------
epoch 221 || Epoch_Loss:269.49548820213033, Epoch_FlowLoss:269.4566752115885, Epock_CycleLoss:0.03881573511494529
-------------
Epoch 222/500
-------------
（train）
-------------
epoch 222 || Epoch_Loss:269.6997802169234, Epoch_FlowLoss:269.6620313856336, Epock_CycleLoss:0.037748498911107035
-------------
Epoch 223/500
-------------
（train）
-------------
epoch 223 || Epoch_Loss:269.57349367494936, Epoch_FlowLoss:269.53635632550277, Epock_CycleLoss:0.03713764208886358
-------------
Epoch 224/500
-------------
（train）
-------------
epoch 224 || Epoch_Loss:269.59167989095045, Epoch_FlowLoss:269.55201608163344, Epock_CycleLoss:0.039663644714487925
-------------
Epoch 225/500
-------------
（train）
-------------
epoch 225 || Epoch_Loss:269.64685793276186, Epoch_FlowLoss:269.6110483805339, Epock_CycleLoss:0.03580988405479325
-------------
Epoch 226/500
-------------
（train）
-------------
epoch 226 || Epoch_Loss:269.94863411232274, Epoch_FlowLoss:269.9100050749602, Epock_CycleLoss:0.038627610231439284
-------------
Epoch 227/500
-------------
（train）
-------------
epoch 227 || Epoch_Loss:270.0842878553603, Epoch_FlowLoss:270.0485387731481, Epock_CycleLoss:0.03575065718204887
-------------
Epoch 228/500
-------------
（train）
-------------
epoch 228 || Epoch_Loss:269.4128881383825, Epoch_FlowLoss:269.38213772243915, Epock_CycleLoss:0.030747935244882552
-------------
Epoch 229/500
-------------
（train）
-------------
epoch 229 || Epoch_Loss:269.90875752766925, Epoch_FlowLoss:269.86749945746527, Epock_CycleLoss:0.04126027502395489
-------------
Epoch 230/500
-------------
（train）
-------------
epoch 230 || Epoch_Loss:270.12630745216654, Epoch_FlowLoss:270.0923795346861, Epock_CycleLoss:0.03392793514110424
-------------
Epoch 231/500
-------------
（train）
-------------
epoch 231 || Epoch_Loss:270.12352300573275, Epoch_FlowLoss:270.08805084228516, Epock_CycleLoss:0.035474054860296075
-------------
Epoch 232/500
-------------
（train）
-------------
epoch 232 || Epoch_Loss:269.6752932513202, Epoch_FlowLoss:269.63861451325596, Epock_CycleLoss:0.036676129740145474
-------------
Epoch 233/500
-------------
（train）
-------------
epoch 233 || Epoch_Loss:269.7925403736255, Epoch_FlowLoss:269.75494836877897, Epock_CycleLoss:0.03759123881657918
-------------
Epoch 234/500
-------------
（train）
-------------
epoch 234 || Epoch_Loss:269.4606591683847, Epoch_FlowLoss:269.42495105884694, Epock_CycleLoss:0.0357090195433961
-------------
Epoch 235/500
-------------
（train）
-------------
epoch 235 || Epoch_Loss:269.75849462438515, Epoch_FlowLoss:269.7217562640155, Epock_CycleLoss:0.03673700912407151
-------------
Epoch 236/500
-------------
（train）
-------------
epoch 236 || Epoch_Loss:269.83973806875724, Epoch_FlowLoss:269.80160918059175, Epock_CycleLoss:0.038128101025466564
-------------
Epoch 237/500
-------------
（train）
-------------
epoch 237 || Epoch_Loss:269.6174816555447, Epoch_FlowLoss:269.5801357693142, Epock_CycleLoss:0.03734492717517747
-------------
Epoch 238/500
-------------
（train）
-------------
epoch 238 || Epoch_Loss:269.6150981761791, Epoch_FlowLoss:269.5761797869647, Epock_CycleLoss:0.038917352134982736
-------------
Epoch 239/500
-------------
（train）
-------------
epoch 239 || Epoch_Loss:269.7106829042788, Epoch_FlowLoss:269.6739801477502, Epock_CycleLoss:0.03670290854104139
-------------
Epoch 240/500
-------------
（train）
-------------
epoch 240 || Epoch_Loss:269.59964554398147, Epoch_FlowLoss:269.5619455973308, Epock_CycleLoss:0.03769988973659499
-------------
Epoch 241/500
-------------
（train）
-------------
epoch 241 || Epoch_Loss:269.5220370822483, Epoch_FlowLoss:269.4833908081054, Epock_CycleLoss:0.038646663573605036
-------------
Epoch 242/500
-------------
（train）
-------------
epoch 242 || Epoch_Loss:269.7029153329355, Epoch_FlowLoss:269.6668859411169, Epock_CycleLoss:0.036029483088188693
-------------
Epoch 243/500
-------------
（train）
-------------
epoch 243 || Epoch_Loss:269.9326703106915, Epoch_FlowLoss:269.8937177304868, Epock_CycleLoss:0.038950570962495275
-------------
Epoch 244/500
-------------
（train）
-------------
epoch 244 || Epoch_Loss:269.8930223253039, Epoch_FlowLoss:269.8576377586082, Epock_CycleLoss:0.03538464161532897
-------------
Epoch 245/500
-------------
（train）
-------------
epoch 245 || Epoch_Loss:269.5702602245189, Epoch_FlowLoss:269.533374927662, Epock_CycleLoss:0.036882466809065255
-------------
Epoch 246/500
-------------
（train）
-------------
epoch 246 || Epoch_Loss:269.814126473886, Epoch_FlowLoss:269.77705100730617, Epock_CycleLoss:0.037075745286764925
-------------
Epoch 247/500
-------------
（train）
-------------
epoch 247 || Epoch_Loss:269.7168189154731, Epoch_FlowLoss:269.67974514431427, Epock_CycleLoss:0.037075604070667866
-------------
Epoch 248/500
-------------
（train）
-------------
epoch 248 || Epoch_Loss:269.7507739596897, Epoch_FlowLoss:269.71380728262443, Epock_CycleLoss:0.03696699012760764
-------------
Epoch 249/500
-------------
（train）
-------------
epoch 249 || Epoch_Loss:269.6855420713071, Epoch_FlowLoss:269.6491925274884, Epock_CycleLoss:0.03634716563478664
-------------
Epoch 250/500
-------------
（train）
-------------
epoch 250 || Epoch_Loss:269.8917922973633, Epoch_FlowLoss:269.85419351083266, Epock_CycleLoss:0.03759726309389979
-------------
Epoch 251/500
-------------
（train）
-------------
epoch 251 || Epoch_Loss:270.09603994864005, Epoch_FlowLoss:270.0570466783312, Epock_CycleLoss:0.03899399384304329
-------------
Epoch 252/500
-------------
（train）
-------------
epoch 252 || Epoch_Loss:269.92858830204716, Epoch_FlowLoss:269.89439646402997, Epock_CycleLoss:0.03419154258099971
-------------
Epoch 253/500
-------------
（train）
-------------
epoch 253 || Epoch_Loss:269.8027315492984, Epoch_FlowLoss:269.7647176671912, Epock_CycleLoss:0.03801350488706871
-------------
Epoch 254/500
-------------
（train）
-------------
epoch 254 || Epoch_Loss:269.4188421743888, Epoch_FlowLoss:269.38514822500724, Epock_CycleLoss:0.033694467679769906
-------------
Epoch 255/500
-------------
（train）
-------------
epoch 255 || Epoch_Loss:269.74591092710136, Epoch_FlowLoss:269.70548954716435, Epock_CycleLoss:0.040419830216301814
-------------
Epoch 256/500
-------------
（train）
-------------
epoch 256 || Epoch_Loss:269.5914168181243, Epoch_FlowLoss:269.5538140756112, Epock_CycleLoss:0.03760497734226563
-------------
Epoch 257/500
-------------
（train）
-------------
epoch 257 || Epoch_Loss:269.7360424465603, Epoch_FlowLoss:269.699211968316, Epock_CycleLoss:0.03682892659196147
-------------
Epoch 258/500
-------------
（train）
-------------
epoch 258 || Epoch_Loss:269.4490229288736, Epoch_FlowLoss:269.40828394006803, Epock_CycleLoss:0.0407419439267229
-------------
Epoch 259/500
-------------
（train）
-------------
epoch 259 || Epoch_Loss:269.6587956746419, Epoch_FlowLoss:269.6231375800239, Epock_CycleLoss:0.03565845307376649
-------------
Epoch 260/500
-------------
（train）
-------------
epoch 260 || Epoch_Loss:269.5696515683774, Epoch_FlowLoss:269.5299665662977, Epock_CycleLoss:0.03968399866587586
-------------
Epoch 261/500
-------------
（train）
-------------
epoch 261 || Epoch_Loss:269.68586957013173, Epoch_FlowLoss:269.6475796169706, Epock_CycleLoss:0.0382902015828424
-------------
Epoch 262/500
-------------
（train）
-------------
epoch 262 || Epoch_Loss:269.76123498987266, Epoch_FlowLoss:269.72383174189815, Epock_CycleLoss:0.03740481590783155
-------------
Epoch 263/500
-------------
（train）
-------------
epoch 263 || Epoch_Loss:269.504876030816, Epoch_FlowLoss:269.4668030915436, Epock_CycleLoss:0.03807791915756685
-------------
Epoch 264/500
-------------
（train）
-------------
epoch 264 || Epoch_Loss:269.91550940054435, Epoch_FlowLoss:269.87738644635243, Epock_CycleLoss:0.038121818461351924
-------------
Epoch 265/500
-------------
（train）
-------------
epoch 265 || Epoch_Loss:269.6680052015516, Epoch_FlowLoss:269.6335228814019, Epock_CycleLoss:0.03448152942238031
-------------
Epoch 266/500
-------------
（train）
-------------
epoch 266 || Epoch_Loss:269.9415387754087, Epoch_FlowLoss:269.9000764069734, Epock_CycleLoss:0.04146084023846519
-------------
Epoch 267/500
-------------
（train）
-------------
epoch 267 || Epoch_Loss:269.7291901199906, Epoch_FlowLoss:269.6950898347077, Epock_CycleLoss:0.034099630528578055
-------------
Epoch 268/500
-------------
（train）
-------------
epoch 268 || Epoch_Loss:270.3110851711698, Epoch_FlowLoss:270.2730724193432, Epock_CycleLoss:0.0380132603286593
-------------
Epoch 269/500
-------------
（train）
-------------
epoch 269 || Epoch_Loss:270.8280667905454, Epoch_FlowLoss:270.7968928019206, Epock_CycleLoss:0.03117338871514356
-------------
Epoch 270/500
-------------
（train）
-------------
epoch 270 || Epoch_Loss:269.76494683159723, Epoch_FlowLoss:269.730241563585, Epock_CycleLoss:0.03470683780809244
-------------
Epoch 271/500
-------------
（train）
-------------
epoch 271 || Epoch_Loss:269.72461078785085, Epoch_FlowLoss:269.68737030029297, Epock_CycleLoss:0.037240438301254196
-------------
Epoch 272/500
-------------
（train）
-------------
epoch 272 || Epoch_Loss:269.7581747549552, Epoch_FlowLoss:269.7168228714554, Epock_CycleLoss:0.04135246381715491
-------------
Epoch 273/500
-------------
（train）
-------------
epoch 273 || Epoch_Loss:269.5325453016493, Epoch_FlowLoss:269.49561846697776, Epock_CycleLoss:0.036922766999514016
-------------
Epoch 274/500
-------------
（train）
-------------
epoch 274 || Epoch_Loss:269.4233842072664, Epoch_FlowLoss:269.3854969165944, Epock_CycleLoss:0.03788471663439715
-------------
Epoch 275/500
-------------
（train）
-------------
epoch 275 || Epoch_Loss:270.0331548055013, Epoch_FlowLoss:269.99130983705874, Epock_CycleLoss:0.04184318113106268
-------------
Epoch 276/500
-------------
（train）
-------------
epoch 276 || Epoch_Loss:269.77455449987343, Epoch_FlowLoss:269.7402058354131, Epock_CycleLoss:0.034348594749139406
-------------
Epoch 277/500
-------------
（train）
-------------
epoch 277 || Epoch_Loss:269.4861224139178, Epoch_FlowLoss:269.4503162525319, Epock_CycleLoss:0.0358054123956848
-------------
Epoch 278/500
-------------
（train）
-------------
epoch 278 || Epoch_Loss:269.93404162371604, Epoch_FlowLoss:269.8973100450304, Epock_CycleLoss:0.036731220643829415
-------------
Epoch 279/500
-------------
（train）
-------------
epoch 279 || Epoch_Loss:269.709767376935, Epoch_FlowLoss:269.6698551884404, Epock_CycleLoss:0.0399138046497548
-------------
Epoch 280/500
-------------
（train）
-------------
epoch 280 || Epoch_Loss:269.594130622016, Epoch_FlowLoss:269.5556459780093, Epock_CycleLoss:0.038484450843599104
-------------
Epoch 281/500
-------------
（train）
-------------
epoch 281 || Epoch_Loss:269.56629859076605, Epoch_FlowLoss:269.52801344129773, Epock_CycleLoss:0.0382885593507025
-------------
Epoch 282/500
-------------
（train）
-------------
epoch 282 || Epoch_Loss:269.8815683435511, Epoch_FlowLoss:269.8443465056243, Epock_CycleLoss:0.037220128087533846
-------------
Epoch 283/500
-------------
（train）
-------------
epoch 283 || Epoch_Loss:269.85066505714707, Epoch_FlowLoss:269.8142327202691, Epock_CycleLoss:0.03643219842127075
-------------
Epoch 284/500
-------------
（train）
-------------
epoch 284 || Epoch_Loss:269.7804263079608, Epoch_FlowLoss:269.7411753336589, Epock_CycleLoss:0.03925033320707303
-------------
Epoch 285/500
-------------
（train）
-------------
epoch 285 || Epoch_Loss:269.50776163736987, Epoch_FlowLoss:269.4705641004775, Epock_CycleLoss:0.037196050639505734
-------------
Epoch 286/500
-------------
（train）
-------------
epoch 286 || Epoch_Loss:269.640924806948, Epoch_FlowLoss:269.60137148256666, Epock_CycleLoss:0.03955364430806151
-------------
Epoch 287/500
-------------
（train）
-------------
epoch 287 || Epoch_Loss:269.73424614800354, Epoch_FlowLoss:269.69885253906256, Epock_CycleLoss:0.03539488236937258
-------------
Epoch 288/500
-------------
（train）
-------------
epoch 288 || Epoch_Loss:269.71371742531096, Epoch_FlowLoss:269.6724248815466, Epock_CycleLoss:0.0412941136293941
-------------
Epoch 289/500
-------------
（train）
-------------
epoch 289 || Epoch_Loss:269.6630898934823, Epoch_FlowLoss:269.6258691858363, Epock_CycleLoss:0.037219082591710265
-------------
Epoch 290/500
-------------
（train）
-------------
epoch 290 || Epoch_Loss:269.6052209359628, Epoch_FlowLoss:269.56806832772713, Epock_CycleLoss:0.037153545767068856
-------------
Epoch 291/500
-------------
（train）
-------------
epoch 291 || Epoch_Loss:269.62021580448845, Epoch_FlowLoss:269.5807000619393, Epock_CycleLoss:0.03951631348442148
-------------
Epoch 292/500
-------------
（train）
-------------
epoch 292 || Epoch_Loss:269.96452670627167, Epoch_FlowLoss:269.92752414279516, Epock_CycleLoss:0.03700253167362125
-------------
Epoch 293/500
-------------
（train）
-------------
epoch 293 || Epoch_Loss:270.3114024974682, Epoch_FlowLoss:270.2772601092303, Epock_CycleLoss:0.03414135309005226
-------------
Epoch 294/500
-------------
（train）
-------------
epoch 294 || Epoch_Loss:270.744041160301, Epoch_FlowLoss:270.7135244298864, Epock_CycleLoss:0.030518644799788792
-------------
Epoch 295/500
-------------
（train）
-------------
epoch 295 || Epoch_Loss:269.9290867558232, Epoch_FlowLoss:269.8945154260706, Epock_CycleLoss:0.03457094659959828
-------------
Epoch 296/500
-------------
（train）
-------------
epoch 296 || Epoch_Loss:269.70772043863934, Epoch_FlowLoss:269.66621907552087, Epock_CycleLoss:0.04150110483169555
-------------
Epoch 297/500
-------------
（train）
-------------
epoch 297 || Epoch_Loss:269.6093071831597, Epoch_FlowLoss:269.5728694774487, Epock_CycleLoss:0.03643725364020577
-------------
Epoch 298/500
-------------
（train）
-------------
epoch 298 || Epoch_Loss:269.7529079295971, Epoch_FlowLoss:269.7148064507379, Epock_CycleLoss:0.038100951592679365
-------------
Epoch 299/500
-------------
（train）
-------------
epoch 299 || Epoch_Loss:269.57587602403424, Epoch_FlowLoss:269.5391681812428, Epock_CycleLoss:0.036706659873878514
-------------
Epoch 300/500
-------------
（train）
-------------
epoch 300 || Epoch_Loss:269.8452204951532, Epoch_FlowLoss:269.80693619339564, Epock_CycleLoss:0.038282111770025
-------------
Epoch 301/500
-------------
（train）
-------------
epoch 301 || Epoch_Loss:269.80275528519246, Epoch_FlowLoss:269.7633124457465, Epock_CycleLoss:0.03944066180675119
-------------
Epoch 302/500
-------------
（train）
-------------
epoch 302 || Epoch_Loss:269.6723296554, Epoch_FlowLoss:269.6341694019458, Epock_CycleLoss:0.03815994791134641
-------------
Epoch 303/500
-------------
（train）
-------------
epoch 303 || Epoch_Loss:269.6199072378653, Epoch_FlowLoss:269.58066756637015, Epock_CycleLoss:0.03924062030596865
-------------
Epoch 304/500
-------------
（train）
-------------
epoch 304 || Epoch_Loss:269.4911710951063, Epoch_FlowLoss:269.44897743507676, Epock_CycleLoss:0.04219450442879289
-------------
Epoch 305/500
-------------
（train）
-------------
epoch 305 || Epoch_Loss:269.68924317536533, Epoch_FlowLoss:269.6512592456959, Epock_CycleLoss:0.037982459283537336
-------------
Epoch 306/500
-------------
（train）
-------------
epoch 306 || Epoch_Loss:269.67566567880135, Epoch_FlowLoss:269.63988184045866, Epock_CycleLoss:0.03578432842537208
-------------
Epoch 307/500
-------------
（train）
-------------
epoch 307 || Epoch_Loss:269.77913185402195, Epoch_FlowLoss:269.7395191899052, Epock_CycleLoss:0.039614454256715594
-------------
Epoch 308/500
-------------
（train）
-------------
epoch 308 || Epoch_Loss:269.55073377821185, Epoch_FlowLoss:269.51135960331663, Epock_CycleLoss:0.03937661064857685
-------------
Epoch 309/500
-------------
（train）
-------------
epoch 309 || Epoch_Loss:269.70711291277854, Epoch_FlowLoss:269.6695517080802, Epock_CycleLoss:0.03756087376839584
-------------
Epoch 310/500
-------------
（train）
-------------
epoch 310 || Epoch_Loss:269.74899320249204, Epoch_FlowLoss:269.70988012243197, Epock_CycleLoss:0.03911409002763253
-------------
Epoch 311/500
-------------
（train）
-------------
epoch 311 || Epoch_Loss:269.7351879543728, Epoch_FlowLoss:269.6971347950123, Epock_CycleLoss:0.038053997654329846
-------------
Epoch 312/500
-------------
（train）
-------------
epoch 312 || Epoch_Loss:269.59625865795, Epoch_FlowLoss:269.5586335923937, Epock_CycleLoss:0.037625878773353716
-------------
Epoch 313/500
-------------
（train）
-------------
epoch 313 || Epoch_Loss:269.77887641059027, Epoch_FlowLoss:269.73756352177367, Epock_CycleLoss:0.04131251166540163
-------------
Epoch 314/500
-------------
（train）
-------------
epoch 314 || Epoch_Loss:269.7060473406756, Epoch_FlowLoss:269.66837593361186, Epock_CycleLoss:0.03767461467672278
-------------
Epoch 315/500
-------------
（train）
-------------
epoch 315 || Epoch_Loss:269.5641129105179, Epoch_FlowLoss:269.52515891746236, Epock_CycleLoss:0.038952477276325226
-------------
Epoch 316/500
-------------
（train）
-------------
epoch 316 || Epoch_Loss:269.6472077546296, Epoch_FlowLoss:269.6077129222728, Epock_CycleLoss:0.03949618677574176
-------------
Epoch 317/500
-------------
（train）
-------------
epoch 317 || Epoch_Loss:269.79547825566044, Epoch_FlowLoss:269.75750110767507, Epock_CycleLoss:0.037977325971479764
-------------
Epoch 318/500
-------------
（train）
-------------
epoch 318 || Epoch_Loss:269.5454819290726, Epoch_FlowLoss:269.5070651019061, Epock_CycleLoss:0.03841690470774967
-------------
Epoch 319/500
-------------
（train）
-------------
epoch 319 || Epoch_Loss:269.5989015367296, Epoch_FlowLoss:269.5608531810619, Epock_CycleLoss:0.038047139912291805
-------------
Epoch 320/500
-------------
（train）
-------------
epoch 320 || Epoch_Loss:269.8519321017795, Epoch_FlowLoss:269.81310950385193, Epock_CycleLoss:0.038826531385657975
-------------
Epoch 321/500
-------------
（train）
-------------
epoch 321 || Epoch_Loss:269.5952563815647, Epoch_FlowLoss:269.5575188530816, Epock_CycleLoss:0.037739028533299766
-------------
Epoch 322/500
-------------
（train）
-------------
epoch 322 || Epoch_Loss:269.65241100169993, Epoch_FlowLoss:269.61329848678025, Epock_CycleLoss:0.0391156873493283
-------------
Epoch 323/500
-------------
（train）
-------------
epoch 323 || Epoch_Loss:269.91161515977655, Epoch_FlowLoss:269.87226217764396, Epock_CycleLoss:0.039353327066810044
-------------
Epoch 324/500
-------------
（train）
-------------
epoch 324 || Epoch_Loss:269.6838890358253, Epoch_FlowLoss:269.64583050763173, Epock_CycleLoss:0.03805807491557465
-------------
Epoch 325/500
-------------
（train）
-------------
epoch 325 || Epoch_Loss:269.5636494954428, Epoch_FlowLoss:269.52185962818294, Epock_CycleLoss:0.04179071662602601
-------------
Epoch 326/500
-------------
（train）
-------------
epoch 326 || Epoch_Loss:269.7623409695096, Epoch_FlowLoss:269.7264087818287, Epock_CycleLoss:0.03593292997943031
-------------
Epoch 327/500
-------------
（train）
-------------
epoch 327 || Epoch_Loss:269.7382507324218, Epoch_FlowLoss:269.69762448911314, Epock_CycleLoss:0.040626639431273495
-------------
Epoch 328/500
-------------
（train）
-------------
epoch 328 || Epoch_Loss:269.7910837244103, Epoch_FlowLoss:269.75270391393593, Epock_CycleLoss:0.03837981050903045
-------------
Epoch 329/500
-------------
（train）
-------------
epoch 329 || Epoch_Loss:269.6601019965277, Epoch_FlowLoss:269.62082304777925, Epock_CycleLoss:0.039279581116581405
-------------
Epoch 330/500
-------------
（train）
-------------
epoch 330 || Epoch_Loss:269.61769217031974, Epoch_FlowLoss:269.5788769192165, Epock_CycleLoss:0.038814584828085356
-------------
Epoch 331/500
-------------
（train）
-------------
epoch 331 || Epoch_Loss:269.74150311505355, Epoch_FlowLoss:269.70134198224105, Epock_CycleLoss:0.040159320044848644
-------------
Epoch 332/500
-------------
（train）
-------------
epoch 332 || Epoch_Loss:269.6829599451136, Epoch_FlowLoss:269.6461054484049, Epock_CycleLoss:0.036855057571773174
-------------
Epoch 333/500
-------------
（train）
-------------
epoch 333 || Epoch_Loss:269.6526102136683, Epoch_FlowLoss:269.61037219012223, Epock_CycleLoss:0.04223734554317263
-------------
Epoch 334/500
-------------
（train）
-------------
epoch 334 || Epoch_Loss:269.67802104243526, Epoch_FlowLoss:269.6411101729782, Epock_CycleLoss:0.036909173139267504
-------------
Epoch 335/500
-------------
（train）
-------------
epoch 335 || Epoch_Loss:269.63213320131655, Epoch_FlowLoss:269.5919330738209, Epock_CycleLoss:0.04019864959021409
-------------
Epoch 336/500
-------------
（train）
-------------
epoch 336 || Epoch_Loss:269.6920790495696, Epoch_FlowLoss:269.6525748923973, Epock_CycleLoss:0.03950373807715045
-------------
Epoch 337/500
-------------
（train）
-------------
epoch 337 || Epoch_Loss:269.3996336195204, Epoch_FlowLoss:269.36246744791663, Epock_CycleLoss:0.037164247215346044
-------------
Epoch 338/500
-------------
（train）
-------------
epoch 338 || Epoch_Loss:269.6507941351997, Epoch_FlowLoss:269.6088132505064, Epock_CycleLoss:0.04198219544357723
-------------
Epoch 339/500
-------------
（train）
-------------
epoch 339 || Epoch_Loss:269.6918628833912, Epoch_FlowLoss:269.6526418615271, Epock_CycleLoss:0.03921837314825366
-------------
Epoch 340/500
-------------
（train）
-------------
epoch 340 || Epoch_Loss:269.7032891732675, Epoch_FlowLoss:269.66443492748124, Epock_CycleLoss:0.038854635424084134
-------------
Epoch 341/500
-------------
（train）
-------------
epoch 341 || Epoch_Loss:269.7268306590892, Epoch_FlowLoss:269.68745789704496, Epock_CycleLoss:0.03937031425259732
-------------
Epoch 342/500
-------------
（train）
-------------
epoch 342 || Epoch_Loss:269.74992865103263, Epoch_FlowLoss:269.7089903089735, Epock_CycleLoss:0.040936040243616814
-------------
Epoch 343/500
-------------
（train）
-------------
epoch 343 || Epoch_Loss:269.8563221119068, Epoch_FlowLoss:269.82034188729745, Epock_CycleLoss:0.0359813179820776
-------------
Epoch 344/500
-------------
（train）
-------------
epoch 344 || Epoch_Loss:269.63159490514687, Epoch_FlowLoss:269.59302266438795, Epock_CycleLoss:0.03857208905672585
-------------
Epoch 345/500
-------------
（train）
-------------
epoch 345 || Epoch_Loss:269.9900365758826, Epoch_FlowLoss:269.95466585512514, Epock_CycleLoss:0.03537060003037806
-------------
Epoch 346/500
-------------
（train）
-------------
epoch 346 || Epoch_Loss:269.6851244325991, Epoch_FlowLoss:269.645226655183, Epock_CycleLoss:0.03989519268550255
-------------
Epoch 347/500
-------------
（train）
-------------
epoch 347 || Epoch_Loss:269.7995288990162, Epoch_FlowLoss:269.75821855333123, Epock_CycleLoss:0.041309683963104527
-------------
Epoch 348/500
-------------
（train）
-------------
epoch 348 || Epoch_Loss:269.54957693594474, Epoch_FlowLoss:269.5102109555845, Epock_CycleLoss:0.039364979257462206
-------------
Epoch 349/500
-------------
（train）
-------------
epoch 349 || Epoch_Loss:269.71343570285376, Epoch_FlowLoss:269.6726017704717, Epock_CycleLoss:0.04083299761017163
-------------
Epoch 350/500
-------------
（train）
-------------
epoch 350 || Epoch_Loss:269.53510566994, Epoch_FlowLoss:269.49975727222596, Epock_CycleLoss:0.03534866172682355
-------------
Epoch 351/500
-------------
（train）
-------------
epoch 351 || Epoch_Loss:279.0077073838976, Epoch_FlowLoss:278.98685653121385, Epock_CycleLoss:0.020852192994897007
-------------
Epoch 352/500
-------------
（train）
-------------
epoch 352 || Epoch_Loss:275.2374038696289, Epoch_FlowLoss:275.2259108931931, Epock_CycleLoss:0.011493593143920105
-------------
Epoch 353/500
-------------
（train）
-------------
epoch 353 || Epoch_Loss:273.5491276493779, Epoch_FlowLoss:273.5371528908058, Epock_CycleLoss:0.011974822315904828
-------------
Epoch 354/500
-------------
（train）
-------------
epoch 354 || Epoch_Loss:272.78309207492407, Epoch_FlowLoss:272.77067650689025, Epock_CycleLoss:0.012417224960194697
-------------
Epoch 355/500
-------------
（train）
-------------
epoch 355 || Epoch_Loss:272.4563697532371, Epoch_FlowLoss:272.4422279640481, Epock_CycleLoss:0.014139067209153266
-------------
Epoch 356/500
-------------
（train）
-------------
epoch 356 || Epoch_Loss:272.222844724302, Epoch_FlowLoss:272.2088077686451, Epock_CycleLoss:0.014034340813480043
-------------
Epoch 357/500
-------------
（train）
-------------
epoch 357 || Epoch_Loss:272.5053434018736, Epoch_FlowLoss:272.4905095983434, Epock_CycleLoss:0.014833752721272134
-------------
Epoch 358/500
-------------
（train）
-------------
epoch 358 || Epoch_Loss:272.03573636655454, Epoch_FlowLoss:272.02141486273865, Epock_CycleLoss:0.014322211551997394
-------------
Epoch 359/500
-------------
（train）
-------------
epoch 359 || Epoch_Loss:271.96577340585213, Epoch_FlowLoss:271.9507689299407, Epock_CycleLoss:0.015004913805535543
-------------
Epoch 360/500
-------------
（train）
-------------
epoch 360 || Epoch_Loss:272.38457460756655, Epoch_FlowLoss:272.3679911295573, Epock_CycleLoss:0.016582103204671985
-------------
Epoch 361/500
-------------
（train）
-------------
epoch 361 || Epoch_Loss:271.7231600726091, Epoch_FlowLoss:271.7059264006438, Epock_CycleLoss:0.017234654993646674
-------------
Epoch 362/500
-------------
（train）
-------------
epoch 362 || Epoch_Loss:271.70519736961086, Epoch_FlowLoss:271.68726490162044, Epock_CycleLoss:0.017932026853991877
-------------
Epoch 363/500
-------------
（train）
-------------
epoch 363 || Epoch_Loss:271.58417369701243, Epoch_FlowLoss:271.56513016312215, Epock_CycleLoss:0.019044407125976354
-------------
Epoch 364/500
-------------
（train）
-------------
epoch 364 || Epoch_Loss:271.52954638445823, Epoch_FlowLoss:271.5084025065105, Epock_CycleLoss:0.021144040066886832
-------------
Epoch 365/500
-------------
（train）
-------------
epoch 365 || Epoch_Loss:271.3539434362341, Epoch_FlowLoss:271.329189159252, Epock_CycleLoss:0.024754590389353265
-------------
Epoch 366/500
-------------
（train）
-------------
epoch 366 || Epoch_Loss:271.1434114244249, Epoch_FlowLoss:271.1198080557363, Epock_CycleLoss:0.023604527667716705
-------------
Epoch 367/500
-------------
（train）
-------------
epoch 367 || Epoch_Loss:271.2769978841145, Epoch_FlowLoss:271.25002543131507, Epock_CycleLoss:0.026971471254472378
-------------
Epoch 368/500
-------------
（train）
-------------
epoch 368 || Epoch_Loss:270.91934938784, Epoch_FlowLoss:270.893074883355, Epock_CycleLoss:0.02627425606328028
-------------
Epoch 369/500
-------------
（train）
-------------
epoch 369 || Epoch_Loss:270.9111913045247, Epoch_FlowLoss:270.8839049162688, Epock_CycleLoss:0.027286719530820847
-------------
Epoch 370/500
-------------
（train）
-------------
epoch 370 || Epoch_Loss:270.575461493598, Epoch_FlowLoss:270.5463061862522, Epock_CycleLoss:0.029154456737968657
-------------
Epoch 371/500
-------------
（train）
-------------
epoch 371 || Epoch_Loss:270.6185859397606, Epoch_FlowLoss:270.5883596914786, Epock_CycleLoss:0.03022420889249554
-------------
Epoch 372/500
-------------
（train）
-------------
epoch 372 || Epoch_Loss:270.68744631166805, Epoch_FlowLoss:270.6553248652706, Epock_CycleLoss:0.032122322323697584
-------------
Epoch 373/500
-------------
（train）
-------------
epoch 373 || Epoch_Loss:270.67261589898004, Epoch_FlowLoss:270.64133877224396, Epock_CycleLoss:0.03127719434323135
-------------
Epoch 374/500
-------------
（train）
-------------
epoch 374 || Epoch_Loss:270.4912538881656, Epoch_FlowLoss:270.45622422960076, Epock_CycleLoss:0.03502947223131303
-------------
Epoch 375/500
-------------
（train）
-------------
epoch 375 || Epoch_Loss:270.43743218315973, Epoch_FlowLoss:270.4014434814453, Epock_CycleLoss:0.035989976384573505
-------------
Epoch 376/500
-------------
（train）
-------------
epoch 376 || Epoch_Loss:270.5806362010814, Epoch_FlowLoss:270.5454073305483, Epock_CycleLoss:0.0352279493516242
-------------
Epoch 377/500
-------------
（train）
-------------
epoch 377 || Epoch_Loss:270.4161085905853, Epoch_FlowLoss:270.3832044248228, Epock_CycleLoss:0.03290495655878827
-------------
Epoch 378/500
-------------
（train）
-------------
epoch 378 || Epoch_Loss:270.90069014937785, Epoch_FlowLoss:270.8638981006764, Epock_CycleLoss:0.03679152005524547
-------------
Epoch 379/500
-------------
（train）
-------------
epoch 379 || Epoch_Loss:270.636727227105, Epoch_FlowLoss:270.60367612485527, Epock_CycleLoss:0.03305158757225231
-------------
Epoch 380/500
-------------
（train）
-------------
epoch 380 || Epoch_Loss:270.43047982675057, Epoch_FlowLoss:270.39358350965716, Epock_CycleLoss:0.036896493561841825
-------------
Epoch 381/500
-------------
（train）
-------------
epoch 381 || Epoch_Loss:270.4695112440321, Epoch_FlowLoss:270.4325103759765, Epock_CycleLoss:0.03699975653930947
-------------
Epoch 382/500
-------------
（train）
-------------
epoch 382 || Epoch_Loss:270.4762553462275, Epoch_FlowLoss:270.43659294976135, Epock_CycleLoss:0.039661639370024204
-------------
Epoch 383/500
-------------
（train）
-------------
epoch 383 || Epoch_Loss:270.491145098651, Epoch_FlowLoss:270.4558325873481, Epock_CycleLoss:0.035311631444427706
-------------
Epoch 384/500
-------------
（train）
-------------
epoch 384 || Epoch_Loss:270.40761876989296, Epoch_FlowLoss:270.36873626708984, Epock_CycleLoss:0.03887975367682951
-------------
Epoch 385/500
-------------
（train）
-------------
epoch 385 || Epoch_Loss:270.2010520652488, Epoch_FlowLoss:270.16234334309894, Epock_CycleLoss:0.038707445065180465
-------------
Epoch 386/500
-------------
（train）
-------------
epoch 386 || Epoch_Loss:270.2368802671079, Epoch_FlowLoss:270.1963054515698, Epock_CycleLoss:0.04057281409148817
-------------
Epoch 387/500
-------------
（train）
-------------
epoch 387 || Epoch_Loss:270.2345694082755, Epoch_FlowLoss:270.19438001844617, Epock_CycleLoss:0.04018913568169981
-------------
Epoch 388/500
-------------
（train）
-------------
epoch 388 || Epoch_Loss:270.32548353407117, Epoch_FlowLoss:270.2836688006366, Epock_CycleLoss:0.04181473440042247
-------------
Epoch 389/500
-------------
（train）
-------------
epoch 389 || Epoch_Loss:270.2686586733217, Epoch_FlowLoss:270.2287072075738, Epock_CycleLoss:0.03995088708621484
-------------
Epoch 390/500
-------------
（train）
-------------
epoch 390 || Epoch_Loss:270.0483808164243, Epoch_FlowLoss:270.00817305953416, Epock_CycleLoss:0.04021053043780503
-------------
Epoch 391/500
-------------
（train）
-------------
epoch 391 || Epoch_Loss:270.10231583206746, Epoch_FlowLoss:270.05884806315106, Epock_CycleLoss:0.043467389350688015
-------------
Epoch 392/500
-------------
（train）
-------------
epoch 392 || Epoch_Loss:270.3652270281756, Epoch_FlowLoss:270.3260215476707, Epock_CycleLoss:0.039205849998527095
-------------
Epoch 393/500
-------------
（train）
-------------
epoch 393 || Epoch_Loss:270.64941773591215, Epoch_FlowLoss:270.6089282565647, Epock_CycleLoss:0.04048816376814136
-------------
Epoch 394/500
-------------
（train）
-------------
epoch 394 || Epoch_Loss:270.4335194340459, Epoch_FlowLoss:270.3934337474682, Epock_CycleLoss:0.04008443184472896
-------------
Epoch 395/500
-------------
（train）
-------------
epoch 395 || Epoch_Loss:270.2744674682618, Epoch_FlowLoss:270.23367761682584, Epock_CycleLoss:0.04078932465226561
-------------
Epoch 396/500
-------------
（train）
-------------
epoch 396 || Epoch_Loss:270.1734480681243, Epoch_FlowLoss:270.13323748553245, Epock_CycleLoss:0.040211051288578235
-------------
Epoch 397/500
-------------
（train）
-------------
epoch 397 || Epoch_Loss:270.26019202338324, Epoch_FlowLoss:270.2201413755064, Epock_CycleLoss:0.04005008701373031
-------------
Epoch 398/500
-------------
（train）
-------------
epoch 398 || Epoch_Loss:270.6083546391241, Epoch_FlowLoss:270.5678106237341, Epock_CycleLoss:0.04054344680022311
-------------
Epoch 399/500
-------------
（train）
-------------
epoch 399 || Epoch_Loss:270.0099416662145, Epoch_FlowLoss:269.96560753716363, Epock_CycleLoss:0.044335881868998214
-------------
Epoch 400/500
-------------
（train）
-------------
epoch 400 || Epoch_Loss:270.1674790558992, Epoch_FlowLoss:270.1274080629702, Epock_CycleLoss:0.040071164982186415
-------------
Epoch 401/500
-------------
（train）
-------------
epoch 401 || Epoch_Loss:270.0865876939561, Epoch_FlowLoss:270.044322543674, Epock_CycleLoss:0.04226525596998356
-------------
Epoch 402/500
-------------
（train）
-------------
epoch 402 || Epoch_Loss:270.3801933571144, Epoch_FlowLoss:270.33871686017073, Epock_CycleLoss:0.04147812392976549
-------------
Epoch 403/500
-------------
（train）
-------------
epoch 403 || Epoch_Loss:270.34218908239296, Epoch_FlowLoss:270.299259327076, Epock_CycleLoss:0.04292496210998959
-------------
Epoch 404/500
-------------
（train）
-------------
epoch 404 || Epoch_Loss:270.35455520064744, Epoch_FlowLoss:270.313809995298, Epock_CycleLoss:0.040742340325205434
-------------
Epoch 405/500
-------------
（train）
-------------
epoch 405 || Epoch_Loss:270.18154229058155, Epoch_FlowLoss:270.13743817364724, Epock_CycleLoss:0.044103495431719
-------------
Epoch 406/500
-------------
（train）
-------------
epoch 406 || Epoch_Loss:271.0112095585576, Epoch_FlowLoss:270.9768671106409, Epock_CycleLoss:0.03434273000392648
-------------
Epoch 407/500
-------------
（train）
-------------
epoch 407 || Epoch_Loss:270.2200492576316, Epoch_FlowLoss:270.18097262912323, Epock_CycleLoss:0.03907563475271066
-------------
Epoch 408/500
-------------
（train）
-------------
epoch 408 || Epoch_Loss:270.287890681514, Epoch_FlowLoss:270.24478318956164, Epock_CycleLoss:0.04310523346066475
-------------
Epoch 409/500
-------------
（train）
-------------
epoch 409 || Epoch_Loss:270.0177278871889, Epoch_FlowLoss:269.9761199951172, Epock_CycleLoss:0.04160979583307548
-------------
Epoch 410/500
-------------
（train）
-------------
epoch 410 || Epoch_Loss:270.1289842393663, Epoch_FlowLoss:270.08515704119645, Epock_CycleLoss:0.04382602346164209
-------------
Epoch 411/500
-------------
（train）
-------------
epoch 411 || Epoch_Loss:270.2008672643591, Epoch_FlowLoss:270.1560996726707, Epock_CycleLoss:0.044766834626595184
-------------
Epoch 412/500
-------------
（train）
-------------
epoch 412 || Epoch_Loss:270.18861502188224, Epoch_FlowLoss:270.1486234311704, Epock_CycleLoss:0.039993506200887534
-------------
Epoch 413/500
-------------
（train）
-------------
epoch 413 || Epoch_Loss:270.17105554651334, Epoch_FlowLoss:270.12781552915214, Epock_CycleLoss:0.043238869971699186
-------------
Epoch 414/500
-------------
（train）
-------------
epoch 414 || Epoch_Loss:270.3212045740198, Epoch_FlowLoss:270.27718494556564, Epock_CycleLoss:0.04402009211480618
-------------
Epoch 415/500
-------------
（train）
-------------
epoch 415 || Epoch_Loss:270.2534527248807, Epoch_FlowLoss:270.2077226992006, Epock_CycleLoss:0.045728591581185654
-------------
Epoch 416/500
-------------
（train）
-------------
epoch 416 || Epoch_Loss:270.357771979438, Epoch_FlowLoss:270.3192068029333, Epock_CycleLoss:0.03856533751995476
-------------
Epoch 417/500
-------------
（train）
-------------
epoch 417 || Epoch_Loss:270.30501358597365, Epoch_FlowLoss:270.2621352584274, Epock_CycleLoss:0.04287959517980064
-------------
Epoch 418/500
-------------
（train）
-------------
epoch 418 || Epoch_Loss:269.92866035744004, Epoch_FlowLoss:269.88851250542535, Epock_CycleLoss:0.04014729342802808
-------------
Epoch 419/500
-------------
（train）
-------------
epoch 419 || Epoch_Loss:270.2411592271593, Epoch_FlowLoss:270.1947891800491, Epock_CycleLoss:0.04636994452664146
-------------
Epoch 420/500
-------------
（train）
-------------
epoch 420 || Epoch_Loss:270.4027051572446, Epoch_FlowLoss:270.3612577650282, Epock_CycleLoss:0.04144719277543049
-------------
Epoch 421/500
-------------
（train）
-------------
epoch 421 || Epoch_Loss:271.7772018997757, Epoch_FlowLoss:271.74355740017364, Epock_CycleLoss:0.0336466422304511
-------------
Epoch 422/500
-------------
（train）
-------------
epoch 422 || Epoch_Loss:270.8257621482567, Epoch_FlowLoss:270.79335163257747, Epock_CycleLoss:0.032411539237256405
-------------
Epoch 423/500
-------------
（train）
-------------
epoch 423 || Epoch_Loss:270.4356587727864, Epoch_FlowLoss:270.3975880940755, Epock_CycleLoss:0.03807178732973558
-------------
Epoch 424/500
-------------
（train）
-------------
epoch 424 || Epoch_Loss:270.1119452582465, Epoch_FlowLoss:270.06992311830874, Epock_CycleLoss:0.04201972512183366
-------------
Epoch 425/500
-------------
（train）
-------------
epoch 425 || Epoch_Loss:270.0499903361003, Epoch_FlowLoss:270.0082312689887, Epock_CycleLoss:0.041761095877046926
-------------
Epoch 426/500
-------------
（train）
-------------
epoch 426 || Epoch_Loss:270.02845735903134, Epoch_FlowLoss:269.9833797878689, Epock_CycleLoss:0.04507943173801458
-------------
Epoch 427/500
-------------
（train）
-------------
epoch 427 || Epoch_Loss:270.1978714554399, Epoch_FlowLoss:270.152345445421, Epock_CycleLoss:0.045527028195835935
-------------
Epoch 428/500
-------------
（train）
-------------
epoch 428 || Epoch_Loss:270.12159898546014, Epoch_FlowLoss:270.0808017871998, Epock_CycleLoss:0.040796821730004415
-------------
Epoch 429/500
-------------
（train）
-------------
epoch 429 || Epoch_Loss:270.31398744936337, Epoch_FlowLoss:270.26929784704146, Epock_CycleLoss:0.04468994477280864
-------------
Epoch 430/500
-------------
（train）
-------------
epoch 430 || Epoch_Loss:270.00320123743126, Epoch_FlowLoss:269.9619137799298, Epock_CycleLoss:0.04128650217144577
-------------
Epoch 431/500
-------------
（train）
-------------
epoch 431 || Epoch_Loss:270.3405880398221, Epoch_FlowLoss:270.2953092787001, Epock_CycleLoss:0.04527691241215777
-------------
Epoch 432/500
-------------
（train）
-------------
epoch 432 || Epoch_Loss:270.1862117626049, Epoch_FlowLoss:270.14475900155526, Epock_CycleLoss:0.04145243474178844
-------------
Epoch 433/500
-------------
（train）
-------------
epoch 433 || Epoch_Loss:270.32369034378615, Epoch_FlowLoss:270.2813991970486, Epock_CycleLoss:0.04229138446626839
-------------
Epoch 434/500
-------------
（train）
-------------
epoch 434 || Epoch_Loss:270.2083494398329, Epoch_FlowLoss:270.16259483054836, Epock_CycleLoss:0.04575549176445713
-------------
Epoch 435/500
-------------
（train）
-------------
epoch 435 || Epoch_Loss:270.12404491283274, Epoch_FlowLoss:270.0805409749349, Epock_CycleLoss:0.04350283424611446
-------------
Epoch 436/500
-------------
（train）
-------------
epoch 436 || Epoch_Loss:270.1777338098597, Epoch_FlowLoss:270.1330360130027, Epock_CycleLoss:0.0446982398905136
-------------
Epoch 437/500
-------------
（train）
-------------
epoch 437 || Epoch_Loss:269.99590329770683, Epoch_FlowLoss:269.9542258933739, Epock_CycleLoss:0.04167578079634242
-------------
Epoch 438/500
-------------
（train）
-------------
epoch 438 || Epoch_Loss:270.26293606228296, Epoch_FlowLoss:270.21715743453416, Epock_CycleLoss:0.04577946835369977
-------------
Epoch 439/500
-------------
（train）
-------------
epoch 439 || Epoch_Loss:270.02695888943146, Epoch_FlowLoss:269.98454454210065, Epock_CycleLoss:0.04241588946293902
-------------
Epoch 440/500
-------------
（train）
-------------
epoch 440 || Epoch_Loss:270.2111841837565, Epoch_FlowLoss:270.1652504249855, Epock_CycleLoss:0.04593516079088052
-------------
Epoch 441/500
-------------
（train）
-------------
epoch 441 || Epoch_Loss:270.2289688675492, Epoch_FlowLoss:270.1880544026693, Epock_CycleLoss:0.040912521934067754
-------------
Epoch 442/500
-------------
（train）
-------------
epoch 442 || Epoch_Loss:270.2374996609158, Epoch_FlowLoss:270.1919024432147, Epock_CycleLoss:0.04559917168484793
-------------
Epoch 443/500
-------------
（train）
-------------
epoch 443 || Epoch_Loss:270.3503304940683, Epoch_FlowLoss:270.30986475061485, Epock_CycleLoss:0.04046973448108744
-------------
Epoch 444/500
-------------
（train）
-------------
epoch 444 || Epoch_Loss:269.91478051079645, Epoch_FlowLoss:269.87491183810766, Epock_CycleLoss:0.03987244233764983
-------------
Epoch 445/500
-------------
（train）
-------------
epoch 445 || Epoch_Loss:270.2610434072989, Epoch_FlowLoss:270.21625518798834, Epock_CycleLoss:0.04478632486252874
-------------
Epoch 446/500
-------------
（train）
-------------
epoch 446 || Epoch_Loss:270.1070641411675, Epoch_FlowLoss:270.060230396412, Epock_CycleLoss:0.04683516215946939
-------------
Epoch 447/500
-------------
（train）
-------------
epoch 447 || Epoch_Loss:270.0569825349031, Epoch_FlowLoss:270.0127249823676, Epock_CycleLoss:0.04425614589342365
-------------
Epoch 448/500
-------------
（train）
-------------
epoch 448 || Epoch_Loss:270.17365293149595, Epoch_FlowLoss:270.127446492513, Epock_CycleLoss:0.04620272183307895
-------------
Epoch 449/500
-------------
（train）
-------------
epoch 449 || Epoch_Loss:270.83783241554545, Epoch_FlowLoss:270.7972968772606, Epock_CycleLoss:0.04053575442069107
-------------
Epoch 450/500
-------------
（train）
-------------
epoch 450 || Epoch_Loss:274.03783105920866, Epoch_FlowLoss:274.0157510262948, Epock_CycleLoss:0.02207926246854994
-------------
Epoch 451/500
-------------
（train）
-------------
epoch 451 || Epoch_Loss:271.9436546608254, Epoch_FlowLoss:271.92708389847365, Epock_CycleLoss:0.016569987387844817
-------------
Epoch 452/500
-------------
（train）
-------------
epoch 452 || Epoch_Loss:270.9119531136972, Epoch_FlowLoss:270.8876461452909, Epock_CycleLoss:0.024309145838574128
-------------
Epoch 453/500
-------------
（train）
-------------
epoch 453 || Epoch_Loss:270.57375194408274, Epoch_FlowLoss:270.5402035183376, Epock_CycleLoss:0.03354609661080219
-------------
Epoch 454/500
-------------
（train）
-------------
epoch 454 || Epoch_Loss:270.1851303665726, Epoch_FlowLoss:270.1507893315067, Epock_CycleLoss:0.034338869775335
-------------
Epoch 455/500
-------------
（train）
-------------
epoch 455 || Epoch_Loss:270.4164906254521, Epoch_FlowLoss:270.37734278926143, Epock_CycleLoss:0.03914759204619459
-------------
Epoch 456/500
-------------
（train）
-------------
epoch 456 || Epoch_Loss:269.9452768961588, Epoch_FlowLoss:269.90600246853296, Epock_CycleLoss:0.03927256429085024
-------------
Epoch 457/500
-------------
（train）
-------------
epoch 457 || Epoch_Loss:270.2618439285843, Epoch_FlowLoss:270.22077376754197, Epock_CycleLoss:0.04106906311655485
-------------
Epoch 458/500
-------------
（train）
-------------
epoch 458 || Epoch_Loss:271.74339096634475, Epoch_FlowLoss:271.71401977539057, Epock_CycleLoss:0.02937320661213663
-------------
Epoch 459/500
-------------
（train）
-------------
epoch 459 || Epoch_Loss:270.31310696072046, Epoch_FlowLoss:270.275718971535, Epock_CycleLoss:0.03738530314768906
-------------
Epoch 460/500
-------------
（train）
-------------
epoch 460 || Epoch_Loss:270.1974552295827, Epoch_FlowLoss:270.155936912254, Epock_CycleLoss:0.041519341921364805
-------------
Epoch 461/500
-------------
（train）
-------------
epoch 461 || Epoch_Loss:269.8967415138527, Epoch_FlowLoss:269.85815373173466, Epock_CycleLoss:0.03858531528600939
-------------
Epoch 462/500
-------------
（train）
-------------
epoch 462 || Epoch_Loss:270.2437308982566, Epoch_FlowLoss:270.1997386791088, Epock_CycleLoss:0.04399278076986471
-------------
Epoch 463/500
-------------
（train）
-------------
epoch 463 || Epoch_Loss:270.3220898663556, Epoch_FlowLoss:270.28034294976123, Epock_CycleLoss:0.04174456935099982
-------------
Epoch 464/500
-------------
（train）
-------------
epoch 464 || Epoch_Loss:269.89912951434104, Epoch_FlowLoss:269.85800170898443, Epock_CycleLoss:0.04112912714481354
-------------
Epoch 465/500
-------------
（train）
-------------
epoch 465 || Epoch_Loss:270.1423661973741, Epoch_FlowLoss:270.09968171296293, Epock_CycleLoss:0.04268487404893945
-------------
Epoch 466/500
-------------
（train）
-------------
epoch 466 || Epoch_Loss:270.17074726246017, Epoch_FlowLoss:270.1272297611943, Epock_CycleLoss:0.04351758418811692
-------------
Epoch 467/500
-------------
（train）
-------------
epoch 467 || Epoch_Loss:270.2733719437211, Epoch_FlowLoss:270.23204549153644, Epock_CycleLoss:0.04132698434922429
-------------
Epoch 468/500
-------------
（train）
-------------
epoch 468 || Epoch_Loss:270.1992845888492, Epoch_FlowLoss:270.1581539577908, Epock_CycleLoss:0.041128600361170595
-------------
Epoch 469/500
-------------
（train）
-------------
epoch 469 || Epoch_Loss:270.03029208713104, Epoch_FlowLoss:269.98856947157117, Epock_CycleLoss:0.04172191051421342
-------------
Epoch 470/500
-------------
（train）
-------------
epoch 470 || Epoch_Loss:270.2332563047056, Epoch_FlowLoss:270.19120336461947, Epock_CycleLoss:0.04205285626705045
-------------
Epoch 471/500
-------------
（train）
-------------
epoch 471 || Epoch_Loss:270.25558867277914, Epoch_FlowLoss:270.2113435533311, Epock_CycleLoss:0.04424483163489236
-------------
Epoch 472/500
-------------
（train）
-------------
epoch 472 || Epoch_Loss:269.9534683227539, Epoch_FlowLoss:269.9126428674768, Epock_CycleLoss:0.04082558483437254
-------------
Epoch 473/500
-------------
（train）
-------------
epoch 473 || Epoch_Loss:270.0171853524667, Epoch_FlowLoss:269.9752674809209, Epock_CycleLoss:0.04191640474730067
-------------
Epoch 474/500
-------------
（train）
-------------
epoch 474 || Epoch_Loss:270.4699865270544, Epoch_FlowLoss:270.4260022198712, Epock_CycleLoss:0.043984738282031484
-------------
Epoch 475/500
-------------
（train）
-------------
epoch 475 || Epoch_Loss:270.1448553579824, Epoch_FlowLoss:270.1020151774089, Epock_CycleLoss:0.042841104031712936
-------------
Epoch 476/500
-------------
（train）
-------------
epoch 476 || Epoch_Loss:270.1083619859484, Epoch_FlowLoss:270.0646387736003, Epock_CycleLoss:0.04372201294258789
-------------
Epoch 477/500
-------------
（train）
-------------
epoch 477 || Epoch_Loss:270.07564827247904, Epoch_FlowLoss:270.03586832682294, Epock_CycleLoss:0.03978018448860557
-------------
Epoch 478/500
-------------
（train）
-------------
epoch 478 || Epoch_Loss:270.1597182662399, Epoch_FlowLoss:270.11428437409575, Epock_CycleLoss:0.045437766308033915
-------------
Epoch 479/500
-------------
（train）
-------------
epoch 479 || Epoch_Loss:270.1079126993814, Epoch_FlowLoss:270.0633886831778, Epock_CycleLoss:0.044525398010457
-------------
Epoch 480/500
-------------
（train）
-------------
epoch 480 || Epoch_Loss:270.149082325123, Epoch_FlowLoss:270.1055320457176, Epock_CycleLoss:0.04354722549517948
-------------
Epoch 481/500
-------------
（train）
-------------
epoch 481 || Epoch_Loss:269.95770913583266, Epoch_FlowLoss:269.9148895828813, Epock_CycleLoss:0.04282109342791417
-------------
Epoch 482/500
-------------
（train）
-------------
epoch 482 || Epoch_Loss:270.14507321958195, Epoch_FlowLoss:270.10145427562577, Epock_CycleLoss:0.04362059453571284
-------------
Epoch 483/500
-------------
（train）
-------------
epoch 483 || Epoch_Loss:270.0125885009765, Epoch_FlowLoss:269.9708398889612, Epock_CycleLoss:0.04174859683822702
-------------
Epoch 484/500
-------------
（train）
-------------
epoch 484 || Epoch_Loss:270.154165479872, Epoch_FlowLoss:270.11247564245156, Epock_CycleLoss:0.04168760417788118
-------------
Epoch 485/500
-------------
（train）
-------------
epoch 485 || Epoch_Loss:270.18213144938153, Epoch_FlowLoss:270.1354081895616, Epock_CycleLoss:0.04672423294848866
-------------
Epoch 486/500
-------------
（train）
-------------
epoch 486 || Epoch_Loss:270.0468300713433, Epoch_FlowLoss:270.00373981617116, Epock_CycleLoss:0.04309065284690372
-------------
Epoch 487/500
-------------
（train）
-------------
epoch 487 || Epoch_Loss:270.0690044826932, Epoch_FlowLoss:270.0254804823134, Epock_CycleLoss:0.04352304063461444
-------------
Epoch 488/500
-------------
（train）
-------------
epoch 488 || Epoch_Loss:269.90088286223244, Epoch_FlowLoss:269.85746030454277, Epock_CycleLoss:0.04342137346113171
-------------
Epoch 489/500
-------------
（train）
-------------
epoch 489 || Epoch_Loss:270.46717410617407, Epoch_FlowLoss:270.4262446650752, Epock_CycleLoss:0.04093168303370477
-------------
Epoch 490/500
-------------
（train）
-------------
epoch 490 || Epoch_Loss:270.1718484384042, Epoch_FlowLoss:270.12869121410233, Epock_CycleLoss:0.04315806359604552
-------------
Epoch 491/500
-------------
（train）
-------------
epoch 491 || Epoch_Loss:270.1759717022931, Epoch_FlowLoss:270.1332680031105, Epock_CycleLoss:0.04270426377102181
-------------
Epoch 492/500
-------------
（train）
-------------
epoch 492 || Epoch_Loss:270.0124265882704, Epoch_FlowLoss:269.96736738416877, Epock_CycleLoss:0.04506259190815467
-------------
Epoch 493/500
-------------
（train）
-------------
epoch 493 || Epoch_Loss:270.2265740853768, Epoch_FlowLoss:270.1837525544343, Epock_CycleLoss:0.04282209477214902
-------------
Epoch 494/500
-------------
（train）
-------------
epoch 494 || Epoch_Loss:270.26173937762223, Epoch_FlowLoss:270.219568323206, Epock_CycleLoss:0.04216939535129952
-------------
Epoch 495/500
-------------
（train）
-------------
epoch 495 || Epoch_Loss:271.9072443644206, Epoch_FlowLoss:271.88022754810476, Epock_CycleLoss:0.02701624896791245
-------------
Epoch 496/500
-------------
（train）
-------------
epoch 496 || Epoch_Loss:270.6994388721607, Epoch_FlowLoss:270.663542288321, Epock_CycleLoss:0.03589599034576504
-------------
Epoch 497/500
-------------
（train）
-------------
epoch 497 || Epoch_Loss:270.530485647696, Epoch_FlowLoss:270.4907862345378, Epock_CycleLoss:0.039699938286233825
-------------
Epoch 498/500
-------------
（train）
-------------
epoch 498 || Epoch_Loss:270.72337115252463, Epoch_FlowLoss:270.6839571352358, Epock_CycleLoss:0.03941301049457656
-------------
Epoch 499/500
-------------
（train）
-------------
epoch 499 || Epoch_Loss:270.12291661015263, Epoch_FlowLoss:270.08275519476996, Epock_CycleLoss:0.04016022197902202
-------------
Epoch 500/500
-------------
（train）
-------------
epoch 500 || Epoch_Loss:270.26309825755936, Epoch_FlowLoss:270.2187692147713, Epock_CycleLoss:0.044329085835704087
Training Done!!
